{"D:\\PROTOTIPE\\Plantillas Core\\App Ventas\\src\\components\\admin\\orders\\OrderDeliveryPanel.jsx": {"path":"D:\\PROTOTIPE\\Plantillas Core\\App Ventas\\src\\components\\admin\\orders\\OrderDeliveryPanel.jsx","statementMap":{"0":{"start":{"line":33,"column":21},"end":{"line":41,"column":null}},"1":{"start":{"line":43,"column":19},"end":{"line":49,"column":null}},"2":{"start":{"line":53,"column":22},"end":{"line":53,"column":null}},"3":{"start":{"line":54,"column":2},"end":{"line":104,"column":null}},"4":{"start":{"line":60,"column":24},"end":{"line":60,"column":68}},"5":{"start":{"line":60,"column":58},"end":{"line":60,"column":68}},"6":{"start":{"line":67,"column":24},"end":{"line":67,"column":null}},"7":{"start":{"line":84,"column":29},"end":{"line":84,"column":null}},"8":{"start":{"line":95,"column":29},"end":{"line":95,"column":null}},"9":{"start":{"line":110,"column":27},"end":{"line":110,"column":null}},"10":{"start":{"line":111,"column":20},"end":{"line":111,"column":null}},"11":{"start":{"line":112,"column":13},"end":{"line":112,"column":null}},"12":{"start":{"line":113,"column":19},"end":{"line":113,"column":null}},"13":{"start":{"line":115,"column":30},"end":{"line":115,"column":null}},"14":{"start":{"line":116,"column":32},"end":{"line":116,"column":null}},"15":{"start":{"line":117,"column":32},"end":{"line":117,"column":null}},"16":{"start":{"line":118,"column":28},"end":{"line":118,"column":null}},"17":{"start":{"line":119,"column":22},"end":{"line":119,"column":null}},"18":{"start":{"line":120,"column":26},"end":{"line":120,"column":null}},"19":{"start":{"line":121,"column":32},"end":{"line":121,"column":null}},"20":{"start":{"line":122,"column":36},"end":{"line":122,"column":null}},"21":{"start":{"line":125,"column":2},"end":{"line":148,"column":null}},"22":{"start":{"line":126,"column":20},"end":{"line":126,"column":null}},"23":{"start":{"line":127,"column":17},"end":{"line":145,"column":null}},"24":{"start":{"line":128,"column":6},"end":{"line":128,"column":null}},"25":{"start":{"line":129,"column":6},"end":{"line":144,"column":null}},"26":{"start":{"line":130,"column":32},"end":{"line":134,"column":null}},"27":{"start":{"line":135,"column":8},"end":{"line":139,"column":null}},"28":{"start":{"line":136,"column":10},"end":{"line":136,"column":null}},"29":{"start":{"line":137,"column":10},"end":{"line":137,"column":null}},"30":{"start":{"line":138,"column":10},"end":{"line":138,"column":null}},"31":{"start":{"line":141,"column":8},"end":{"line":141,"column":null}},"32":{"start":{"line":143,"column":8},"end":{"line":143,"column":null}},"33":{"start":{"line":143,"column":24},"end":{"line":143,"column":null}},"34":{"start":{"line":146,"column":4},"end":{"line":146,"column":null}},"35":{"start":{"line":147,"column":4},"end":{"line":147,"column":null}},"36":{"start":{"line":147,"column":19},"end":{"line":147,"column":36}},"37":{"start":{"line":151,"column":8},"end":{"line":183,"column":null}},"38":{"start":{"line":152,"column":4},"end":{"line":152,"column":null}},"39":{"start":{"line":153,"column":4},"end":{"line":182,"column":null}},"40":{"start":{"line":154,"column":6},"end":{"line":175,"column":null}},"41":{"start":{"line":156,"column":8},"end":{"line":168,"column":null}},"42":{"start":{"line":164,"column":47},"end":{"line":164,"column":90}},"43":{"start":{"line":170,"column":8},"end":{"line":174,"column":null}},"44":{"start":{"line":176,"column":22},"end":{"line":176,"column":null}},"45":{"start":{"line":177,"column":6},"end":{"line":177,"column":null}},"46":{"start":{"line":179,"column":6},"end":{"line":179,"column":null}},"47":{"start":{"line":181,"column":6},"end":{"line":181,"column":null}},"48":{"start":{"line":186,"column":8},"end":{"line":195,"column":null}},"49":{"start":{"line":187,"column":4},"end":{"line":187,"column":null}},"50":{"start":{"line":187,"column":19},"end":{"line":187,"column":null}},"51":{"start":{"line":188,"column":4},"end":{"line":188,"column":null}},"52":{"start":{"line":189,"column":4},"end":{"line":194,"column":null}},"53":{"start":{"line":190,"column":6},"end":{"line":190,"column":null}},"54":{"start":{"line":191,"column":22},"end":{"line":191,"column":null}},"55":{"start":{"line":192,"column":6},"end":{"line":192,"column":null}},"56":{"start":{"line":193,"column":18},"end":{"line":193,"column":35}},"57":{"start":{"line":194,"column":14},"end":{"line":194,"column":29}},"58":{"start":{"line":198,"column":8},"end":{"line":224,"column":null}},"59":{"start":{"line":199,"column":4},"end":{"line":202,"column":null}},"60":{"start":{"line":200,"column":6},"end":{"line":200,"column":null}},"61":{"start":{"line":201,"column":6},"end":{"line":201,"column":null}},"62":{"start":{"line":203,"column":4},"end":{"line":203,"column":null}},"63":{"start":{"line":204,"column":4},"end":{"line":223,"column":null}},"64":{"start":{"line":205,"column":6},"end":{"line":217,"column":null}},"65":{"start":{"line":206,"column":8},"end":{"line":216,"column":null}},"66":{"start":{"line":212,"column":47},"end":{"line":212,"column":90}},"67":{"start":{"line":218,"column":6},"end":{"line":218,"column":null}},"68":{"start":{"line":219,"column":22},"end":{"line":219,"column":null}},"69":{"start":{"line":220,"column":6},"end":{"line":220,"column":null}},"70":{"start":{"line":221,"column":6},"end":{"line":221,"column":null}},"71":{"start":{"line":222,"column":18},"end":{"line":222,"column":35}},"72":{"start":{"line":223,"column":14},"end":{"line":223,"column":29}},"73":{"start":{"line":227,"column":27},"end":{"line":236,"column":null}},"74":{"start":{"line":228,"column":4},"end":{"line":228,"column":null}},"75":{"start":{"line":228,"column":19},"end":{"line":228,"column":null}},"76":{"start":{"line":229,"column":4},"end":{"line":231,"column":null}},"77":{"start":{"line":230,"column":6},"end":{"line":230,"column":null}},"78":{"start":{"line":230,"column":33},"end":{"line":230,"column":62}},"79":{"start":{"line":232,"column":4},"end":{"line":234,"column":null}},"80":{"start":{"line":233,"column":6},"end":{"line":233,"column":null}},"81":{"start":{"line":233,"column":33},"end":{"line":233,"column":65}},"82":{"start":{"line":235,"column":4},"end":{"line":235,"column":null}},"83":{"start":{"line":238,"column":20},"end":{"line":238,"column":null}},"84":{"start":{"line":240,"column":24},"end":{"line":243,"column":null}},"85":{"start":{"line":241,"column":18},"end":{"line":241,"column":null}},"86":{"start":{"line":242,"column":4},"end":{"line":242,"column":null}},"87":{"start":{"line":242,"column":15},"end":{"line":242,"column":null}},"88":{"start":{"line":245,"column":22},"end":{"line":254,"column":null}},"89":{"start":{"line":246,"column":8},"end":{"line":246,"column":null}},"90":{"start":{"line":247,"column":4},"end":{"line":253,"column":null}},"91":{"start":{"line":248,"column":6},"end":{"line":250,"column":null}},"92":{"start":{"line":249,"column":8},"end":{"line":249,"column":null}},"93":{"start":{"line":251,"column":12},"end":{"line":251,"column":null}},"94":{"start":{"line":252,"column":6},"end":{"line":252,"column":null}},"95":{"start":{"line":256,"column":22},"end":{"line":262,"column":null}},"96":{"start":{"line":257,"column":10},"end":{"line":257,"column":null}},"97":{"start":{"line":258,"column":4},"end":{"line":261,"column":null}},"98":{"start":{"line":259,"column":6},"end":{"line":259,"column":null}},"99":{"start":{"line":260,"column":6},"end":{"line":260,"column":null}},"100":{"start":{"line":260,"column":23},"end":{"line":260,"column":41}},"101":{"start":{"line":264,"column":23},"end":{"line":264,"column":null}},"102":{"start":{"line":265,"column":23},"end":{"line":265,"column":null}},"103":{"start":{"line":267,"column":2},"end":{"line":273,"column":null}},"104":{"start":{"line":268,"column":4},"end":{"line":271,"column":null}},"105":{"start":{"line":275,"column":2},"end":{"line":479,"column":null}},"106":{"start":{"line":347,"column":22},"end":{"line":359,"column":null}},"107":{"start":{"line":349,"column":39},"end":{"line":349,"column":null}},"108":{"start":{"line":370,"column":22},"end":{"line":388,"column":null}},"109":{"start":{"line":372,"column":39},"end":{"line":372,"column":null}},"110":{"start":{"line":403,"column":35},"end":{"line":403,"column":null}},"111":{"start":{"line":412,"column":33},"end":{"line":412,"column":null}},"112":{"start":{"line":419,"column":33},"end":{"line":419,"column":null}},"113":{"start":{"line":443,"column":31},"end":{"line":443,"column":null}},"114":{"start":{"line":443,"column":51},"end":{"line":443,"column":53}},"115":{"start":{"line":454,"column":24},"end":{"line":458,"column":null}},"116":{"start":{"line":474,"column":27},"end":{"line":474,"column":null}},"117":{"start":{"line":475,"column":33},"end":{"line":475,"column":null}}},"fnMap":{"0":{"name":"FailNoteModal","decl":{"start":{"line":52,"column":9},"end":{"line":52,"column":23}},"loc":{"start":{"line":52,"column":55},"end":{"line":106,"column":null}},"line":52},"1":{"name":"(anonymous_1)","decl":{"start":{"line":60,"column":15},"end":{"line":60,"column":16}},"loc":{"start":{"line":60,"column":22},"end":{"line":60,"column":null}},"line":60},"2":{"name":"(anonymous_2)","decl":{"start":{"line":67,"column":17},"end":{"line":67,"column":18}},"loc":{"start":{"line":67,"column":24},"end":{"line":67,"column":null}},"line":67},"3":{"name":"(anonymous_3)","decl":{"start":{"line":84,"column":22},"end":{"line":84,"column":23}},"loc":{"start":{"line":84,"column":29},"end":{"line":84,"column":null}},"line":84},"4":{"name":"(anonymous_4)","decl":{"start":{"line":95,"column":23},"end":{"line":95,"column":29}},"loc":{"start":{"line":95,"column":29},"end":{"line":95,"column":null}},"line":95},"5":{"name":"OrderDeliveryPanel","decl":{"start":{"line":109,"column":24},"end":{"line":109,"column":43}},"loc":{"start":{"line":109,"column":54},"end":{"line":481,"column":null}},"line":109},"6":{"name":"(anonymous_6)","decl":{"start":{"line":125,"column":12},"end":{"line":125,"column":18}},"loc":{"start":{"line":125,"column":18},"end":{"line":148,"column":5}},"line":125},"7":{"name":"(anonymous_7)","decl":{"start":{"line":127,"column":17},"end":{"line":127,"column":29}},"loc":{"start":{"line":127,"column":29},"end":{"line":145,"column":null}},"line":127},"8":{"name":"(anonymous_8)","decl":{"start":{"line":147,"column":11},"end":{"line":147,"column":17}},"loc":{"start":{"line":147,"column":17},"end":{"line":147,"column":null}},"line":147},"9":{"name":"(anonymous_9)","decl":{"start":{"line":151,"column":35},"end":{"line":151,"column":42}},"loc":{"start":{"line":151,"column":61},"end":{"line":183,"column":5}},"line":151},"10":{"name":"(anonymous_10)","decl":{"start":{"line":164,"column":41},"end":{"line":164,"column":47}},"loc":{"start":{"line":164,"column":47},"end":{"line":164,"column":90}},"line":164},"11":{"name":"(anonymous_11)","decl":{"start":{"line":186,"column":37},"end":{"line":186,"column":49}},"loc":{"start":{"line":186,"column":49},"end":{"line":195,"column":5}},"line":186},"12":{"name":"(anonymous_12)","decl":{"start":{"line":198,"column":40},"end":{"line":198,"column":47}},"loc":{"start":{"line":198,"column":69},"end":{"line":224,"column":5}},"line":198},"13":{"name":"(anonymous_13)","decl":{"start":{"line":212,"column":41},"end":{"line":212,"column":47}},"loc":{"start":{"line":212,"column":47},"end":{"line":212,"column":90}},"line":212},"14":{"name":"(anonymous_14)","decl":{"start":{"line":227,"column":27},"end":{"line":227,"column":33}},"loc":{"start":{"line":227,"column":33},"end":{"line":236,"column":null}},"line":227},"15":{"name":"(anonymous_15)","decl":{"start":{"line":230,"column":28},"end":{"line":230,"column":33}},"loc":{"start":{"line":230,"column":33},"end":{"line":230,"column":62}},"line":230},"16":{"name":"(anonymous_16)","decl":{"start":{"line":233,"column":28},"end":{"line":233,"column":33}},"loc":{"start":{"line":233,"column":33},"end":{"line":233,"column":65}},"line":233},"17":{"name":"(anonymous_17)","decl":{"start":{"line":240,"column":24},"end":{"line":240,"column":30}},"loc":{"start":{"line":240,"column":30},"end":{"line":243,"column":null}},"line":240},"18":{"name":"(anonymous_18)","decl":{"start":{"line":245,"column":22},"end":{"line":245,"column":28}},"loc":{"start":{"line":245,"column":28},"end":{"line":254,"column":null}},"line":245},"19":{"name":"(anonymous_19)","decl":{"start":{"line":256,"column":22},"end":{"line":256,"column":28}},"loc":{"start":{"line":256,"column":28},"end":{"line":262,"column":null}},"line":256},"20":{"name":"(anonymous_20)","decl":{"start":{"line":258,"column":44},"end":{"line":258,"column":50}},"loc":{"start":{"line":258,"column":50},"end":{"line":261,"column":5}},"line":258},"21":{"name":"(anonymous_21)","decl":{"start":{"line":260,"column":17},"end":{"line":260,"column":23}},"loc":{"start":{"line":260,"column":23},"end":{"line":260,"column":41}},"line":260},"22":{"name":"(anonymous_22)","decl":{"start":{"line":346,"column":35},"end":{"line":346,"column":null}},"loc":{"start":{"line":347,"column":22},"end":{"line":359,"column":null}},"line":347},"23":{"name":"(anonymous_23)","decl":{"start":{"line":349,"column":33},"end":{"line":349,"column":39}},"loc":{"start":{"line":349,"column":39},"end":{"line":349,"column":null}},"line":349},"24":{"name":"(anonymous_24)","decl":{"start":{"line":369,"column":35},"end":{"line":369,"column":null}},"loc":{"start":{"line":370,"column":22},"end":{"line":388,"column":null}},"line":370},"25":{"name":"(anonymous_25)","decl":{"start":{"line":372,"column":33},"end":{"line":372,"column":39}},"loc":{"start":{"line":372,"column":39},"end":{"line":372,"column":null}},"line":372},"26":{"name":"(anonymous_26)","decl":{"start":{"line":403,"column":29},"end":{"line":403,"column":35}},"loc":{"start":{"line":403,"column":35},"end":{"line":403,"column":null}},"line":403},"27":{"name":"(anonymous_27)","decl":{"start":{"line":412,"column":27},"end":{"line":412,"column":33}},"loc":{"start":{"line":412,"column":33},"end":{"line":412,"column":null}},"line":412},"28":{"name":"(anonymous_28)","decl":{"start":{"line":419,"column":27},"end":{"line":419,"column":33}},"loc":{"start":{"line":419,"column":33},"end":{"line":419,"column":null}},"line":419},"29":{"name":"(anonymous_29)","decl":{"start":{"line":443,"column":25},"end":{"line":443,"column":31}},"loc":{"start":{"line":443,"column":31},"end":{"line":443,"column":null}},"line":443},"30":{"name":"(anonymous_30)","decl":{"start":{"line":443,"column":46},"end":{"line":443,"column":51}},"loc":{"start":{"line":443,"column":51},"end":{"line":443,"column":53}},"line":443},"31":{"name":"(anonymous_31)","decl":{"start":{"line":453,"column":59},"end":{"line":453,"column":60}},"loc":{"start":{"line":454,"column":24},"end":{"line":458,"column":null}},"line":454},"32":{"name":"(anonymous_32)","decl":{"start":{"line":474,"column":21},"end":{"line":474,"column":27}},"loc":{"start":{"line":474,"column":27},"end":{"line":474,"column":null}},"line":474},"33":{"name":"(anonymous_33)","decl":{"start":{"line":475,"column":23},"end":{"line":475,"column":24}},"loc":{"start":{"line":475,"column":33},"end":{"line":475,"column":null}},"line":475}},"branchMap":{"0":{"loc":{"start":{"line":60,"column":24},"end":{"line":60,"column":68}},"type":"if","locations":[{"start":{"line":60,"column":24},"end":{"line":60,"column":68}},{"start":{},"end":{}}],"line":60},"1":{"loc":{"start":{"line":73,"column":15},"end":{"line":73,"column":null}},"type":"cond-expr","locations":[{"start":{"line":73,"column":51},"end":{"line":73,"column":71}},{"start":{"line":73,"column":71},"end":{"line":73,"column":null}}],"line":73},"2":{"loc":{"start":{"line":95,"column":29},"end":{"line":95,"column":null}},"type":"binary-expr","locations":[{"start":{"line":95,"column":29},"end":{"line":95,"column":44}},{"start":{"line":95,"column":44},"end":{"line":95,"column":null}}],"line":95},"3":{"loc":{"start":{"line":112,"column":13},"end":{"line":112,"column":null}},"type":"binary-expr","locations":[{"start":{"line":112,"column":13},"end":{"line":112,"column":49}},{"start":{"line":112,"column":49},"end":{"line":112,"column":null}}],"line":112},"4":{"loc":{"start":{"line":113,"column":19},"end":{"line":113,"column":null}},"type":"binary-expr","locations":[{"start":{"line":113,"column":19},"end":{"line":113,"column":43}},{"start":{"line":113,"column":43},"end":{"line":113,"column":null}}],"line":113},"5":{"loc":{"start":{"line":135,"column":8},"end":{"line":139,"column":null}},"type":"if","locations":[{"start":{"line":135,"column":8},"end":{"line":139,"column":null}},{"start":{},"end":{}}],"line":135},"6":{"loc":{"start":{"line":143,"column":8},"end":{"line":143,"column":null}},"type":"if","locations":[{"start":{"line":143,"column":8},"end":{"line":143,"column":null}},{"start":{},"end":{}}],"line":143},"7":{"loc":{"start":{"line":154,"column":6},"end":{"line":175,"column":null}},"type":"if","locations":[{"start":{"line":154,"column":6},"end":{"line":175,"column":null}},{"start":{"line":169,"column":13},"end":{"line":175,"column":null}}],"line":154},"8":{"loc":{"start":{"line":159,"column":25},"end":{"line":159,"column":null}},"type":"binary-expr","locations":[{"start":{"line":159,"column":25},"end":{"line":159,"column":53}},{"start":{"line":159,"column":53},"end":{"line":159,"column":null}}],"line":159},"9":{"loc":{"start":{"line":160,"column":25},"end":{"line":160,"column":null}},"type":"binary-expr","locations":[{"start":{"line":160,"column":25},"end":{"line":160,"column":50}},{"start":{"line":160,"column":50},"end":{"line":160,"column":null}}],"line":160},"10":{"loc":{"start":{"line":161,"column":25},"end":{"line":161,"column":null}},"type":"binary-expr","locations":[{"start":{"line":161,"column":25},"end":{"line":161,"column":51}},{"start":{"line":161,"column":51},"end":{"line":161,"column":null}}],"line":161},"11":{"loc":{"start":{"line":162,"column":26},"end":{"line":162,"column":null}},"type":"cond-expr","locations":[{"start":{"line":162,"column":48},"end":{"line":162,"column":53}},{"start":{"line":162,"column":53},"end":{"line":162,"column":null}}],"line":162},"12":{"loc":{"start":{"line":163,"column":26},"end":{"line":163,"column":null}},"type":"cond-expr","locations":[{"start":{"line":163,"column":48},"end":{"line":163,"column":53}},{"start":{"line":163,"column":53},"end":{"line":163,"column":null}}],"line":163},"13":{"loc":{"start":{"line":164,"column":18},"end":{"line":164,"column":37}},"type":"binary-expr","locations":[{"start":{"line":164,"column":18},"end":{"line":164,"column":33}},{"start":{"line":164,"column":33},"end":{"line":164,"column":37}}],"line":164},"14":{"loc":{"start":{"line":165,"column":17},"end":{"line":165,"column":null}},"type":"binary-expr","locations":[{"start":{"line":165,"column":17},"end":{"line":165,"column":32}},{"start":{"line":165,"column":32},"end":{"line":165,"column":null}}],"line":165},"15":{"loc":{"start":{"line":166,"column":25},"end":{"line":166,"column":null}},"type":"binary-expr","locations":[{"start":{"line":166,"column":25},"end":{"line":166,"column":45}},{"start":{"line":166,"column":45},"end":{"line":166,"column":null}}],"line":166},"16":{"loc":{"start":{"line":167,"column":17},"end":{"line":167,"column":null}},"type":"binary-expr","locations":[{"start":{"line":167,"column":17},"end":{"line":167,"column":32}},{"start":{"line":167,"column":32},"end":{"line":167,"column":null}}],"line":167},"17":{"loc":{"start":{"line":171,"column":26},"end":{"line":171,"column":null}},"type":"cond-expr","locations":[{"start":{"line":171,"column":48},"end":{"line":171,"column":53}},{"start":{"line":171,"column":53},"end":{"line":171,"column":null}}],"line":171},"18":{"loc":{"start":{"line":172,"column":26},"end":{"line":172,"column":null}},"type":"cond-expr","locations":[{"start":{"line":172,"column":48},"end":{"line":172,"column":53}},{"start":{"line":172,"column":53},"end":{"line":172,"column":null}}],"line":172},"19":{"loc":{"start":{"line":187,"column":4},"end":{"line":187,"column":null}},"type":"if","locations":[{"start":{"line":187,"column":4},"end":{"line":187,"column":null}},{"start":{},"end":{}}],"line":187},"20":{"loc":{"start":{"line":198,"column":55},"end":{"line":198,"column":69}},"type":"default-arg","locations":[{"start":{"line":198,"column":62},"end":{"line":198,"column":69}}],"line":198},"21":{"loc":{"start":{"line":199,"column":4},"end":{"line":202,"column":null}},"type":"if","locations":[{"start":{"line":199,"column":4},"end":{"line":202,"column":null}},{"start":{},"end":{}}],"line":199},"22":{"loc":{"start":{"line":199,"column":8},"end":{"line":199,"column":57}},"type":"binary-expr","locations":[{"start":{"line":199,"column":8},"end":{"line":199,"column":21}},{"start":{"line":199,"column":21},"end":{"line":199,"column":57}}],"line":199},"23":{"loc":{"start":{"line":205,"column":6},"end":{"line":217,"column":null}},"type":"if","locations":[{"start":{"line":205,"column":6},"end":{"line":217,"column":null}},{"start":{},"end":{}}],"line":205},"24":{"loc":{"start":{"line":209,"column":23},"end":{"line":209,"column":null}},"type":"binary-expr","locations":[{"start":{"line":209,"column":23},"end":{"line":209,"column":51}},{"start":{"line":209,"column":51},"end":{"line":209,"column":null}}],"line":209},"25":{"loc":{"start":{"line":210,"column":23},"end":{"line":210,"column":null}},"type":"binary-expr","locations":[{"start":{"line":210,"column":23},"end":{"line":210,"column":51}},{"start":{"line":210,"column":51},"end":{"line":210,"column":null}}],"line":210},"26":{"loc":{"start":{"line":211,"column":23},"end":{"line":211,"column":null}},"type":"binary-expr","locations":[{"start":{"line":211,"column":23},"end":{"line":211,"column":51}},{"start":{"line":211,"column":51},"end":{"line":211,"column":null}}],"line":211},"27":{"loc":{"start":{"line":212,"column":18},"end":{"line":212,"column":37}},"type":"binary-expr","locations":[{"start":{"line":212,"column":18},"end":{"line":212,"column":33}},{"start":{"line":212,"column":33},"end":{"line":212,"column":37}}],"line":212},"28":{"loc":{"start":{"line":213,"column":17},"end":{"line":213,"column":null}},"type":"binary-expr","locations":[{"start":{"line":213,"column":17},"end":{"line":213,"column":32}},{"start":{"line":213,"column":32},"end":{"line":213,"column":null}}],"line":213},"29":{"loc":{"start":{"line":214,"column":25},"end":{"line":214,"column":null}},"type":"binary-expr","locations":[{"start":{"line":214,"column":25},"end":{"line":214,"column":45}},{"start":{"line":214,"column":45},"end":{"line":214,"column":null}}],"line":214},"30":{"loc":{"start":{"line":215,"column":17},"end":{"line":215,"column":null}},"type":"binary-expr","locations":[{"start":{"line":215,"column":17},"end":{"line":215,"column":32}},{"start":{"line":215,"column":32},"end":{"line":215,"column":null}}],"line":215},"31":{"loc":{"start":{"line":228,"column":4},"end":{"line":228,"column":null}},"type":"if","locations":[{"start":{"line":228,"column":4},"end":{"line":228,"column":null}},{"start":{},"end":{}}],"line":228},"32":{"loc":{"start":{"line":229,"column":4},"end":{"line":231,"column":null}},"type":"if","locations":[{"start":{"line":229,"column":4},"end":{"line":231,"column":null}},{"start":{},"end":{}}],"line":229},"33":{"loc":{"start":{"line":230,"column":13},"end":{"line":230,"column":null}},"type":"binary-expr","locations":[{"start":{"line":230,"column":13},"end":{"line":230,"column":67}},{"start":{"line":230,"column":67},"end":{"line":230,"column":null}}],"line":230},"34":{"loc":{"start":{"line":232,"column":4},"end":{"line":234,"column":null}},"type":"if","locations":[{"start":{"line":232,"column":4},"end":{"line":234,"column":null}},{"start":{},"end":{}}],"line":232},"35":{"loc":{"start":{"line":233,"column":13},"end":{"line":233,"column":null}},"type":"binary-expr","locations":[{"start":{"line":233,"column":13},"end":{"line":233,"column":70}},{"start":{"line":233,"column":70},"end":{"line":233,"column":null}}],"line":233},"36":{"loc":{"start":{"line":241,"column":18},"end":{"line":241,"column":null}},"type":"binary-expr","locations":[{"start":{"line":241,"column":18},"end":{"line":241,"column":41}},{"start":{"line":241,"column":41},"end":{"line":241,"column":null}}],"line":241},"37":{"loc":{"start":{"line":242,"column":4},"end":{"line":242,"column":null}},"type":"if","locations":[{"start":{"line":242,"column":4},"end":{"line":242,"column":null}},{"start":{},"end":{}}],"line":242},"38":{"loc":{"start":{"line":246,"column":17},"end":{"line":246,"column":64}},"type":"binary-expr","locations":[{"start":{"line":246,"column":17},"end":{"line":246,"column":40}},{"start":{"line":246,"column":40},"end":{"line":246,"column":60}},{"start":{"line":246,"column":60},"end":{"line":246,"column":64}}],"line":246},"39":{"loc":{"start":{"line":247,"column":4},"end":{"line":253,"column":null}},"type":"if","locations":[{"start":{"line":247,"column":4},"end":{"line":253,"column":null}},{"start":{},"end":{}}],"line":247},"40":{"loc":{"start":{"line":248,"column":6},"end":{"line":250,"column":null}},"type":"if","locations":[{"start":{"line":248,"column":6},"end":{"line":250,"column":null}},{"start":{},"end":{}}],"line":248},"41":{"loc":{"start":{"line":264,"column":23},"end":{"line":264,"column":null}},"type":"binary-expr","locations":[{"start":{"line":264,"column":23},"end":{"line":264,"column":43}},{"start":{"line":264,"column":43},"end":{"line":264,"column":null}}],"line":264},"42":{"loc":{"start":{"line":265,"column":23},"end":{"line":265,"column":null}},"type":"binary-expr","locations":[{"start":{"line":265,"column":23},"end":{"line":265,"column":75}},{"start":{"line":265,"column":75},"end":{"line":265,"column":null}}],"line":265},"43":{"loc":{"start":{"line":267,"column":2},"end":{"line":273,"column":null}},"type":"if","locations":[{"start":{"line":267,"column":2},"end":{"line":273,"column":null}},{"start":{},"end":{}}],"line":267},"44":{"loc":{"start":{"line":295,"column":90},"end":{"line":295,"column":122}},"type":"binary-expr","locations":[{"start":{"line":295,"column":90},"end":{"line":295,"column":120}},{"start":{"line":295,"column":120},"end":{"line":295,"column":122}}],"line":295},"45":{"loc":{"start":{"line":296,"column":13},"end":{"line":296,"column":null}},"type":"binary-expr","locations":[{"start":{"line":296,"column":13},"end":{"line":296,"column":52}},{"start":{"line":296,"column":52},"end":{"line":296,"column":null}}],"line":296},"46":{"loc":{"start":{"line":302,"column":11},"end":{"line":393,"column":null}},"type":"cond-expr","locations":[{"start":{"line":303,"column":12},"end":{"line":330,"column":null}},{"start":{"line":333,"column":12},"end":{"line":393,"column":null}}],"line":302},"47":{"loc":{"start":{"line":309,"column":19},"end":{"line":309,"column":null}},"type":"binary-expr","locations":[{"start":{"line":309,"column":19},"end":{"line":309,"column":39}},{"start":{"line":309,"column":39},"end":{"line":309,"column":null}}],"line":309},"48":{"loc":{"start":{"line":312,"column":19},"end":{"line":312,"column":65}},"type":"cond-expr","locations":[{"start":{"line":312,"column":42},"end":{"line":312,"column":55}},{"start":{"line":312,"column":55},"end":{"line":312,"column":65}}],"line":312},"49":{"loc":{"start":{"line":312,"column":69},"end":{"line":312,"column":null}},"type":"binary-expr","locations":[{"start":{"line":312,"column":69},"end":{"line":312,"column":91}},{"start":{"line":312,"column":91},"end":{"line":312,"column":null}}],"line":312},"50":{"loc":{"start":{"line":324,"column":19},"end":{"line":324,"column":null}},"type":"cond-expr","locations":[{"start":{"line":324,"column":28},"end":{"line":324,"column":79}},{"start":{"line":324,"column":79},"end":{"line":324,"column":null}}],"line":324},"51":{"loc":{"start":{"line":336,"column":15},"end":{"line":339,"column":null}},"type":"binary-expr","locations":[{"start":{"line":336,"column":15},"end":{"line":336,"column":41}},{"start":{"line":336,"column":41},"end":{"line":336,"column":null}},{"start":{"line":337,"column":16},"end":{"line":339,"column":null}}],"line":336},"52":{"loc":{"start":{"line":342,"column":15},"end":{"line":362,"column":null}},"type":"binary-expr","locations":[{"start":{"line":342,"column":15},"end":{"line":342,"column":null}},{"start":{"line":343,"column":16},"end":{"line":362,"column":null}}],"line":342},"53":{"loc":{"start":{"line":356,"column":27},"end":{"line":356,"column":null}},"type":"binary-expr","locations":[{"start":{"line":356,"column":27},"end":{"line":356,"column":43}},{"start":{"line":356,"column":43},"end":{"line":356,"column":null}}],"line":356},"54":{"loc":{"start":{"line":365,"column":15},"end":{"line":391,"column":null}},"type":"binary-expr","locations":[{"start":{"line":365,"column":15},"end":{"line":365,"column":null}},{"start":{"line":366,"column":16},"end":{"line":391,"column":null}}],"line":365},"55":{"loc":{"start":{"line":373,"column":34},"end":{"line":373,"column":null}},"type":"binary-expr","locations":[{"start":{"line":373,"column":34},"end":{"line":373,"column":42}},{"start":{"line":373,"column":42},"end":{"line":373,"column":null}}],"line":373},"56":{"loc":{"start":{"line":382,"column":26},"end":{"line":384,"column":null}},"type":"cond-expr","locations":[{"start":{"line":382,"column":60},"end":{"line":382,"column":null}},{"start":{"line":383,"column":26},"end":{"line":384,"column":null}}],"line":382},"57":{"loc":{"start":{"line":383,"column":26},"end":{"line":384,"column":null}},"type":"cond-expr","locations":[{"start":{"line":383,"column":60},"end":{"line":383,"column":null}},{"start":{"line":384,"column":59},"end":{"line":384,"column":null}}],"line":383},"58":{"loc":{"start":{"line":386,"column":27},"end":{"line":386,"column":null}},"type":"cond-expr","locations":[{"start":{"line":386,"column":57},"end":{"line":386,"column":67}},{"start":{"line":386,"column":67},"end":{"line":386,"column":null}}],"line":386},"59":{"loc":{"start":{"line":386,"column":67},"end":{"line":386,"column":null}},"type":"cond-expr","locations":[{"start":{"line":386,"column":94},"end":{"line":386,"column":106}},{"start":{"line":386,"column":106},"end":{"line":386,"column":null}}],"line":386},"60":{"loc":{"start":{"line":397,"column":11},"end":{"line":426,"column":null}},"type":"binary-expr","locations":[{"start":{"line":397,"column":11},"end":{"line":397,"column":null}},{"start":{"line":398,"column":12},"end":{"line":426,"column":null}}],"line":397},"61":{"loc":{"start":{"line":401,"column":17},"end":{"line":409,"column":null}},"type":"binary-expr","locations":[{"start":{"line":401,"column":17},"end":{"line":401,"column":null}},{"start":{"line":402,"column":18},"end":{"line":409,"column":null}}],"line":401},"62":{"loc":{"start":{"line":407,"column":21},"end":{"line":407,"column":null}},"type":"cond-expr","locations":[{"start":{"line":407,"column":28},"end":{"line":407,"column":77}},{"start":{"line":407,"column":77},"end":{"line":407,"column":null}}],"line":407},"63":{"loc":{"start":{"line":413,"column":28},"end":{"line":413,"column":null}},"type":"binary-expr","locations":[{"start":{"line":413,"column":28},"end":{"line":413,"column":36}},{"start":{"line":413,"column":36},"end":{"line":413,"column":null}}],"line":413},"64":{"loc":{"start":{"line":420,"column":28},"end":{"line":420,"column":null}},"type":"binary-expr","locations":[{"start":{"line":420,"column":28},"end":{"line":420,"column":36}},{"start":{"line":420,"column":36},"end":{"line":420,"column":null}}],"line":420},"65":{"loc":{"start":{"line":430,"column":11},"end":{"line":436,"column":null}},"type":"binary-expr","locations":[{"start":{"line":430,"column":11},"end":{"line":430,"column":null}},{"start":{"line":431,"column":12},"end":{"line":436,"column":null}}],"line":430},"66":{"loc":{"start":{"line":440,"column":11},"end":{"line":464,"column":null}},"type":"binary-expr","locations":[{"start":{"line":440,"column":11},"end":{"line":440,"column":null}},{"start":{"line":441,"column":12},"end":{"line":464,"column":null}}],"line":440},"67":{"loc":{"start":{"line":446,"column":74},"end":{"line":446,"column":105}},"type":"cond-expr","locations":[{"start":{"line":446,"column":88},"end":{"line":446,"column":103}},{"start":{"line":446,"column":103},"end":{"line":446,"column":105}}],"line":446},"68":{"loc":{"start":{"line":450,"column":17},"end":{"line":461,"column":null}},"type":"binary-expr","locations":[{"start":{"line":450,"column":17},"end":{"line":450,"column":null}},{"start":{"line":451,"column":18},"end":{"line":461,"column":null}}],"line":450},"69":{"loc":{"start":{"line":455,"column":68},"end":{"line":455,"column":112}},"type":"binary-expr","locations":[{"start":{"line":455,"column":68},"end":{"line":455,"column":103}},{"start":{"line":455,"column":103},"end":{"line":455,"column":112}}],"line":455},"70":{"loc":{"start":{"line":457,"column":27},"end":{"line":457,"column":null}},"type":"binary-expr","locations":[{"start":{"line":457,"column":27},"end":{"line":457,"column":37}},{"start":{"line":457,"column":37},"end":{"line":457,"column":null}}],"line":457},"71":{"loc":{"start":{"line":471,"column":9},"end":{"line":476,"column":null}},"type":"binary-expr","locations":[{"start":{"line":471,"column":9},"end":{"line":471,"column":null}},{"start":{"line":472,"column":10},"end":{"line":476,"column":null}}],"line":471}},"s":{"0":2,"1":2,"2":0,"3":0,"4":0,"5":0,"6":0,"7":0,"8":0,"9":0,"10":0,"11":0,"12":0,"13":0,"14":0,"15":0,"16":0,"17":0,"18":0,"19":0,"20":0,"21":0,"22":0,"23":0,"24":0,"25":0,"26":0,"27":0,"28":0,"29":0,"30":0,"31":0,"32":0,"33":0,"34":0,"35":0,"36":0,"37":0,"38":0,"39":0,"40":0,"41":0,"42":0,"43":0,"44":0,"45":0,"46":0,"47":0,"48":0,"49":0,"50":0,"51":0,"52":0,"53":0,"54":0,"55":0,"56":0,"57":0,"58":0,"59":0,"60":0,"61":0,"62":0,"63":0,"64":0,"65":0,"66":0,"67":0,"68":0,"69":0,"70":0,"71":0,"72":0,"73":0,"74":0,"75":0,"76":0,"77":0,"78":0,"79":0,"80":0,"81":0,"82":0,"83":0,"84":0,"85":0,"86":0,"87":0,"88":0,"89":0,"90":0,"91":0,"92":0,"93":0,"94":0,"95":0,"96":0,"97":0,"98":0,"99":0,"100":0,"101":0,"102":0,"103":0,"104":0,"105":0,"106":0,"107":0,"108":0,"109":0,"110":0,"111":0,"112":0,"113":0,"114":0,"115":0,"116":0,"117":0},"f":{"0":0,"1":0,"2":0,"3":0,"4":0,"5":0,"6":0,"7":0,"8":0,"9":0,"10":0,"11":0,"12":0,"13":0,"14":0,"15":0,"16":0,"17":0,"18":0,"19":0,"20":0,"21":0,"22":0,"23":0,"24":0,"25":0,"26":0,"27":0,"28":0,"29":0,"30":0,"31":0,"32":0,"33":0},"b":{"0":[0,0],"1":[0,0],"2":[0,0],"3":[0,0],"4":[0,0],"5":[0,0],"6":[0,0],"7":[0,0],"8":[0,0],"9":[0,0],"10":[0,0],"11":[0,0],"12":[0,0],"13":[0,0],"14":[0,0],"15":[0,0],"16":[0,0],"17":[0,0],"18":[0,0],"19":[0,0],"20":[0],"21":[0,0],"22":[0,0],"23":[0,0],"24":[0,0],"25":[0,0],"26":[0,0],"27":[0,0],"28":[0,0],"29":[0,0],"30":[0,0],"31":[0,0],"32":[0,0],"33":[0,0],"34":[0,0],"35":[0,0],"36":[0,0],"37":[0,0],"38":[0,0,0],"39":[0,0],"40":[0,0],"41":[0,0],"42":[0,0],"43":[0,0],"44":[0,0],"45":[0,0],"46":[0,0],"47":[0,0],"48":[0,0],"49":[0,0],"50":[0,0],"51":[0,0,0],"52":[0,0],"53":[0,0],"54":[0,0],"55":[0,0],"56":[0,0],"57":[0,0],"58":[0,0],"59":[0,0],"60":[0,0],"61":[0,0],"62":[0,0],"63":[0,0],"64":[0,0],"65":[0,0],"66":[0,0],"67":[0,0],"68":[0,0],"69":[0,0],"70":[0,0],"71":[0,0]},"meta":{"lastBranch":72,"lastFunction":34,"lastStatement":118,"seen":{"s:33:21:41:Infinity":0,"s:43:19:49:Infinity":1,"f:52:9:52:23":0,"s:53:22:53:Infinity":2,"s:54:2:104:Infinity":3,"f:60:15:60:16":1,"b:60:24:60:68:undefined:undefined:undefined:undefined":0,"s:60:24:60:68":4,"s:60:58:60:68":5,"f:67:17:67:18":2,"s:67:24:67:Infinity":6,"b:73:51:73:71:73:71:73:Infinity":1,"f:84:22:84:23":3,"s:84:29:84:Infinity":7,"f:95:23:95:29":4,"s:95:29:95:Infinity":8,"b:95:29:95:44:95:44:95:Infinity":2,"f:109:24:109:43":5,"s:110:27:110:Infinity":9,"s:111:20:111:Infinity":10,"s:112:13:112:Infinity":11,"b:112:13:112:49:112:49:112:Infinity":3,"s:113:19:113:Infinity":12,"b:113:19:113:43:113:43:113:Infinity":4,"s:115:30:115:Infinity":13,"s:116:32:116:Infinity":14,"s:117:32:117:Infinity":15,"s:118:28:118:Infinity":16,"s:119:22:119:Infinity":17,"s:120:26:120:Infinity":18,"s:121:32:121:Infinity":19,"s:122:36:122:Infinity":20,"s:125:2:148:Infinity":21,"f:125:12:125:18":6,"s:126:20:126:Infinity":22,"s:127:17:145:Infinity":23,"f:127:17:127:29":7,"s:128:6:128:Infinity":24,"s:129:6:144:Infinity":25,"s:130:32:134:Infinity":26,"b:135:8:139:Infinity:undefined:undefined:undefined:undefined":5,"s:135:8:139:Infinity":27,"s:136:10:136:Infinity":28,"s:137:10:137:Infinity":29,"s:138:10:138:Infinity":30,"s:141:8:141:Infinity":31,"b:143:8:143:Infinity:undefined:undefined:undefined:undefined":6,"s:143:8:143:Infinity":32,"s:143:24:143:Infinity":33,"s:146:4:146:Infinity":34,"s:147:4:147:Infinity":35,"f:147:11:147:17":8,"s:147:19:147:36":36,"s:151:8:183:Infinity":37,"f:151:35:151:42":9,"s:152:4:152:Infinity":38,"s:153:4:182:Infinity":39,"b:154:6:175:Infinity:169:13:175:Infinity":7,"s:154:6:175:Infinity":40,"s:156:8:168:Infinity":41,"b:159:25:159:53:159:53:159:Infinity":8,"b:160:25:160:50:160:50:160:Infinity":9,"b:161:25:161:51:161:51:161:Infinity":10,"b:162:48:162:53:162:53:162:Infinity":11,"b:163:48:163:53:163:53:163:Infinity":12,"b:164:18:164:33:164:33:164:37":13,"f:164:41:164:47":10,"s:164:47:164:90":42,"b:165:17:165:32:165:32:165:Infinity":14,"b:166:25:166:45:166:45:166:Infinity":15,"b:167:17:167:32:167:32:167:Infinity":16,"s:170:8:174:Infinity":43,"b:171:48:171:53:171:53:171:Infinity":17,"b:172:48:172:53:172:53:172:Infinity":18,"s:176:22:176:Infinity":44,"s:177:6:177:Infinity":45,"s:179:6:179:Infinity":46,"s:181:6:181:Infinity":47,"s:186:8:195:Infinity":48,"f:186:37:186:49":11,"b:187:4:187:Infinity:undefined:undefined:undefined:undefined":19,"s:187:4:187:Infinity":49,"s:187:19:187:Infinity":50,"s:188:4:188:Infinity":51,"s:189:4:194:Infinity":52,"s:190:6:190:Infinity":53,"s:191:22:191:Infinity":54,"s:192:6:192:Infinity":55,"s:193:18:193:35":56,"s:194:14:194:29":57,"s:198:8:224:Infinity":58,"f:198:40:198:47":12,"b:198:62:198:69":20,"b:199:4:202:Infinity:undefined:undefined:undefined:undefined":21,"s:199:4:202:Infinity":59,"b:199:8:199:21:199:21:199:57":22,"s:200:6:200:Infinity":60,"s:201:6:201:Infinity":61,"s:203:4:203:Infinity":62,"s:204:4:223:Infinity":63,"b:205:6:217:Infinity:undefined:undefined:undefined:undefined":23,"s:205:6:217:Infinity":64,"s:206:8:216:Infinity":65,"b:209:23:209:51:209:51:209:Infinity":24,"b:210:23:210:51:210:51:210:Infinity":25,"b:211:23:211:51:211:51:211:Infinity":26,"b:212:18:212:33:212:33:212:37":27,"f:212:41:212:47":13,"s:212:47:212:90":66,"b:213:17:213:32:213:32:213:Infinity":28,"b:214:25:214:45:214:45:214:Infinity":29,"b:215:17:215:32:215:32:215:Infinity":30,"s:218:6:218:Infinity":67,"s:219:22:219:Infinity":68,"s:220:6:220:Infinity":69,"s:221:6:221:Infinity":70,"s:222:18:222:35":71,"s:223:14:223:29":72,"s:227:27:236:Infinity":73,"f:227:27:227:33":14,"b:228:4:228:Infinity:undefined:undefined:undefined:undefined":31,"s:228:4:228:Infinity":74,"s:228:19:228:Infinity":75,"b:229:4:231:Infinity:undefined:undefined:undefined:undefined":32,"s:229:4:231:Infinity":76,"s:230:6:230:Infinity":77,"b:230:13:230:67:230:67:230:Infinity":33,"f:230:28:230:33":15,"s:230:33:230:62":78,"b:232:4:234:Infinity:undefined:undefined:undefined:undefined":34,"s:232:4:234:Infinity":79,"s:233:6:233:Infinity":80,"b:233:13:233:70:233:70:233:Infinity":35,"f:233:28:233:33":16,"s:233:33:233:65":81,"s:235:4:235:Infinity":82,"s:238:20:238:Infinity":83,"s:240:24:243:Infinity":84,"f:240:24:240:30":17,"s:241:18:241:Infinity":85,"b:241:18:241:41:241:41:241:Infinity":36,"b:242:4:242:Infinity:undefined:undefined:undefined:undefined":37,"s:242:4:242:Infinity":86,"s:242:15:242:Infinity":87,"s:245:22:254:Infinity":88,"f:245:22:245:28":18,"s:246:8:246:Infinity":89,"b:246:17:246:40:246:40:246:60:246:60:246:64":38,"b:247:4:253:Infinity:undefined:undefined:undefined:undefined":39,"s:247:4:253:Infinity":90,"b:248:6:250:Infinity:undefined:undefined:undefined:undefined":40,"s:248:6:250:Infinity":91,"s:249:8:249:Infinity":92,"s:251:12:251:Infinity":93,"s:252:6:252:Infinity":94,"s:256:22:262:Infinity":95,"f:256:22:256:28":19,"s:257:10:257:Infinity":96,"s:258:4:261:Infinity":97,"f:258:44:258:50":20,"s:259:6:259:Infinity":98,"s:260:6:260:Infinity":99,"f:260:17:260:23":21,"s:260:23:260:41":100,"s:264:23:264:Infinity":101,"b:264:23:264:43:264:43:264:Infinity":41,"s:265:23:265:Infinity":102,"b:265:23:265:75:265:75:265:Infinity":42,"b:267:2:273:Infinity:undefined:undefined:undefined:undefined":43,"s:267:2:273:Infinity":103,"s:268:4:271:Infinity":104,"s:275:2:479:Infinity":105,"b:295:90:295:120:295:120:295:122":44,"b:296:13:296:52:296:52:296:Infinity":45,"b:303:12:330:Infinity:333:12:393:Infinity":46,"b:309:19:309:39:309:39:309:Infinity":47,"b:312:42:312:55:312:55:312:65":48,"b:312:69:312:91:312:91:312:Infinity":49,"b:324:28:324:79:324:79:324:Infinity":50,"b:336:15:336:41:336:41:336:Infinity:337:16:339:Infinity":51,"b:342:15:342:Infinity:343:16:362:Infinity":52,"f:346:35:346:Infinity":22,"s:347:22:359:Infinity":106,"f:349:33:349:39":23,"s:349:39:349:Infinity":107,"b:356:27:356:43:356:43:356:Infinity":53,"b:365:15:365:Infinity:366:16:391:Infinity":54,"f:369:35:369:Infinity":24,"s:370:22:388:Infinity":108,"f:372:33:372:39":25,"s:372:39:372:Infinity":109,"b:373:34:373:42:373:42:373:Infinity":55,"b:382:60:382:Infinity:383:26:384:Infinity":56,"b:383:60:383:Infinity:384:59:384:Infinity":57,"b:386:57:386:67:386:67:386:Infinity":58,"b:386:94:386:106:386:106:386:Infinity":59,"b:397:11:397:Infinity:398:12:426:Infinity":60,"b:401:17:401:Infinity:402:18:409:Infinity":61,"f:403:29:403:35":26,"s:403:35:403:Infinity":110,"b:407:28:407:77:407:77:407:Infinity":62,"f:412:27:412:33":27,"s:412:33:412:Infinity":111,"b:413:28:413:36:413:36:413:Infinity":63,"f:419:27:419:33":28,"s:419:33:419:Infinity":112,"b:420:28:420:36:420:36:420:Infinity":64,"b:430:11:430:Infinity:431:12:436:Infinity":65,"b:440:11:440:Infinity:441:12:464:Infinity":66,"f:443:25:443:31":29,"s:443:31:443:Infinity":113,"f:443:46:443:51":30,"s:443:51:443:53":114,"b:446:88:446:103:446:103:446:105":67,"b:450:17:450:Infinity:451:18:461:Infinity":68,"f:453:59:453:60":31,"s:454:24:458:Infinity":115,"b:455:68:455:103:455:103:455:112":69,"b:457:27:457:37:457:37:457:Infinity":70,"b:471:9:471:Infinity:472:10:476:Infinity":71,"f:474:21:474:27":32,"s:474:27:474:Infinity":116,"f:475:23:475:24":33,"s:475:33:475:Infinity":117},"fnNames":{}}}
,"D:\\PROTOTIPE\\Plantillas Core\\App Ventas\\src\\components\\common\\AlertConfirmContext.jsx": {"path":"D:\\PROTOTIPE\\Plantillas Core\\App Ventas\\src\\components\\common\\AlertConfirmContext.jsx","statementMap":{"0":{"start":{"line":5,"column":6},"end":{"line":5,"column":null}},"1":{"start":{"line":8,"column":34},"end":{"line":17,"column":null}},"2":{"start":{"line":19,"column":8},"end":{"line":32,"column":null}},"3":{"start":{"line":20,"column":4},"end":{"line":31,"column":null}},"4":{"start":{"line":21,"column":6},"end":{"line":30,"column":null}},"5":{"start":{"line":34,"column":8},"end":{"line":53,"column":null}},"6":{"start":{"line":41,"column":4},"end":{"line":52,"column":null}},"7":{"start":{"line":42,"column":6},"end":{"line":51,"column":null}},"8":{"start":{"line":56,"column":2},"end":{"line":58,"column":null}},"9":{"start":{"line":57,"column":4},"end":{"line":57,"column":null}},"10":{"start":{"line":60,"column":22},"end":{"line":64,"column":null}},"11":{"start":{"line":61,"column":24},"end":{"line":61,"column":null}},"12":{"start":{"line":62,"column":4},"end":{"line":62,"column":null}},"13":{"start":{"line":62,"column":29},"end":{"line":62,"column":56}},"14":{"start":{"line":63,"column":4},"end":{"line":63,"column":null}},"15":{"start":{"line":63,"column":17},"end":{"line":63,"column":null}},"16":{"start":{"line":66,"column":24},"end":{"line":103,"column":null}},"17":{"start":{"line":67,"column":22},"end":{"line":67,"column":null}},"18":{"start":{"line":68,"column":4},"end":{"line":102,"column":null}},"19":{"start":{"line":70,"column":8},"end":{"line":75,"column":null}},"20":{"start":{"line":78,"column":8},"end":{"line":83,"column":null}},"21":{"start":{"line":86,"column":8},"end":{"line":91,"column":null}},"22":{"start":{"line":95,"column":8},"end":{"line":100,"column":null}},"23":{"start":{"line":105,"column":2},"end":{"line":139,"column":null}},"24":{"start":{"line":108,"column":63},"end":{"line":108,"column":83}},"25":{"start":{"line":116,"column":31},"end":{"line":116,"column":null}},"26":{"start":{"line":124,"column":29},"end":{"line":124,"column":null}},"27":{"start":{"line":144,"column":8},"end":{"line":144,"column":null}},"28":{"start":{"line":145,"column":2},"end":{"line":145,"column":null}},"29":{"start":{"line":145,"column":16},"end":{"line":145,"column":null}},"30":{"start":{"line":146,"column":2},"end":{"line":146,"column":null}}},"fnMap":{"0":{"name":"AlertConfirmProvider","decl":{"start":{"line":7,"column":16},"end":{"line":7,"column":37}},"loc":{"start":{"line":7,"column":51},"end":{"line":141,"column":null}},"line":7},"1":{"name":"(anonymous_1)","decl":{"start":{"line":19,"column":32},"end":{"line":19,"column":33}},"loc":{"start":{"line":19,"column":117},"end":{"line":32,"column":5}},"line":19},"2":{"name":"(anonymous_2)","decl":{"start":{"line":20,"column":23},"end":{"line":20,"column":24}},"loc":{"start":{"line":20,"column":36},"end":{"line":31,"column":5}},"line":20},"3":{"name":"(anonymous_3)","decl":{"start":{"line":34,"column":34},"end":{"line":34,"column":35}},"loc":{"start":{"line":40,"column":8},"end":{"line":53,"column":5}},"line":40},"4":{"name":"(anonymous_4)","decl":{"start":{"line":41,"column":23},"end":{"line":41,"column":24}},"loc":{"start":{"line":41,"column":36},"end":{"line":52,"column":5}},"line":41},"5":{"name":"(anonymous_5)","decl":{"start":{"line":56,"column":12},"end":{"line":56,"column":18}},"loc":{"start":{"line":56,"column":18},"end":{"line":58,"column":5}},"line":56},"6":{"name":"(anonymous_6)","decl":{"start":{"line":60,"column":22},"end":{"line":60,"column":23}},"loc":{"start":{"line":60,"column":34},"end":{"line":64,"column":null}},"line":60},"7":{"name":"(anonymous_7)","decl":{"start":{"line":62,"column":18},"end":{"line":62,"column":19}},"loc":{"start":{"line":62,"column":29},"end":{"line":62,"column":56}},"line":62},"8":{"name":"(anonymous_8)","decl":{"start":{"line":66,"column":24},"end":{"line":66,"column":30}},"loc":{"start":{"line":66,"column":30},"end":{"line":103,"column":null}},"line":66},"9":{"name":"(anonymous_9)","decl":{"start":{"line":108,"column":57},"end":{"line":108,"column":63}},"loc":{"start":{"line":108,"column":63},"end":{"line":108,"column":83}},"line":108},"10":{"name":"(anonymous_10)","decl":{"start":{"line":116,"column":25},"end":{"line":116,"column":31}},"loc":{"start":{"line":116,"column":31},"end":{"line":116,"column":null}},"line":116},"11":{"name":"(anonymous_11)","decl":{"start":{"line":124,"column":23},"end":{"line":124,"column":29}},"loc":{"start":{"line":124,"column":29},"end":{"line":124,"column":null}},"line":124},"12":{"name":"useAlertConfirm","decl":{"start":{"line":143,"column":16},"end":{"line":143,"column":34}},"loc":{"start":{"line":143,"column":34},"end":{"line":147,"column":null}},"line":143}},"branchMap":{"0":{"loc":{"start":{"line":19,"column":35},"end":{"line":19,"column":55}},"type":"default-arg","locations":[{"start":{"line":19,"column":43},"end":{"line":19,"column":55}}],"line":19},"1":{"loc":{"start":{"line":19,"column":55},"end":{"line":19,"column":69}},"type":"default-arg","locations":[{"start":{"line":19,"column":65},"end":{"line":19,"column":69}}],"line":19},"2":{"loc":{"start":{"line":19,"column":69},"end":{"line":19,"column":87}},"type":"default-arg","locations":[{"start":{"line":19,"column":79},"end":{"line":19,"column":87}}],"line":19},"3":{"loc":{"start":{"line":19,"column":87},"end":{"line":19,"column":111}},"type":"default-arg","locations":[{"start":{"line":19,"column":101},"end":{"line":19,"column":111}}],"line":19},"4":{"loc":{"start":{"line":35,"column":4},"end":{"line":35,"column":null}},"type":"default-arg","locations":[{"start":{"line":35,"column":12},"end":{"line":35,"column":null}}],"line":35},"5":{"loc":{"start":{"line":36,"column":4},"end":{"line":36,"column":null}},"type":"default-arg","locations":[{"start":{"line":36,"column":14},"end":{"line":36,"column":null}}],"line":36},"6":{"loc":{"start":{"line":37,"column":4},"end":{"line":37,"column":null}},"type":"default-arg","locations":[{"start":{"line":37,"column":18},"end":{"line":37,"column":null}}],"line":37},"7":{"loc":{"start":{"line":38,"column":4},"end":{"line":38,"column":null}},"type":"default-arg","locations":[{"start":{"line":38,"column":17},"end":{"line":38,"column":null}}],"line":38},"8":{"loc":{"start":{"line":39,"column":4},"end":{"line":39,"column":null}},"type":"default-arg","locations":[{"start":{"line":39,"column":14},"end":{"line":39,"column":null}}],"line":39},"9":{"loc":{"start":{"line":63,"column":4},"end":{"line":63,"column":null}},"type":"if","locations":[{"start":{"line":63,"column":4},"end":{"line":63,"column":null}},{"start":{},"end":{}}],"line":63},"10":{"loc":{"start":{"line":68,"column":4},"end":{"line":102,"column":null}},"type":"switch","locations":[{"start":{"line":69,"column":6},"end":{"line":75,"column":null}},{"start":{"line":77,"column":6},"end":{"line":83,"column":null}},{"start":{"line":85,"column":6},"end":{"line":91,"column":null}},{"start":{"line":93,"column":6},"end":{"line":93,"column":null}},{"start":{"line":94,"column":6},"end":{"line":100,"column":null}}],"line":68},"11":{"loc":{"start":{"line":114,"column":13},"end":{"line":121,"column":null}},"type":"binary-expr","locations":[{"start":{"line":114,"column":13},"end":{"line":114,"column":null}},{"start":{"line":115,"column":14},"end":{"line":121,"column":null}}],"line":114},"12":{"loc":{"start":{"line":126,"column":16},"end":{"line":130,"column":null}},"type":"cond-expr","locations":[{"start":{"line":127,"column":20},"end":{"line":127,"column":null}},{"start":{"line":128,"column":20},"end":{"line":130,"column":null}}],"line":126},"13":{"loc":{"start":{"line":128,"column":20},"end":{"line":130,"column":null}},"type":"cond-expr","locations":[{"start":{"line":129,"column":22},"end":{"line":129,"column":null}},{"start":{"line":130,"column":22},"end":{"line":130,"column":null}}],"line":128},"14":{"loc":{"start":{"line":145,"column":2},"end":{"line":145,"column":null}},"type":"if","locations":[{"start":{"line":145,"column":2},"end":{"line":145,"column":null}},{"start":{},"end":{}}],"line":145}},"s":{"0":2,"1":0,"2":0,"3":0,"4":0,"5":0,"6":0,"7":0,"8":0,"9":0,"10":0,"11":0,"12":0,"13":0,"14":0,"15":0,"16":0,"17":0,"18":0,"19":0,"20":0,"21":0,"22":0,"23":0,"24":0,"25":0,"26":0,"27":0,"28":0,"29":0,"30":0},"f":{"0":0,"1":0,"2":0,"3":0,"4":0,"5":0,"6":0,"7":0,"8":0,"9":0,"10":0,"11":0,"12":0},"b":{"0":[0],"1":[0],"2":[0],"3":[0],"4":[0],"5":[0],"6":[0],"7":[0],"8":[0],"9":[0,0],"10":[0,0,0,0,0],"11":[0,0],"12":[0,0],"13":[0,0],"14":[0,0]},"meta":{"lastBranch":15,"lastFunction":13,"lastStatement":31,"seen":{"s:5:6:5:Infinity":0,"f:7:16:7:37":0,"s:8:34:17:Infinity":1,"s:19:8:32:Infinity":2,"f:19:32:19:33":1,"b:19:43:19:55":0,"b:19:65:19:69":1,"b:19:79:19:87":2,"b:19:101:19:111":3,"s:20:4:31:Infinity":3,"f:20:23:20:24":2,"s:21:6:30:Infinity":4,"s:34:8:53:Infinity":5,"f:34:34:34:35":3,"b:35:12:35:Infinity":4,"b:36:14:36:Infinity":5,"b:37:18:37:Infinity":6,"b:38:17:38:Infinity":7,"b:39:14:39:Infinity":8,"s:41:4:52:Infinity":6,"f:41:23:41:24":4,"s:42:6:51:Infinity":7,"s:56:2:58:Infinity":8,"f:56:12:56:18":5,"s:57:4:57:Infinity":9,"s:60:22:64:Infinity":10,"f:60:22:60:23":6,"s:61:24:61:Infinity":11,"s:62:4:62:Infinity":12,"f:62:18:62:19":7,"s:62:29:62:56":13,"b:63:4:63:Infinity:undefined:undefined:undefined:undefined":9,"s:63:4:63:Infinity":14,"s:63:17:63:Infinity":15,"s:66:24:103:Infinity":16,"f:66:24:66:30":8,"s:67:22:67:Infinity":17,"b:69:6:75:Infinity:77:6:83:Infinity:85:6:91:Infinity:93:6:93:Infinity:94:6:100:Infinity":10,"s:68:4:102:Infinity":18,"s:70:8:75:Infinity":19,"s:78:8:83:Infinity":20,"s:86:8:91:Infinity":21,"s:95:8:100:Infinity":22,"s:105:2:139:Infinity":23,"f:108:57:108:63":9,"s:108:63:108:83":24,"b:114:13:114:Infinity:115:14:121:Infinity":11,"f:116:25:116:31":10,"s:116:31:116:Infinity":25,"f:124:23:124:29":11,"s:124:29:124:Infinity":26,"b:127:20:127:Infinity:128:20:130:Infinity":12,"b:129:22:129:Infinity:130:22:130:Infinity":13,"f:143:16:143:34":12,"s:144:8:144:Infinity":27,"b:145:2:145:Infinity:undefined:undefined:undefined:undefined":14,"s:145:2:145:Infinity":28,"s:145:16:145:Infinity":29,"s:146:2:146:Infinity":30},"fnNames":{}}}
,"D:\\PROTOTIPE\\Plantillas Core\\App Ventas\\src\\components\\common\\ModalTemplate.jsx": {"path":"D:\\PROTOTIPE\\Plantillas Core\\App Ventas\\src\\components\\common\\ModalTemplate.jsx","statementMap":{"0":{"start":{"line":38,"column":8},"end":{"line":38,"column":null}},"1":{"start":{"line":39,"column":28},"end":{"line":39,"column":null}},"2":{"start":{"line":41,"column":2},"end":{"line":55,"column":null}},"3":{"start":{"line":42,"column":15},"end":{"line":42,"column":null}},"4":{"start":{"line":43,"column":4},"end":{"line":43,"column":null}},"5":{"start":{"line":44,"column":4},"end":{"line":44,"column":null}},"6":{"start":{"line":45,"column":4},"end":{"line":45,"column":null}},"7":{"start":{"line":46,"column":4},"end":{"line":46,"column":null}},"8":{"start":{"line":48,"column":4},"end":{"line":54,"column":null}},"9":{"start":{"line":50,"column":6},"end":{"line":52,"column":null}},"10":{"start":{"line":51,"column":8},"end":{"line":51,"column":null}},"11":{"start":{"line":53,"column":6},"end":{"line":53,"column":null}},"12":{"start":{"line":58,"column":2},"end":{"line":65,"column":null}},"13":{"start":{"line":59,"column":4},"end":{"line":59,"column":null}},"14":{"start":{"line":59,"column":17},"end":{"line":59,"column":null}},"15":{"start":{"line":60,"column":29},"end":{"line":60,"column":null}},"16":{"start":{"line":61,"column":4},"end":{"line":61,"column":null}},"17":{"start":{"line":62,"column":4},"end":{"line":64,"column":null}},"18":{"start":{"line":63,"column":6},"end":{"line":63,"column":null}},"19":{"start":{"line":68,"column":2},"end":{"line":68,"column":null}},"20":{"start":{"line":68,"column":38},"end":{"line":68,"column":null}},"21":{"start":{"line":71,"column":4},"end":{"line":144,"column":null}},"22":{"start":{"line":147,"column":2},"end":{"line":147,"column":null}}},"fnMap":{"0":{"name":"ModalTemplate","decl":{"start":{"line":24,"column":24},"end":{"line":24,"column":38}},"loc":{"start":{"line":33,"column":3},"end":{"line":148,"column":null}},"line":33},"1":{"name":"(anonymous_1)","decl":{"start":{"line":41,"column":12},"end":{"line":41,"column":18}},"loc":{"start":{"line":41,"column":18},"end":{"line":55,"column":5}},"line":41},"2":{"name":"(anonymous_2)","decl":{"start":{"line":48,"column":11},"end":{"line":48,"column":17}},"loc":{"start":{"line":48,"column":17},"end":{"line":54,"column":null}},"line":48},"3":{"name":"(anonymous_3)","decl":{"start":{"line":58,"column":12},"end":{"line":58,"column":18}},"loc":{"start":{"line":58,"column":18},"end":{"line":65,"column":5}},"line":58},"4":{"name":"(anonymous_4)","decl":{"start":{"line":62,"column":11},"end":{"line":62,"column":17}},"loc":{"start":{"line":62,"column":17},"end":{"line":64,"column":null}},"line":62}},"branchMap":{"0":{"loc":{"start":{"line":50,"column":6},"end":{"line":52,"column":null}},"type":"if","locations":[{"start":{"line":50,"column":6},"end":{"line":52,"column":null}},{"start":{},"end":{}}],"line":50},"1":{"loc":{"start":{"line":59,"column":4},"end":{"line":59,"column":null}},"type":"if","locations":[{"start":{"line":59,"column":4},"end":{"line":59,"column":null}},{"start":{},"end":{}}],"line":59},"2":{"loc":{"start":{"line":68,"column":2},"end":{"line":68,"column":null}},"type":"if","locations":[{"start":{"line":68,"column":2},"end":{"line":68,"column":null}},{"start":{},"end":{}}],"line":68},"3":{"loc":{"start":{"line":68,"column":6},"end":{"line":68,"column":38}},"type":"binary-expr","locations":[{"start":{"line":68,"column":6},"end":{"line":68,"column":18}},{"start":{"line":68,"column":18},"end":{"line":68,"column":38}}],"line":68},"4":{"loc":{"start":{"line":72,"column":7},"end":{"line":142,"column":null}},"type":"binary-expr","locations":[{"start":{"line":72,"column":7},"end":{"line":72,"column":null}},{"start":{"line":73,"column":8},"end":{"line":142,"column":null}}],"line":72},"5":{"loc":{"start":{"line":95,"column":13},"end":{"line":126,"column":null}},"type":"binary-expr","locations":[{"start":{"line":95,"column":13},"end":{"line":95,"column":null}},{"start":{"line":96,"column":14},"end":{"line":126,"column":null}}],"line":95},"6":{"loc":{"start":{"line":98,"column":19},"end":{"line":105,"column":null}},"type":"binary-expr","locations":[{"start":{"line":98,"column":19},"end":{"line":98,"column":null}},{"start":{"line":99,"column":20},"end":{"line":105,"column":null}}],"line":98},"7":{"loc":{"start":{"line":107,"column":19},"end":{"line":110,"column":null}},"type":"binary-expr","locations":[{"start":{"line":107,"column":19},"end":{"line":107,"column":null}},{"start":{"line":108,"column":20},"end":{"line":110,"column":null}}],"line":107},"8":{"loc":{"start":{"line":114,"column":21},"end":{"line":114,"column":null}},"type":"binary-expr","locations":[{"start":{"line":114,"column":21},"end":{"line":114,"column":33}},{"start":{"line":114,"column":33},"end":{"line":114,"column":null}}],"line":114},"9":{"loc":{"start":{"line":135,"column":13},"end":{"line":138,"column":null}},"type":"binary-expr","locations":[{"start":{"line":135,"column":13},"end":{"line":135,"column":null}},{"start":{"line":136,"column":14},"end":{"line":138,"column":null}}],"line":135}},"s":{"0":0,"1":0,"2":0,"3":0,"4":0,"5":0,"6":0,"7":0,"8":0,"9":0,"10":0,"11":0,"12":0,"13":0,"14":0,"15":0,"16":0,"17":0,"18":0,"19":0,"20":0,"21":0,"22":0},"f":{"0":0,"1":0,"2":0,"3":0,"4":0},"b":{"0":[0,0],"1":[0,0],"2":[0,0],"3":[0,0],"4":[0,0],"5":[0,0],"6":[0,0],"7":[0,0],"8":[0,0],"9":[0,0]},"meta":{"lastBranch":10,"lastFunction":5,"lastStatement":23,"seen":{"f:24:24:24:38":0,"s:38:8:38:Infinity":0,"s:39:28:39:Infinity":1,"s:41:2:55:Infinity":2,"f:41:12:41:18":1,"s:42:15:42:Infinity":3,"s:43:4:43:Infinity":4,"s:44:4:44:Infinity":5,"s:45:4:45:Infinity":6,"s:46:4:46:Infinity":7,"s:48:4:54:Infinity":8,"f:48:11:48:17":2,"b:50:6:52:Infinity:undefined:undefined:undefined:undefined":0,"s:50:6:52:Infinity":9,"s:51:8:51:Infinity":10,"s:53:6:53:Infinity":11,"s:58:2:65:Infinity":12,"f:58:12:58:18":3,"b:59:4:59:Infinity:undefined:undefined:undefined:undefined":1,"s:59:4:59:Infinity":13,"s:59:17:59:Infinity":14,"s:60:29:60:Infinity":15,"s:61:4:61:Infinity":16,"s:62:4:64:Infinity":17,"f:62:11:62:17":4,"s:63:6:63:Infinity":18,"b:68:2:68:Infinity:undefined:undefined:undefined:undefined":2,"s:68:2:68:Infinity":19,"b:68:6:68:18:68:18:68:38":3,"s:68:38:68:Infinity":20,"s:71:4:144:Infinity":21,"b:72:7:72:Infinity:73:8:142:Infinity":4,"b:95:13:95:Infinity:96:14:126:Infinity":5,"b:98:19:98:Infinity:99:20:105:Infinity":6,"b:107:19:107:Infinity:108:20:110:Infinity":7,"b:114:21:114:33:114:33:114:Infinity":8,"b:135:13:135:Infinity:136:14:138:Infinity":9,"s:147:2:147:Infinity":22},"fnNames":{}}}
,"D:\\PROTOTIPE\\Plantillas Core\\App Ventas\\src\\components\\ui\\LeafletMapPicker.jsx": {"path":"D:\\PROTOTIPE\\Plantillas Core\\App Ventas\\src\\components\\ui\\LeafletMapPicker.jsx","statementMap":{"0":{"start":{"line":14,"column":8},"end":{"line":14,"column":null}},"1":{"start":{"line":15,"column":8},"end":{"line":15,"column":null}},"2":{"start":{"line":16,"column":8},"end":{"line":16,"column":null}},"3":{"start":{"line":17,"column":40},"end":{"line":17,"column":null}},"4":{"start":{"line":18,"column":36},"end":{"line":18,"column":null}},"5":{"start":{"line":19,"column":32},"end":{"line":19,"column":null}},"6":{"start":{"line":20,"column":38},"end":{"line":20,"column":null}},"7":{"start":{"line":23,"column":24},"end":{"line":23,"column":null}},"8":{"start":{"line":24,"column":23},"end":{"line":24,"column":null}},"9":{"start":{"line":27,"column":2},"end":{"line":42,"column":null}},"10":{"start":{"line":28,"column":4},"end":{"line":31,"column":null}},"11":{"start":{"line":29,"column":6},"end":{"line":29,"column":null}},"12":{"start":{"line":30,"column":6},"end":{"line":30,"column":null}},"13":{"start":{"line":33,"column":17},"end":{"line":33,"column":null}},"14":{"start":{"line":34,"column":4},"end":{"line":34,"column":null}},"15":{"start":{"line":35,"column":4},"end":{"line":35,"column":null}},"16":{"start":{"line":36,"column":4},"end":{"line":36,"column":null}},"17":{"start":{"line":38,"column":19},"end":{"line":38,"column":null}},"18":{"start":{"line":39,"column":4},"end":{"line":39,"column":null}},"19":{"start":{"line":40,"column":4},"end":{"line":40,"column":null}},"20":{"start":{"line":40,"column":26},"end":{"line":40,"column":null}},"21":{"start":{"line":41,"column":4},"end":{"line":41,"column":null}},"22":{"start":{"line":45,"column":2},"end":{"line":109,"column":null}},"23":{"start":{"line":46,"column":4},"end":{"line":46,"column":null}},"24":{"start":{"line":46,"column":49},"end":{"line":46,"column":null}},"25":{"start":{"line":49,"column":4},"end":{"line":52,"column":null}},"26":{"start":{"line":50,"column":6},"end":{"line":50,"column":null}},"27":{"start":{"line":51,"column":6},"end":{"line":51,"column":null}},"28":{"start":{"line":54,"column":14},"end":{"line":54,"column":null}},"29":{"start":{"line":57,"column":4},"end":{"line":57,"column":null}},"30":{"start":{"line":58,"column":4},"end":{"line":62,"column":null}},"31":{"start":{"line":65,"column":16},"end":{"line":68,"column":null}},"32":{"start":{"line":69,"column":4},"end":{"line":69,"column":null}},"33":{"start":{"line":72,"column":4},"end":{"line":74,"column":null}},"34":{"start":{"line":77,"column":19},"end":{"line":79,"column":null}},"35":{"start":{"line":80,"column":4},"end":{"line":80,"column":null}},"36":{"start":{"line":83,"column":4},"end":{"line":85,"column":null}},"37":{"start":{"line":84,"column":6},"end":{"line":84,"column":null}},"38":{"start":{"line":88,"column":4},"end":{"line":101,"column":null}},"39":{"start":{"line":90,"column":6},"end":{"line":93,"column":null}},"40":{"start":{"line":91,"column":25},"end":{"line":91,"column":null}},"41":{"start":{"line":92,"column":8},"end":{"line":92,"column":null}},"42":{"start":{"line":96,"column":6},"end":{"line":100,"column":null}},"43":{"start":{"line":97,"column":29},"end":{"line":97,"column":null}},"44":{"start":{"line":98,"column":8},"end":{"line":98,"column":null}},"45":{"start":{"line":99,"column":8},"end":{"line":99,"column":null}},"46":{"start":{"line":103,"column":4},"end":{"line":108,"column":null}},"47":{"start":{"line":104,"column":6},"end":{"line":107,"column":null}},"48":{"start":{"line":105,"column":8},"end":{"line":105,"column":null}},"49":{"start":{"line":106,"column":8},"end":{"line":106,"column":null}},"50":{"start":{"line":112,"column":2},"end":{"line":118,"column":null}},"51":{"start":{"line":113,"column":4},"end":{"line":117,"column":null}},"52":{"start":{"line":114,"column":27},"end":{"line":114,"column":null}},"53":{"start":{"line":115,"column":6},"end":{"line":115,"column":null}},"54":{"start":{"line":116,"column":6},"end":{"line":116,"column":null}},"55":{"start":{"line":121,"column":31},"end":{"line":162,"column":null}},"56":{"start":{"line":122,"column":4},"end":{"line":161,"column":null}},"57":{"start":{"line":123,"column":23},"end":{"line":126,"column":null}},"58":{"start":{"line":127,"column":6},"end":{"line":127,"column":null}},"59":{"start":{"line":127,"column":24},"end":{"line":127,"column":null}},"60":{"start":{"line":128,"column":19},"end":{"line":128,"column":null}},"61":{"start":{"line":129,"column":19},"end":{"line":129,"column":null}},"62":{"start":{"line":131,"column":19},"end":{"line":131,"column":null}},"63":{"start":{"line":132,"column":16},"end":{"line":132,"column":null}},"64":{"start":{"line":133,"column":25},"end":{"line":133,"column":null}},"65":{"start":{"line":134,"column":6},"end":{"line":138,"column":null}},"66":{"start":{"line":135,"column":8},"end":{"line":135,"column":null}},"67":{"start":{"line":136,"column":6},"end":{"line":138,"column":null}},"68":{"start":{"line":137,"column":8},"end":{"line":137,"column":null}},"69":{"start":{"line":140,"column":19},"end":{"line":140,"column":null}},"70":{"start":{"line":141,"column":27},"end":{"line":141,"column":null}},"71":{"start":{"line":143,"column":6},"end":{"line":150,"column":null}},"72":{"start":{"line":144,"column":8},"end":{"line":149,"column":null}},"73":{"start":{"line":152,"column":6},"end":{"line":152,"column":null}},"74":{"start":{"line":153,"column":6},"end":{"line":160,"column":null}},"75":{"start":{"line":154,"column":8},"end":{"line":159,"column":null}},"76":{"start":{"line":165,"column":23},"end":{"line":243,"column":null}},"77":{"start":{"line":166,"column":4},"end":{"line":166,"column":null}},"78":{"start":{"line":166,"column":11},"end":{"line":166,"column":null}},"79":{"start":{"line":167,"column":4},"end":{"line":167,"column":null}},"80":{"start":{"line":167,"column":29},"end":{"line":167,"column":null}},"81":{"start":{"line":169,"column":4},"end":{"line":169,"column":null}},"82":{"start":{"line":170,"column":4},"end":{"line":170,"column":null}},"83":{"start":{"line":172,"column":4},"end":{"line":242,"column":null}},"84":{"start":{"line":173,"column":20},"end":{"line":173,"column":null}},"85":{"start":{"line":174,"column":23},"end":{"line":177,"column":null}},"86":{"start":{"line":178,"column":6},"end":{"line":180,"column":null}},"87":{"start":{"line":179,"column":8},"end":{"line":179,"column":null}},"88":{"start":{"line":182,"column":6},"end":{"line":202,"column":null}},"89":{"start":{"line":183,"column":22},"end":{"line":183,"column":null}},"90":{"start":{"line":184,"column":8},"end":{"line":201,"column":null}},"91":{"start":{"line":184,"column":21},"end":{"line":184,"column":39}},"92":{"start":{"line":185,"column":32},"end":{"line":185,"column":null}},"93":{"start":{"line":186,"column":10},"end":{"line":200,"column":null}},"94":{"start":{"line":187,"column":31},"end":{"line":190,"column":null}},"95":{"start":{"line":191,"column":12},"end":{"line":197,"column":null}},"96":{"start":{"line":192,"column":32},"end":{"line":192,"column":null}},"97":{"start":{"line":193,"column":14},"end":{"line":196,"column":null}},"98":{"start":{"line":194,"column":16},"end":{"line":194,"column":null}},"99":{"start":{"line":195,"column":16},"end":{"line":195,"column":null}},"100":{"start":{"line":199,"column":12},"end":{"line":199,"column":null}},"101":{"start":{"line":204,"column":6},"end":{"line":236,"column":null}},"102":{"start":{"line":205,"column":44},"end":{"line":205,"column":null}},"103":{"start":{"line":206,"column":25},"end":{"line":206,"column":null}},"104":{"start":{"line":207,"column":26},"end":{"line":207,"column":null}},"105":{"start":{"line":209,"column":8},"end":{"line":212,"column":null}},"106":{"start":{"line":210,"column":10},"end":{"line":210,"column":null}},"107":{"start":{"line":211,"column":10},"end":{"line":211,"column":null}},"108":{"start":{"line":214,"column":21},"end":{"line":214,"column":null}},"109":{"start":{"line":215,"column":18},"end":{"line":215,"column":null}},"110":{"start":{"line":216,"column":27},"end":{"line":216,"column":null}},"111":{"start":{"line":217,"column":8},"end":{"line":221,"column":null}},"112":{"start":{"line":218,"column":10},"end":{"line":218,"column":null}},"113":{"start":{"line":219,"column":8},"end":{"line":221,"column":null}},"114":{"start":{"line":220,"column":10},"end":{"line":220,"column":null}},"115":{"start":{"line":223,"column":21},"end":{"line":223,"column":null}},"116":{"start":{"line":224,"column":29},"end":{"line":224,"column":null}},"117":{"start":{"line":226,"column":8},"end":{"line":233,"column":null}},"118":{"start":{"line":227,"column":10},"end":{"line":232,"column":null}},"119":{"start":{"line":235,"column":8},"end":{"line":235,"column":null}},"120":{"start":{"line":238,"column":6},"end":{"line":238,"column":null}},"121":{"start":{"line":239,"column":6},"end":{"line":239,"column":null}},"122":{"start":{"line":241,"column":6},"end":{"line":241,"column":null}},"123":{"start":{"line":246,"column":28},"end":{"line":267,"column":null}},"124":{"start":{"line":247,"column":4},"end":{"line":247,"column":null}},"125":{"start":{"line":248,"column":4},"end":{"line":251,"column":null}},"126":{"start":{"line":249,"column":6},"end":{"line":249,"column":null}},"127":{"start":{"line":250,"column":6},"end":{"line":250,"column":null}},"128":{"start":{"line":253,"column":4},"end":{"line":266,"column":null}},"129":{"start":{"line":255,"column":40},"end":{"line":255,"column":null}},"130":{"start":{"line":256,"column":8},"end":{"line":259,"column":null}},"131":{"start":{"line":257,"column":10},"end":{"line":257,"column":null}},"132":{"start":{"line":258,"column":10},"end":{"line":258,"column":null}},"133":{"start":{"line":260,"column":8},"end":{"line":260,"column":null}},"134":{"start":{"line":263,"column":8},"end":{"line":263,"column":null}},"135":{"start":{"line":264,"column":8},"end":{"line":264,"column":null}},"136":{"start":{"line":269,"column":2},"end":{"line":332,"column":null}},"137":{"start":{"line":279,"column":31},"end":{"line":279,"column":null}},"138":{"start":{"line":281,"column":16},"end":{"line":284,"column":null}},"139":{"start":{"line":282,"column":18},"end":{"line":282,"column":null}},"140":{"start":{"line":283,"column":18},"end":{"line":283,"column":null}}},"fnMap":{"0":{"name":"LeafletMapPicker","decl":{"start":{"line":8,"column":24},"end":{"line":8,"column":41}},"loc":{"start":{"line":13,"column":3},"end":{"line":334,"column":null}},"line":13},"1":{"name":"(anonymous_1)","decl":{"start":{"line":27,"column":12},"end":{"line":27,"column":18}},"loc":{"start":{"line":27,"column":18},"end":{"line":42,"column":5}},"line":27},"2":{"name":"(anonymous_2)","decl":{"start":{"line":40,"column":20},"end":{"line":40,"column":26}},"loc":{"start":{"line":40,"column":26},"end":{"line":40,"column":null}},"line":40},"3":{"name":"(anonymous_3)","decl":{"start":{"line":45,"column":12},"end":{"line":45,"column":18}},"loc":{"start":{"line":45,"column":18},"end":{"line":109,"column":5}},"line":45},"4":{"name":"(anonymous_4)","decl":{"start":{"line":90,"column":27},"end":{"line":90,"column":33}},"loc":{"start":{"line":90,"column":33},"end":{"line":93,"column":7}},"line":90},"5":{"name":"(anonymous_5)","decl":{"start":{"line":96,"column":22},"end":{"line":96,"column":23}},"loc":{"start":{"line":96,"column":29},"end":{"line":100,"column":7}},"line":96},"6":{"name":"(anonymous_6)","decl":{"start":{"line":103,"column":11},"end":{"line":103,"column":17}},"loc":{"start":{"line":103,"column":17},"end":{"line":108,"column":null}},"line":103},"7":{"name":"(anonymous_7)","decl":{"start":{"line":112,"column":12},"end":{"line":112,"column":18}},"loc":{"start":{"line":112,"column":18},"end":{"line":118,"column":5}},"line":112},"8":{"name":"(anonymous_8)","decl":{"start":{"line":121,"column":31},"end":{"line":121,"column":38}},"loc":{"start":{"line":121,"column":51},"end":{"line":162,"column":null}},"line":121},"9":{"name":"(anonymous_9)","decl":{"start":{"line":165,"column":23},"end":{"line":165,"column":30}},"loc":{"start":{"line":165,"column":36},"end":{"line":243,"column":null}},"line":165},"10":{"name":"(anonymous_10)","decl":{"start":{"line":246,"column":28},"end":{"line":246,"column":29}},"loc":{"start":{"line":246,"column":35},"end":{"line":267,"column":null}},"line":246},"11":{"name":"(anonymous_11)","decl":{"start":{"line":254,"column":6},"end":{"line":254,"column":7}},"loc":{"start":{"line":254,"column":20},"end":{"line":261,"column":null}},"line":254},"12":{"name":"(anonymous_12)","decl":{"start":{"line":262,"column":6},"end":{"line":262,"column":7}},"loc":{"start":{"line":262,"column":17},"end":{"line":265,"column":null}},"line":262},"13":{"name":"(anonymous_13)","decl":{"start":{"line":279,"column":24},"end":{"line":279,"column":25}},"loc":{"start":{"line":279,"column":31},"end":{"line":279,"column":null}},"line":279},"14":{"name":"(anonymous_14)","decl":{"start":{"line":280,"column":25},"end":{"line":280,"column":26}},"loc":{"start":{"line":280,"column":32},"end":{"line":285,"column":null}},"line":280}},"branchMap":{"0":{"loc":{"start":{"line":12,"column":2},"end":{"line":12,"column":null}},"type":"default-arg","locations":[{"start":{"line":12,"column":13},"end":{"line":12,"column":null}}],"line":12},"1":{"loc":{"start":{"line":24,"column":23},"end":{"line":24,"column":null}},"type":"cond-expr","locations":[{"start":{"line":24,"column":60},"end":{"line":24,"column":69}},{"start":{"line":24,"column":69},"end":{"line":24,"column":null}}],"line":24},"2":{"loc":{"start":{"line":24,"column":23},"end":{"line":24,"column":60}},"type":"binary-expr","locations":[{"start":{"line":24,"column":23},"end":{"line":24,"column":33}},{"start":{"line":24,"column":33},"end":{"line":24,"column":47}},{"start":{"line":24,"column":47},"end":{"line":24,"column":60}}],"line":24},"3":{"loc":{"start":{"line":28,"column":4},"end":{"line":31,"column":null}},"type":"if","locations":[{"start":{"line":28,"column":4},"end":{"line":31,"column":null}},{"start":{},"end":{}}],"line":28},"4":{"loc":{"start":{"line":46,"column":4},"end":{"line":46,"column":null}},"type":"if","locations":[{"start":{"line":46,"column":4},"end":{"line":46,"column":null}},{"start":{},"end":{}}],"line":46},"5":{"loc":{"start":{"line":46,"column":8},"end":{"line":46,"column":49}},"type":"binary-expr","locations":[{"start":{"line":46,"column":8},"end":{"line":46,"column":26}},{"start":{"line":46,"column":26},"end":{"line":46,"column":49}}],"line":46},"6":{"loc":{"start":{"line":49,"column":4},"end":{"line":52,"column":null}},"type":"if","locations":[{"start":{"line":49,"column":4},"end":{"line":52,"column":null}},{"start":{},"end":{}}],"line":49},"7":{"loc":{"start":{"line":83,"column":4},"end":{"line":85,"column":null}},"type":"if","locations":[{"start":{"line":83,"column":4},"end":{"line":85,"column":null}},{"start":{},"end":{}}],"line":83},"8":{"loc":{"start":{"line":83,"column":8},"end":{"line":83,"column":29}},"type":"binary-expr","locations":[{"start":{"line":83,"column":8},"end":{"line":83,"column":20}},{"start":{"line":83,"column":20},"end":{"line":83,"column":29}}],"line":83},"9":{"loc":{"start":{"line":88,"column":4},"end":{"line":101,"column":null}},"type":"if","locations":[{"start":{"line":88,"column":4},"end":{"line":101,"column":null}},{"start":{},"end":{}}],"line":88},"10":{"loc":{"start":{"line":104,"column":6},"end":{"line":107,"column":null}},"type":"if","locations":[{"start":{"line":104,"column":6},"end":{"line":107,"column":null}},{"start":{},"end":{}}],"line":104},"11":{"loc":{"start":{"line":113,"column":4},"end":{"line":117,"column":null}},"type":"if","locations":[{"start":{"line":113,"column":4},"end":{"line":117,"column":null}},{"start":{},"end":{}}],"line":113},"12":{"loc":{"start":{"line":113,"column":8},"end":{"line":113,"column":83}},"type":"binary-expr","locations":[{"start":{"line":113,"column":8},"end":{"line":113,"column":26}},{"start":{"line":113,"column":26},"end":{"line":113,"column":47}},{"start":{"line":113,"column":47},"end":{"line":113,"column":57}},{"start":{"line":113,"column":57},"end":{"line":113,"column":71}},{"start":{"line":113,"column":71},"end":{"line":113,"column":83}}],"line":113},"13":{"loc":{"start":{"line":127,"column":6},"end":{"line":127,"column":null}},"type":"if","locations":[{"start":{"line":127,"column":6},"end":{"line":127,"column":null}},{"start":{},"end":{}}],"line":127},"14":{"loc":{"start":{"line":129,"column":19},"end":{"line":129,"column":null}},"type":"binary-expr","locations":[{"start":{"line":129,"column":19},"end":{"line":129,"column":35}},{"start":{"line":129,"column":35},"end":{"line":129,"column":null}}],"line":129},"15":{"loc":{"start":{"line":131,"column":19},"end":{"line":131,"column":null}},"type":"binary-expr","locations":[{"start":{"line":131,"column":19},"end":{"line":131,"column":32}},{"start":{"line":131,"column":32},"end":{"line":131,"column":51}},{"start":{"line":131,"column":51},"end":{"line":131,"column":64}},{"start":{"line":131,"column":64},"end":{"line":131,"column":79}},{"start":{"line":131,"column":79},"end":{"line":131,"column":101}},{"start":{"line":131,"column":101},"end":{"line":131,"column":null}}],"line":131},"16":{"loc":{"start":{"line":132,"column":16},"end":{"line":132,"column":null}},"type":"binary-expr","locations":[{"start":{"line":132,"column":16},"end":{"line":132,"column":37}},{"start":{"line":132,"column":37},"end":{"line":132,"column":null}}],"line":132},"17":{"loc":{"start":{"line":134,"column":6},"end":{"line":138,"column":null}},"type":"if","locations":[{"start":{"line":134,"column":6},"end":{"line":138,"column":null}},{"start":{"line":136,"column":6},"end":{"line":138,"column":null}}],"line":134},"18":{"loc":{"start":{"line":134,"column":10},"end":{"line":134,"column":25}},"type":"binary-expr","locations":[{"start":{"line":134,"column":10},"end":{"line":134,"column":20}},{"start":{"line":134,"column":20},"end":{"line":134,"column":25}}],"line":134},"19":{"loc":{"start":{"line":136,"column":6},"end":{"line":138,"column":null}},"type":"if","locations":[{"start":{"line":136,"column":6},"end":{"line":138,"column":null}},{"start":{},"end":{}}],"line":136},"20":{"loc":{"start":{"line":137,"column":23},"end":{"line":137,"column":null}},"type":"binary-expr","locations":[{"start":{"line":137,"column":23},"end":{"line":137,"column":39}},{"start":{"line":137,"column":39},"end":{"line":137,"column":52}},{"start":{"line":137,"column":52},"end":{"line":137,"column":69}},{"start":{"line":137,"column":69},"end":{"line":137,"column":105}},{"start":{"line":137,"column":105},"end":{"line":137,"column":null}}],"line":137},"21":{"loc":{"start":{"line":140,"column":19},"end":{"line":140,"column":null}},"type":"binary-expr","locations":[{"start":{"line":140,"column":19},"end":{"line":140,"column":32}},{"start":{"line":140,"column":32},"end":{"line":140,"column":45}},{"start":{"line":140,"column":45},"end":{"line":140,"column":61}},{"start":{"line":140,"column":61},"end":{"line":140,"column":82}},{"start":{"line":140,"column":82},"end":{"line":140,"column":null}}],"line":140},"22":{"loc":{"start":{"line":141,"column":27},"end":{"line":141,"column":null}},"type":"binary-expr","locations":[{"start":{"line":141,"column":27},"end":{"line":141,"column":49}},{"start":{"line":141,"column":49},"end":{"line":141,"column":64}},{"start":{"line":141,"column":64},"end":{"line":141,"column":80}},{"start":{"line":141,"column":80},"end":{"line":141,"column":null}}],"line":141},"23":{"loc":{"start":{"line":143,"column":6},"end":{"line":150,"column":null}},"type":"if","locations":[{"start":{"line":143,"column":6},"end":{"line":150,"column":null}},{"start":{},"end":{}}],"line":143},"24":{"loc":{"start":{"line":153,"column":6},"end":{"line":160,"column":null}},"type":"if","locations":[{"start":{"line":153,"column":6},"end":{"line":160,"column":null}},{"start":{},"end":{}}],"line":153},"25":{"loc":{"start":{"line":166,"column":4},"end":{"line":166,"column":null}},"type":"if","locations":[{"start":{"line":166,"column":4},"end":{"line":166,"column":null}},{"start":{},"end":{}}],"line":166},"26":{"loc":{"start":{"line":167,"column":4},"end":{"line":167,"column":null}},"type":"if","locations":[{"start":{"line":167,"column":4},"end":{"line":167,"column":null}},{"start":{},"end":{}}],"line":167},"27":{"loc":{"start":{"line":178,"column":6},"end":{"line":180,"column":null}},"type":"if","locations":[{"start":{"line":178,"column":6},"end":{"line":180,"column":null}},{"start":{},"end":{}}],"line":178},"28":{"loc":{"start":{"line":182,"column":6},"end":{"line":202,"column":null}},"type":"if","locations":[{"start":{"line":182,"column":6},"end":{"line":202,"column":null}},{"start":{},"end":{}}],"line":182},"29":{"loc":{"start":{"line":182,"column":6},"end":{"line":182,"column":82}},"type":"binary-expr","locations":[{"start":{"line":182,"column":11},"end":{"line":1
[...]
ine":185,"column":22},"end":{"line":185,"column":23}},"loc":{"start":{"line":185,"column":28},"end":{"line":193,"column":8}},"line":185},"8":{"name":"(anonymous_8)","decl":{"start":{"line":185,"column":32},"end":{"line":185,"column":33}},"loc":{"start":{"line":185,"column":43},"end":{"line":193,"column":7}},"line":185},"9":{"name":"(anonymous_9)","decl":{"start":{"line":195,"column":16},"end":{"line":195,"column":17}},"loc":{"start":{"line":195,"column":27},"end":{"line":195,"column":41}},"line":195},"10":{"name":"(anonymous_10)","decl":{"start":{"line":196,"column":18},"end":{"line":196,"column":19}},"loc":{"start":{"line":196,"column":28},"end":{"line":196,"column":50}},"line":196},"11":{"name":"(anonymous_11)","decl":{"start":{"line":208,"column":15},"end":{"line":208,"column":16}},"loc":{"start":{"line":208,"column":44},"end":{"line":213,"column":7}},"line":208},"12":{"name":"(anonymous_12)","decl":{"start":{"line":214,"column":18},"end":{"line":214,"column":19}},"loc":{"start":{"line":214,"column":30},"end":{"line":247,"column":7}},"line":214}},"branchMap":{"0":{"loc":{"start":{"line":9,"column":17},"end":{"line":9,"column":null}},"type":"binary-expr","locations":[{"start":{"line":9,"column":17},"end":{"line":9,"column":57}},{"start":{"line":9,"column":61},"end":{"line":9,"column":null}}],"line":9},"1":{"loc":{"start":{"line":16,"column":4},"end":{"line":21,"column":null}},"type":"if","locations":[{"start":{"line":16,"column":4},"end":{"line":21,"column":null}},{"start":{},"end":{}}],"line":16},"2":{"loc":{"start":{"line":18,"column":6},"end":{"line":20,"column":null}},"type":"if","locations":[{"start":{"line":18,"column":6},"end":{"line":20,"column":null}},{"start":{},"end":{}}],"line":18},"3":{"loc":{"start":{"line":18,"column":10},"end":{"line":18,"column":67}},"type":"binary-expr","locations":[{"start":{"line":18,"column":10},"end":{"line":18,"column":16}},{"start":{"line":18,"column":20},"end":{"line":18,"column":32}},{"start":{"line":18,"column":36},"end":{"line":18,"column":67}}],"line":18},"4":{"loc":{"start":{"line":34,"column":40},"end":{"line":34,"column":94}},"type":"binary-expr","locations":[{"start":{"line":34,"column":40},"end":{"line":34,"column":74}},{"start":{"line":34,"column":78},"end":{"line":34,"column":94}}],"line":34},"5":{"loc":{"start":{"line":187,"column":8},"end":{"line":191,"column":null}},"type":"if","locations":[{"start":{"line":187,"column":8},"end":{"line":191,"column":null}},{"start":{"line":189,"column":15},"end":{"line":191,"column":null}}],"line":187},"6":{"loc":{"start":{"line":209,"column":8},"end":{"line":211,"column":null}},"type":"if","locations":[{"start":{"line":209,"column":8},"end":{"line":211,"column":null}},{"start":{},"end":{}}],"line":209}},"s":{"0":2,"1":2,"2":2,"3":24,"4":24,"5":24,"6":0,"7":0,"8":0,"9":24,"10":2,"11":2,"12":0,"13":0,"14":0,"15":0,"16":0,"17":0,"18":0,"19":0,"20":0,"21":0,"22":0,"23":0,"24":0,"25":0,"26":0,"27":0,"28":0,"29":0,"30":0},"f":{"0":24,"1":2,"2":0,"3":0,"4":0,"5":0,"6":0,"7":0,"8":0,"9":0,"10":0,"11":0,"12":0},"b":{"0":[2,0],"1":[0,24],"2":[0,0],"3":[0,0,0],"4":[2,2],"5":[0,0],"6":[0,0]},"meta":{"lastBranch":7,"lastFunction":13,"lastStatement":31,"seen":{"s:9:17:9:Infinity":0,"b:9:17:9:57:9:61:9:Infinity":0,"s:10:19:10:Infinity":1,"s:13:26:24:Infinity":2,"f:13:26:13:27":0,"s:14:2:22:Infinity":3,"s:15:16:15:Infinity":4,"b:16:4:21:Infinity:undefined:undefined:undefined:undefined":1,"s:16:4:21:Infinity":5,"s:17:21:17:Infinity":6,"b:18:6:20:Infinity:undefined:undefined:undefined:undefined":2,"s:18:6:20:Infinity":7,"b:18:10:18:16:18:20:18:32:18:36:18:67":3,"s:19:8:19:Infinity":8,"s:23:2:23:Infinity":9,"s:26:25:250:Infinity":10,"f:28:4:28:5":1,"s:28:14:197:5":11,"b:34:40:34:74:34:78:34:94":4,"f:171:17:171:18":2,"s:172:8:174:Infinity":12,"s:173:10:173:Infinity":13,"s:175:8:175:Infinity":14,"f:175:12:175:13":3,"s:175:24:175:66":15,"f:177:25:177:26":4,"s:177:45:177:68":16,"f:178:26:178:27":5,"s:178:38:178:70":17,"f:179:23:179:24":6,"s:179:35:179:64":18,"f:185:22:185:23":7,"s:185:28:193:8":19,"f:185:32:185:33":8,"s:186:24:186:Infinity":20,"b:187:8:191:Infinity:189:15:191:Infinity":5,"s:187:8:191:Infinity":21,"s:188:10:188:Infinity":22,"s:190:10:190:Infinity":23,"s:192:8:192:Infinity":24,"f:195:16:195:17":9,"s:195:27:195:41":25,"f:196:18:196:19":10,"s:196:28:196:50":26,"f:208:15:208:16":11,"b:209:8:211:Infinity:undefined:undefined:undefined:undefined":6,"s:209:8:211:Infinity":27,"s:210:10:210:Infinity":28,"s:212:8:212:Infinity":29,"f:214:18:214:19":12,"s:214:30:247:7":30},"fnNames":{}}}
,"D:\\PROTOTIPE\\Plantillas Core\\App Ventas\\src\\store\\authStore.js": {"path":"D:\\PROTOTIPE\\Plantillas Core\\App Ventas\\src\\store\\authStore.js","statementMap":{"0":{"start":{"line":10,"column":20},"end":{"line":68,"column":null}},"1":{"start":{"line":12,"column":14},"end":{"line":58,"column":5}},"2":{"start":{"line":24,"column":34},"end":{"line":28,"column":8}},"3":{"start":{"line":34,"column":33},"end":{"line":38,"column":8}},"4":{"start":{"line":44,"column":37},"end":{"line":46,"column":9}},"5":{"start":{"line":44,"column":53},"end":{"line":46,"column":7}},"6":{"start":{"line":51,"column":20},"end":{"line":55,"column":8}},"7":{"start":{"line":57,"column":29},"end":{"line":57,"column":54}},"8":{"start":{"line":62,"column":30},"end":{"line":65,"column":7}}},"fnMap":{"0":{"name":"(anonymous_0)","decl":{"start":{"line":12,"column":4},"end":{"line":12,"column":5}},"loc":{"start":{"line":12,"column":14},"end":{"line":58,"column":5}},"line":12},"1":{"name":"(anonymous_1)","decl":{"start":{"line":24,"column":16},"end":{"line":24,"column":17}},"loc":{"start":{"line":24,"column":34},"end":{"line":28,"column":8}},"line":24},"2":{"name":"(anonymous_2)","decl":{"start":{"line":34,"column":17},"end":{"line":34,"column":18}},"loc":{"start":{"line":34,"column":33},"end":{"line":38,"column":8}},"line":34},"3":{"name":"(anonymous_3)","decl":{"start":{"line":44,"column":20},"end":{"line":44,"column":21}},"loc":{"start":{"line":44,"column":37},"end":{"line":46,"column":9}},"line":44},"4":{"name":"(anonymous_4)","decl":{"start":{"line":44,"column":41},"end":{"line":44,"column":42}},"loc":{"start":{"line":44,"column":53},"end":{"line":46,"column":7}},"line":44},"5":{"name":"(anonymous_5)","decl":{"start":{"line":51,"column":14},"end":{"line":51,"column":15}},"loc":{"start":{"line":51,"column":20},"end":{"line":55,"column":8}},"line":51},"6":{"name":"(anonymous_6)","decl":{"start":{"line":57,"column":18},"end":{"line":57,"column":19}},"loc":{"start":{"line":57,"column":29},"end":{"line":57,"column":54}},"line":57},"7":{"name":"(anonymous_7)","decl":{"start":{"line":62,"column":18},"end":{"line":62,"column":19}},"loc":{"start":{"line":62,"column":30},"end":{"line":65,"column":7}},"line":62}},"branchMap":{"0":{"loc":{"start":{"line":45,"column":14},"end":{"line":45,"column":null}},"type":"cond-expr","locations":[{"start":{"line":45,"column":58},"end":{"line":45,"column":91}},{"start":{"line":45,"column":94},"end":{"line":45,"column":null}}],"line":45},"1":{"loc":{"start":{"line":45,"column":14},"end":{"line":45,"column":55}},"type":"binary-expr","locations":[{"start":{"line":45,"column":14},"end":{"line":45,"column":41}},{"start":{"line":45,"column":45},"end":{"line":45,"column":55}}],"line":45},"2":{"loc":{"start":{"line":63,"column":14},"end":{"line":63,"column":61}},"type":"cond-expr","locations":[{"start":{"line":63,"column":44},"end":{"line":63,"column":54}},{"start":{"line":63,"column":57},"end":{"line":63,"column":61}}],"line":63},"3":{"loc":{"start":{"line":64,"column":14},"end":{"line":64,"column":61}},"type":"cond-expr","locations":[{"start":{"line":64,"column":44},"end":{"line":64,"column":54}},{"start":{"line":64,"column":57},"end":{"line":64,"column":61}}],"line":64}},"s":{"0":1,"1":1,"2":0,"3":0,"4":0,"5":0,"6":0,"7":0,"8":0},"f":{"0":1,"1":0,"2":0,"3":0,"4":0,"5":0,"6":0,"7":0},"b":{"0":[0,0],"1":[0,0],"2":[0,0],"3":[0,0]},"meta":{"lastBranch":4,"lastFunction":8,"lastStatement":9,"seen":{"s:10:20:68:Infinity":0,"f:12:4:12:5":0,"s:12:14:58:5":1,"f:24:16:24:17":1,"s:24:34:28:8":2,"f:34:17:34:18":2,"s:34:33:38:8":3,"f:44:20:44:21":3,"s:44:37:46:9":4,"f:44:41:44:42":4,"s:44:53:46:7":5,"b:45:58:45:91:45:94:45:Infinity":0,"b:45:14:45:41:45:45:45:55":1,"f:51:14:51:15":5,"s:51:20:55:8":6,"f:57:18:57:19":6,"s:57:29:57:54":7,"f:62:18:62:19":7,"s:62:30:65:7":8,"b:63:44:63:54:63:57:63:61":2,"b:64:44:64:54:64:57:64:61":3},"fnNames":{}}}
,"D:\\PROTOTIPE\\Plantillas Core\\App Ventas\\src\\store\\portalStore.js": {"path":"D:\\PROTOTIPE\\Plantillas Core\\App Ventas\\src\\store\\portalStore.js","statementMap":{"0":{"start":{"line":9,"column":22},"end":{"line":31,"column":null}},"1":{"start":{"line":11,"column":14},"end":{"line":22,"column":5}},"2":{"start":{"line":18,"column":8},"end":{"line":18,"column":62}},"3":{"start":{"line":21,"column":8},"end":{"line":21,"column":57}},"4":{"start":{"line":25,"column":30},"end":{"line":28,"column":7}}},"fnMap":{"0":{"name":"(anonymous_0)","decl":{"start":{"line":11,"column":4},"end":{"line":11,"column":5}},"loc":{"start":{"line":11,"column":14},"end":{"line":22,"column":5}},"line":11},"1":{"name":"(anonymous_1)","decl":{"start":{"line":17,"column":25},"end":{"line":17,"column":26}},"loc":{"start":{"line":18,"column":8},"end":{"line":18,"column":62}},"line":18},"2":{"name":"(anonymous_2)","decl":{"start":{"line":20,"column":27},"end":{"line":20,"column":28}},"loc":{"start":{"line":21,"column":8},"end":{"line":21,"column":57}},"line":21},"3":{"name":"(anonymous_3)","decl":{"start":{"line":25,"column":18},"end":{"line":25,"column":19}},"loc":{"start":{"line":25,"column":30},"end":{"line":28,"column":7}},"line":25}},"branchMap":{"0":{"loc":{"start":{"line":17,"column":36},"end":{"line":17,"column":48}},"type":"default-arg","locations":[{"start":{"line":17,"column":44},"end":{"line":17,"column":48}}],"line":17}},"s":{"0":2,"1":2,"2":0,"3":0,"4":0},"f":{"0":2,"1":0,"2":0,"3":0},"b":{"0":[0]},"meta":{"lastBranch":1,"lastFunction":4,"lastStatement":5,"seen":{"s:9:22:31:Infinity":0,"f:11:4:11:5":0,"s:11:14:22:5":1,"f:17:25:17:26":1,"s:18:8:18:62":2,"b:17:44:17:48":0,"f:20:27:20:28":2,"s:21:8:21:57":3,"f:25:18:25:19":3,"s:25:30:28:7":4},"fnNames":{}}}
,"D:\\PROTOTIPE\\Plantillas Core\\App Ventas\\src\\utils\\formatters.js": {"path":"D:\\PROTOTIPE\\Plantillas Core\\App Ventas\\src\\utils\\formatters.js","statementMap":{"0":{"start":{"line":11,"column":2},"end":{"line":11,"column":null}},"1":{"start":{"line":11,"column":34},"end":{"line":11,"column":null}},"2":{"start":{"line":12,"column":2},"end":{"line":17,"column":null}},"3":{"start":{"line":26,"column":2},"end":{"line":26,"column":null}},"4":{"start":{"line":26,"column":13},"end":{"line":26,"column":null}},"5":{"start":{"line":28,"column":2},"end":{"line":36,"column":null}},"6":{"start":{"line":29,"column":4},"end":{"line":29,"column":null}},"7":{"start":{"line":30,"column":9},"end":{"line":36,"column":null}},"8":{"start":{"line":31,"column":4},"end":{"line":31,"column":null}},"9":{"start":{"line":32,"column":9},"end":{"line":36,"column":null}},"10":{"start":{"line":33,"column":4},"end":{"line":33,"column":null}},"11":{"start":{"line":35,"column":4},"end":{"line":35,"column":null}},"12":{"start":{"line":38,"column":2},"end":{"line":38,"column":null}},"13":{"start":{"line":38,"column":26},"end":{"line":38,"column":null}},"14":{"start":{"line":40,"column":2},"end":{"line":44,"column":null}},"15":{"start":{"line":53,"column":2},"end":{"line":53,"column":null}},"16":{"start":{"line":53,"column":13},"end":{"line":53,"column":null}},"17":{"start":{"line":55,"column":2},"end":{"line":63,"column":null}},"18":{"start":{"line":56,"column":4},"end":{"line":56,"column":null}},"19":{"start":{"line":57,"column":9},"end":{"line":63,"column":null}},"20":{"start":{"line":58,"column":4},"end":{"line":58,"column":null}},"21":{"start":{"line":59,"column":9},"end":{"line":63,"column":null}},"22":{"start":{"line":60,"column":4},"end":{"line":60,"column":null}},"23":{"start":{"line":62,"column":4},"end":{"line":62,"column":null}},"24":{"start":{"line":65,"column":2},"end":{"line":65,"column":null}},"25":{"start":{"line":65,"column":26},"end":{"line":65,"column":null}},"26":{"start":{"line":67,"column":2},"end":{"line":71,"column":null}},"27":{"start":{"line":81,"column":2},"end":{"line":81,"column":null}},"28":{"start":{"line":81,"column":13},"end":{"line":81,"column":null}},"29":{"start":{"line":82,"column":2},"end":{"line":82,"column":null}}},"fnMap":{"0":{"name":"formatCurrency","decl":{"start":{"line":10,"column":16},"end":{"line":10,"column":30}},"loc":{"start":{"line":10,"column":39},"end":{"line":18,"column":null}},"line":10},"1":{"name":"formatDate","decl":{"start":{"line":25,"column":16},"end":{"line":25,"column":26}},"loc":{"start":{"line":25,"column":33},"end":{"line":45,"column":null}},"line":25},"2":{"name":"formatTime","decl":{"start":{"line":52,"column":16},"end":{"line":52,"column":26}},"loc":{"start":{"line":52,"column":33},"end":{"line":72,"column":null}},"line":52},"3":{"name":"truncate","decl":{"start":{"line":80,"column":16},"end":{"line":80,"column":24}},"loc":{"start":{"line":80,"column":47},"end":{"line":83,"column":null}},"line":80}},"branchMap":{"0":{"loc":{"start":{"line":11,"column":2},"end":{"line":11,"column":null}},"type":"if","locations":[{"start":{"line":11,"column":2},"end":{"line":11,"column":null}},{"start":{},"end":{}}],"line":11},"1":{"loc":{"start":{"line":26,"column":2},"end":{"line":26,"column":null}},"type":"if","locations":[{"start":{"line":26,"column":2},"end":{"line":26,"column":null}},{"start":{},"end":{}}],"line":26},"2":{"loc":{"start":{"line":28,"column":2},"end":{"line":36,"column":null}},"type":"if","locations":[{"start":{"line":28,"column":2},"end":{"line":36,"column":null}},{"start":{"line":30,"column":9},"end":{"line":36,"column":null}}],"line":28},"3":{"loc":{"start":{"line":28,"column":6},"end":{"line":28,"column":54}},"type":"binary-expr","locations":[{"start":{"line":28,"column":6},"end":{"line":28,"column":17}},{"start":{"line":28,"column":21},"end":{"line":28,"column":54}}],"line":28},"4":{"loc":{"start":{"line":30,"column":9},"end":{"line":36,"column":null}},"type":"if","locations":[{"start":{"line":30,"column":9},"end":{"line":36,"column":null}},{"start":{"line":32,"column":9},"end":{"line":36,"column":null}}],"line":30},"5":{"loc":{"start":{"line":32,"column":9},"end":{"line":36,"column":null}},"type":"if","locations":[{"start":{"line":32,"column":9},"end":{"line":36,"column":null}},{"start":{"line":34,"column":9},"end":{"line":36,"column":null}}],"line":32},"6":{"loc":{"start":{"line":32,"column":13},"end":{"line":32,"column":67}},"type":"binary-expr","locations":[{"start":{"line":32,"column":13},"end":{"line":32,"column":37}},{"start":{"line":32,"column":41},"end":{"line":32,"column":67}}],"line":32},"7":{"loc":{"start":{"line":33,"column":51},"end":{"line":33,"column":72}},"type":"binary-expr","locations":[{"start":{"line":33,"column":51},"end":{"line":33,"column":67}},{"start":{"line":33,"column":71},"end":{"line":33,"column":72}}],"line":33},"8":{"loc":{"start":{"line":38,"column":2},"end":{"line":38,"column":null}},"type":"if","locations":[{"start":{"line":38,"column":2},"end":{"line":38,"column":null}},{"start":{},"end":{}}],"line":38},"9":{"loc":{"start":{"line":53,"column":2},"end":{"line":53,"column":null}},"type":"if","locations":[{"start":{"line":53,"column":2},"end":{"line":53,"column":null}},{"start":{},"end":{}}],"line":53},"10":{"loc":{"start":{"line":55,"column":2},"end":{"line":63,"column":null}},"type":"if","locations":[{"start":{"line":55,"column":2},"end":{"line":63,"column":null}},{"start":{"line":57,"column":9},"end":{"line":63,"column":null}}],"line":55},"11":{"loc":{"start":{"line":55,"column":6},"end":{"line":55,"column":54}},"type":"binary-expr","locations":[{"start":{"line":55,"column":6},"end":{"line":55,"column":17}},{"start":{"line":55,"column":21},"end":{"line":55,"column":54}}],"line":55},"12":{"loc":{"start":{"line":57,"column":9},"end":{"line":63,"column":null}},"type":"if","locations":[{"start":{"line":57,"column":9},"end":{"line":63,"column":null}},{"start":{"line":59,"column":9},"end":{"line":63,"column":null}}],"line":57},"13":{"loc":{"start":{"line":59,"column":9},"end":{"line":63,"column":null}},"type":"if","locations":[{"start":{"line":59,"column":9},"end":{"line":63,"column":null}},{"start":{"line":61,"column":9},"end":{"line":63,"column":null}}],"line":59},"14":{"loc":{"start":{"line":59,"column":13},"end":{"line":59,"column":67}},"type":"binary-expr","locations":[{"start":{"line":59,"column":13},"end":{"line":59,"column":37}},{"start":{"line":59,"column":41},"end":{"line":59,"column":67}}],"line":59},"15":{"loc":{"start":{"line":60,"column":51},"end":{"line":60,"column":72}},"type":"binary-expr","locations":[{"start":{"line":60,"column":51},"end":{"line":60,"column":67}},{"start":{"line":60,"column":71},"end":{"line":60,"column":72}}],"line":60},"16":{"loc":{"start":{"line":65,"column":2},"end":{"line":65,"column":null}},"type":"if","locations":[{"start":{"line":65,"column":2},"end":{"line":65,"column":null}},{"start":{},"end":{}}],"line":65},"17":{"loc":{"start":{"line":80,"column":31},"end":{"line":80,"column":45}},"type":"default-arg","locations":[{"start":{"line":80,"column":43},"end":{"line":80,"column":45}}],"line":80},"18":{"loc":{"start":{"line":81,"column":2},"end":{"line":81,"column":null}},"type":"if","locations":[{"start":{"line":81,"column":2},"end":{"line":81,"column":null}},{"start":{},"end":{}}],"line":81},"19":{"loc":{"start":{"line":82,"column":9},"end":{"line":82,"column":null}},"type":"cond-expr","locations":[{"start":{"line":82,"column":35},"end":{"line":82,"column":67}},{"start":{"line":82,"column":70},"end":{"line":82,"column":null}}],"line":82}},"s":{"0":0,"1":0,"2":0,"3":0,"4":0,"5":0,"6":0,"7":0,"8":0,"9":0,"10":0,"11":0,"12":0,"13":0,"14":0,"15":0,"16":0,"17":0,"18":0,"19":0,"20":0,"21":0,"22":0,"23":0,"24":0,"25":0,"26":0,"27":0,"28":0,"29":0},"f":{"0":0,"1":0,"2":0,"3":0},"b":{"0":[0,0],"1":[0,0],"2":[0,0],"3":[0,0],"4":[0,0],"5":[0,0],"6":[0,0],"7":[0,0],"8":[0,0],"9":[0,0],"10":[0,0],"11":[0,0],"12":[0,0],"13":[0,0],"14":[0,0],"15":[0,0],"16":[0,0],"17":[0],"18":[0,0],"19":[0,0]},"meta":{"lastBranch":20,"lastFunction":4,"lastStatement":30,"seen":{"f:10:16:10:30":0,"b:11:2:11:Infinity:undefined:undefined:undefined:undefined":0,"s:11:2:11:Infinity":0,"s:11:34:11:Infinity":1,"s:12:2:17:Infinity":2,"f:25:16:25:26":1,"b:26:2:26:Infinity:undefined:undefined:undefined:undefined":1,"s:26:2:26:Infinity":3,"s:26:13:26:Infinity":4,"b:28:2:36:Infinity:30:9:36:Infinity":2,"s:28:2:36:Infinity":5,"b:28:6:28:17:28:21:28:54":3,"s:29:4:29:Infinity":6,"b:30:9:36:Infinity:32:9:36:Infinity":4,"s:30:9:36:Infinity":7,"s:31:4:31:Infinity":8,"b:32:9:36:Infinity:34:9:36:Infinity":5,"s:32:9:36:Infinity":9,"b:32:13:32:37:32:41:32:67":6,"s:33:4:33:Infinity":10,"b:33:51:33:67:33:71:33:72":7,"s:35:4:35:Infinity":11,"b:38:2:38:Infinity:undefined:undefined:undefined:undefined":8,"s:38:2:38:Infinity":12,"s:38:26:38:Infinity":13,"s:40:2:44:Infinity":14,"f:52:16:52:26":2,"b:53:2:53:Infinity:undefined:undefined:undefined:undefined":9,"s:53:2:53:Infinity":15,"s:53:13:53:Infinity":16,"b:55:2:63:Infinity:57:9:63:Infinity":10,"s:55:2:63:Infinity":17,"b:55:6:55:17:55:21:55:54":11,"s:56:4:56:Infinity":18,"b:57:9:63:Infinity:59:9:63:Infinity":12,"s:57:9:63:Infinity":19,"s:58:4:58:Infinity":20,"b:59:9:63:Infinity:61:9:63:Infinity":13,"s:59:9:63:Infinity":21,"b:59:13:59:37:59:41:59:67":14,"s:60:4:60:Infinity":22,"b:60:51:60:67:60:71:60:72":15,"s:62:4:62:Infinity":23,"b:65:2:65:Infinity:undefined:undefined:undefined:undefined":16,"s:65:2:65:Infinity":24,"s:65:26:65:Infinity":25,"s:67:2:71:Infinity":26,"f:80:16:80:24":3,"b:80:43:80:45":17,"b:81:2:81:Infinity:undefined:undefined:undefined:undefined":18,"s:81:2:81:Infinity":27,"s:81:13:81:Infinity":28,"s:82:2:82:Infinity":29,"b:82:35:82:67:82:70:82:Infinity":19},"fnNames":{}}}
}
