{"D:\\PROTOTIPE\\Plantillas Core\\App Ventas\\src\\components\\admin\\orders\\OrderDeliveryPanel.jsx": {"path":"D:\\PROTOTIPE\\Plantillas Core\\App Ventas\\src\\components\\admin\\orders\\OrderDeliveryPanel.jsx","statementMap":{"0":{"start":{"line":34,"column":21},"end":{"line":42,"column":null}},"1":{"start":{"line":44,"column":19},"end":{"line":50,"column":null}},"2":{"start":{"line":54,"column":22},"end":{"line":54,"column":null}},"3":{"start":{"line":55,"column":2},"end":{"line":105,"column":null}},"4":{"start":{"line":61,"column":24},"end":{"line":61,"column":68}},"5":{"start":{"line":61,"column":58},"end":{"line":61,"column":68}},"6":{"start":{"line":68,"column":24},"end":{"line":68,"column":null}},"7":{"start":{"line":85,"column":29},"end":{"line":85,"column":null}},"8":{"start":{"line":96,"column":29},"end":{"line":96,"column":null}},"9":{"start":{"line":111,"column":21},"end":{"line":111,"column":null}},"10":{"start":{"line":112,"column":18},"end":{"line":112,"column":null}},"11":{"start":{"line":113,"column":2},"end":{"line":113,"column":null}},"12":{"start":{"line":113,"column":25},"end":{"line":113,"column":null}},"13":{"start":{"line":115,"column":27},"end":{"line":115,"column":null}},"14":{"start":{"line":116,"column":20},"end":{"line":116,"column":null}},"15":{"start":{"line":117,"column":13},"end":{"line":117,"column":null}},"16":{"start":{"line":118,"column":19},"end":{"line":118,"column":null}},"17":{"start":{"line":120,"column":30},"end":{"line":120,"column":null}},"18":{"start":{"line":121,"column":32},"end":{"line":121,"column":null}},"19":{"start":{"line":122,"column":32},"end":{"line":122,"column":null}},"20":{"start":{"line":123,"column":28},"end":{"line":123,"column":null}},"21":{"start":{"line":124,"column":22},"end":{"line":124,"column":null}},"22":{"start":{"line":125,"column":26},"end":{"line":125,"column":null}},"23":{"start":{"line":126,"column":32},"end":{"line":126,"column":null}},"24":{"start":{"line":127,"column":36},"end":{"line":127,"column":null}},"25":{"start":{"line":130,"column":2},"end":{"line":153,"column":null}},"26":{"start":{"line":131,"column":20},"end":{"line":131,"column":null}},"27":{"start":{"line":132,"column":17},"end":{"line":150,"column":null}},"28":{"start":{"line":133,"column":6},"end":{"line":133,"column":null}},"29":{"start":{"line":134,"column":6},"end":{"line":149,"column":null}},"30":{"start":{"line":135,"column":32},"end":{"line":139,"column":null}},"31":{"start":{"line":140,"column":8},"end":{"line":144,"column":null}},"32":{"start":{"line":141,"column":10},"end":{"line":141,"column":null}},"33":{"start":{"line":142,"column":10},"end":{"line":142,"column":null}},"34":{"start":{"line":143,"column":10},"end":{"line":143,"column":null}},"35":{"start":{"line":146,"column":8},"end":{"line":146,"column":null}},"36":{"start":{"line":148,"column":8},"end":{"line":148,"column":null}},"37":{"start":{"line":148,"column":24},"end":{"line":148,"column":null}},"38":{"start":{"line":151,"column":4},"end":{"line":151,"column":null}},"39":{"start":{"line":152,"column":4},"end":{"line":152,"column":null}},"40":{"start":{"line":152,"column":19},"end":{"line":152,"column":36}},"41":{"start":{"line":156,"column":8},"end":{"line":188,"column":null}},"42":{"start":{"line":157,"column":4},"end":{"line":157,"column":null}},"43":{"start":{"line":158,"column":4},"end":{"line":187,"column":null}},"44":{"start":{"line":159,"column":6},"end":{"line":180,"column":null}},"45":{"start":{"line":161,"column":8},"end":{"line":173,"column":null}},"46":{"start":{"line":169,"column":47},"end":{"line":169,"column":90}},"47":{"start":{"line":175,"column":8},"end":{"line":179,"column":null}},"48":{"start":{"line":181,"column":22},"end":{"line":181,"column":null}},"49":{"start":{"line":182,"column":6},"end":{"line":182,"column":null}},"50":{"start":{"line":184,"column":6},"end":{"line":184,"column":null}},"51":{"start":{"line":186,"column":6},"end":{"line":186,"column":null}},"52":{"start":{"line":191,"column":8},"end":{"line":200,"column":null}},"53":{"start":{"line":192,"column":4},"end":{"line":192,"column":null}},"54":{"start":{"line":192,"column":19},"end":{"line":192,"column":null}},"55":{"start":{"line":193,"column":4},"end":{"line":193,"column":null}},"56":{"start":{"line":194,"column":4},"end":{"line":199,"column":null}},"57":{"start":{"line":195,"column":6},"end":{"line":195,"column":null}},"58":{"start":{"line":196,"column":22},"end":{"line":196,"column":null}},"59":{"start":{"line":197,"column":6},"end":{"line":197,"column":null}},"60":{"start":{"line":198,"column":18},"end":{"line":198,"column":35}},"61":{"start":{"line":199,"column":14},"end":{"line":199,"column":29}},"62":{"start":{"line":203,"column":8},"end":{"line":229,"column":null}},"63":{"start":{"line":204,"column":4},"end":{"line":207,"column":null}},"64":{"start":{"line":205,"column":6},"end":{"line":205,"column":null}},"65":{"start":{"line":206,"column":6},"end":{"line":206,"column":null}},"66":{"start":{"line":208,"column":4},"end":{"line":208,"column":null}},"67":{"start":{"line":209,"column":4},"end":{"line":228,"column":null}},"68":{"start":{"line":210,"column":6},"end":{"line":222,"column":null}},"69":{"start":{"line":211,"column":8},"end":{"line":221,"column":null}},"70":{"start":{"line":217,"column":47},"end":{"line":217,"column":90}},"71":{"start":{"line":223,"column":6},"end":{"line":223,"column":null}},"72":{"start":{"line":224,"column":22},"end":{"line":224,"column":null}},"73":{"start":{"line":225,"column":6},"end":{"line":225,"column":null}},"74":{"start":{"line":226,"column":6},"end":{"line":226,"column":null}},"75":{"start":{"line":227,"column":18},"end":{"line":227,"column":35}},"76":{"start":{"line":228,"column":14},"end":{"line":228,"column":29}},"77":{"start":{"line":232,"column":27},"end":{"line":241,"column":null}},"78":{"start":{"line":233,"column":4},"end":{"line":233,"column":null}},"79":{"start":{"line":233,"column":19},"end":{"line":233,"column":null}},"80":{"start":{"line":234,"column":4},"end":{"line":236,"column":null}},"81":{"start":{"line":235,"column":6},"end":{"line":235,"column":null}},"82":{"start":{"line":235,"column":33},"end":{"line":235,"column":62}},"83":{"start":{"line":237,"column":4},"end":{"line":239,"column":null}},"84":{"start":{"line":238,"column":6},"end":{"line":238,"column":null}},"85":{"start":{"line":238,"column":33},"end":{"line":238,"column":65}},"86":{"start":{"line":240,"column":4},"end":{"line":240,"column":null}},"87":{"start":{"line":243,"column":20},"end":{"line":243,"column":null}},"88":{"start":{"line":245,"column":24},"end":{"line":248,"column":null}},"89":{"start":{"line":246,"column":18},"end":{"line":246,"column":null}},"90":{"start":{"line":247,"column":4},"end":{"line":247,"column":null}},"91":{"start":{"line":247,"column":15},"end":{"line":247,"column":null}},"92":{"start":{"line":250,"column":22},"end":{"line":259,"column":null}},"93":{"start":{"line":251,"column":8},"end":{"line":251,"column":null}},"94":{"start":{"line":252,"column":4},"end":{"line":258,"column":null}},"95":{"start":{"line":253,"column":6},"end":{"line":255,"column":null}},"96":{"start":{"line":254,"column":8},"end":{"line":254,"column":null}},"97":{"start":{"line":256,"column":12},"end":{"line":256,"column":null}},"98":{"start":{"line":257,"column":6},"end":{"line":257,"column":null}},"99":{"start":{"line":261,"column":22},"end":{"line":267,"column":null}},"100":{"start":{"line":262,"column":10},"end":{"line":262,"column":null}},"101":{"start":{"line":263,"column":4},"end":{"line":266,"column":null}},"102":{"start":{"line":264,"column":6},"end":{"line":264,"column":null}},"103":{"start":{"line":265,"column":6},"end":{"line":265,"column":null}},"104":{"start":{"line":265,"column":23},"end":{"line":265,"column":41}},"105":{"start":{"line":269,"column":23},"end":{"line":269,"column":null}},"106":{"start":{"line":270,"column":23},"end":{"line":270,"column":null}},"107":{"start":{"line":272,"column":2},"end":{"line":278,"column":null}},"108":{"start":{"line":273,"column":4},"end":{"line":276,"column":null}},"109":{"start":{"line":280,"column":2},"end":{"line":484,"column":null}},"110":{"start":{"line":352,"column":22},"end":{"line":364,"column":null}},"111":{"start":{"line":354,"column":39},"end":{"line":354,"column":null}},"112":{"start":{"line":375,"column":22},"end":{"line":393,"column":null}},"113":{"start":{"line":377,"column":39},"end":{"line":377,"column":null}},"114":{"start":{"line":408,"column":35},"end":{"line":408,"column":null}},"115":{"start":{"line":417,"column":33},"end":{"line":417,"column":null}},"116":{"start":{"line":424,"column":33},"end":{"line":424,"column":null}},"117":{"start":{"line":448,"column":31},"end":{"line":448,"column":null}},"118":{"start":{"line":448,"column":51},"end":{"line":448,"column":53}},"119":{"start":{"line":459,"column":24},"end":{"line":463,"column":null}},"120":{"start":{"line":479,"column":27},"end":{"line":479,"column":null}},"121":{"start":{"line":480,"column":33},"end":{"line":480,"column":null}}},"fnMap":{"0":{"name":"FailNoteModal","decl":{"start":{"line":53,"column":9},"end":{"line":53,"column":23}},"loc":{"start":{"line":53,"column":55},"end":{"line":107,"column":null}},"line":53},"1":{"name":"(anonymous_1)","decl":{"start":{"line":61,"column":15},"end":{"line":61,"column":16}},"loc":{"start":{"line":61,"column":22},"end":{"line":61,"column":null}},"line":61},"2":{"name":"(anonymous_2)","decl":{"start":{"line":68,"column":17},"end":{"line":68,"column":18}},"loc":{"start":{"line":68,"column":24},"end":{"line":68,"column":null}},"line":68},"3":{"name":"(anonymous_3)","decl":{"start":{"line":85,"column":22},"end":{"line":85,"column":23}},"loc":{"start":{"line":85,"column":29},"end":{"line":85,"column":null}},"line":85},"4":{"name":"(anonymous_4)","decl":{"start":{"line":96,"column":23},"end":{"line":96,"column":29}},"loc":{"start":{"line":96,"column":29},"end":{"line":96,"column":null}},"line":96},"5":{"name":"OrderDeliveryPanel","decl":{"start":{"line":110,"column":24},"end":{"line":110,"column":43}},"loc":{"start":{"line":110,"column":54},"end":{"line":486,"column":null}},"line":110},"6":{"name":"(anonymous_6)","decl":{"start":{"line":130,"column":12},"end":{"line":130,"column":18}},"loc":{"start":{"line":130,"column":18},"end":{"line":153,"column":5}},"line":130},"7":{"name":"(anonymous_7)","decl":{"start":{"line":132,"column":17},"end":{"line":132,"column":29}},"loc":{"start":{"line":132,"column":29},"end":{"line":150,"column":null}},"line":132},"8":{"name":"(anonymous_8)","decl":{"start":{"line":152,"column":11},"end":{"line":152,"column":17}},"loc":{"start":{"line":152,"column":17},"end":{"line":152,"column":null}},"line":152},"9":{"name":"(anonymous_9)","decl":{"start":{"line":156,"column":35},"end":{"line":156,"column":42}},"loc":{"start":{"line":156,"column":61},"end":{"line":188,"column":5}},"line":156},"10":{"name":"(anonymous_10)","decl":{"start":{"line":169,"column":41},"end":{"line":169,"column":47}},"loc":{"start":{"line":169,"column":47},"end":{"line":169,"column":90}},"line":169},"11":{"name":"(anonymous_11)","decl":{"start":{"line":191,"column":37},"end":{"line":191,"column":49}},"loc":{"start":{"line":191,"column":49},"end":{"line":200,"column":5}},"line":191},"12":{"name":"(anonymous_12)","decl":{"start":{"line":203,"column":40},"end":{"line":203,"column":47}},"loc":{"start":{"line":203,"column":69},"end":{"line":229,"column":5}},"line":203},"13":{"name":"(anonymous_13)","decl":{"start":{"line":217,"column":41},"end":{"line":217,"column":47}},"loc":{"start":{"line":217,"column":47},"end":{"line":217,"column":90}},"line":217},"14":{"name":"(anonymous_14)","decl":{"start":{"line":232,"column":27},"end":{"line":232,"column":33}},"loc":{"start":{"line":232,"column":33},"end":{"line":241,"column":null}},"line":232},"15":{"name":"(anonymous_15)","decl":{"start":{"line":235,"column":28},"end":{"line":235,"column":33}},"loc":{"start":{"line":235,"column":33},"end":{"line":235,"column":62}},"line":235},"16":{"name":"(anonymous_16)","decl":{"start":{"line":238,"column":28},"end":{"line":238,"column":33}},"loc":{"start":{"line":238,"column":33},"end":{"line":238,"column":65}},"line":238},"17":{"name":"(anonymous_17)","decl":{"start":{"line":245,"column":24},"end":{"line":245,"column":30}},"loc":{"start":{"line":245,"column":30},"end":{"line":248,"column":null}},"line":245},"18":{"name":"(anonymous_18)","decl":{"start":{"line":250,"column":22},"end":{"line":250,"column":28}},"loc":{"start":{"line":250,"column":28},"end":{"line":259,"column":null}},"line":250},"19":{"name":"(anonymous_19)","decl":{"start":{"line":261,"column":22},"end":{"line":261,"column":28}},"loc":{"start":{"line":261,"column":28},"end":{"line":267,"column":null}},"line":261},"20":{"name":"(anonymous_20)","decl":{"start":{"line":263,"column":44},"end":{"line":263,"column":50}},"loc":{"start":{"line":263,"column":50},"end":{"line":266,"column":5}},"line":263},"21":{"name":"(anonymous_21)","decl":{"start":{"line":265,"column":17},"end":{"line":265,"column":23}},"loc":{"start":{"line":265,"column":23},"end":{"line":265,"column":41}},"line":265},"22":{"name":"(anonymous_22)","decl":{"start":{"line":351,"column":35},"end":{"line":351,"column":null}},"loc":{"start":{"line":352,"column":22},"end":{"line":364,"column":null}},"line":352},"23":{"name":"(anonymous_23)","decl":{"start":{"line":354,"column":33},"end":{"line":354,"column":39}},"loc":{"start":{"line":354,"column":39},"end":{"line":354,"column":null}},"line":354},"24":{"name":"(anonymous_24)","decl":{"start":{"line":374,"column":35},"end":{"line":374,"column":null}},"loc":{"start":{"line":375,"column":22},"end":{"line":393,"column":null}},"line":375},"25":{"name":"(anonymous_25)","decl":{"start":{"line":377,"column":33},"end":{"line":377,"column":39}},"loc":{"start":{"line":377,"column":39},"end":{"line":377,"column":null}},"line":377},"26":{"name":"(anonymous_26)","decl":{"start":{"line":408,"column":29},"end":{"line":408,"column":35}},"loc":{"start":{"line":408,"column":35},"end":{"line":408,"column":null}},"line":408},"27":{"name":"(anonymous_27)","decl":{"start":{"line":417,"column":27},"end":{"line":417,"column":33}},"loc":{"start":{"line":417,"column":33},"end":{"line":417,"column":null}},"line":417},"28":{"name":"(anonymous_28)","decl":{"start":{"line":424,"column":27},"end":{"line":424,"column":33}},"loc":{"start":{"line":424,"column":33},"end":{"line":424,"column":null}},"line":424},"29":{"name":"(anonymous_29)","decl":{"start":{"line":448,"column":25},"end":{"line":448,"column":31}},"loc":{"start":{"line":448,"column":31},"end":{"line":448,"column":null}},"line":448},"30":{"name":"(anonymous_30)","decl":{"start":{"line":448,"column":46},"end":{"line":448,"column":51}},"loc":{"start":{"line":448,"column":51},"end":{"line":448,"column":53}},"line":448},"31":{"name":"(anonymous_31)","decl":{"start":{"line":458,"column":59},"end":{"line":458,"column":60}},"loc":{"start":{"line":459,"column":24},"end":{"line":463,"column":null}},"line":459},"32":{"name":"(anonymous_32)","decl":{"start":{"line":479,"column":21},"end":{"line":479,"column":27}},"loc":{"start":{"line":479,"column":27},"end":{"line":479,"column":null}},"line":479},"33":{"name":"(anonymous_33)","decl":{"start":{"line":480,"column":23},"end":{"line":480,"column":24}},"loc":{"start":{"line":480,"column":33},"end":{"line":480,"column":null}},"line":480}},"branchMap":{"0":{"loc":{"start":{"line":61,"column":24},"end":{"line":61,"column":68}},"type":"if","locations":[{"start":{"line":61,"column":24},"end":{"line":61,"column":68}},{"start":{},"end":{}}],"line":61},"1":{"loc":{"start":{"line":74,"column":15},"end":{"line":74,"column":null}},"type":"cond-expr","locations":[{"start":{"line":74,"column":51},"end":{"line":74,"column":71}},{"start":{"line":74,"column":71},"end":{"line":74,"column":null}}],"line":74},"2":{"loc":{"start":{"line":96,"column":29},"end":{"line":96,"column":null}},"type":"binary-expr","locations":[{"start":{"line":96,"column":29},"end":{"line":96,"column":44}},{"start":{"line":96,"column":44},"end":{"line":96,"column":null}}],"line":96},"3":{"loc":{"start":{"line":113,"column":2},"end":{"line":113,"column":null}},"type":"if","locations":[{"start":{"line":113,"column":2},"end":{"line":113,"column":null}},{"start":{},"end":{}}],"line":113},"4":{"loc":{"start":{"line":113,"column":6},"end":{"line":113,"column":25}},"type":"binary-expr","locations":[{"start":{"line":113,"column":6},"end":{"line":113,"column":18}},{"start":{"line":113,"column":18},"end":{"line":113,"column":25}}],"line":113},"5":{"loc":{"start":{"line":117,"column":13},"end":{"line":117,"column":null}},"type":"binary-expr","locations":[{"start":{"line":117,"column":13},"end":{"line":117,"column":49}},{"start":{"line":117,"column":49},"end":{"line":117,"column":null}}],"line":117},"6":{"loc":{"start":{"line":118,"column":19},"end":{"line":118,"column":null}},"type":"binary-expr","locations":[{"start":{"line":118,"column":19},"end":{"line":118,"column":43}},{"start":{"line":118,"column":43},"end":{"line":118,"column":null}}],"line":118},"7":{"loc":{"start":{"line":140,"column":8},"end":{"line":144,"column":null}},"type":"if","locations":[{"start":{"line":140,"column":8},"end":{"line":144,"column":null}},{"start":{},"end":{}}],"line":140},"8":{"loc":{"start":{"line":148,"column":8},"end":{"line":148,"column":null}},"type":"if","locations":[{"start":{"line":148,"column":8},"end":{"line":148,"column":null}},{"start":{},"end":{}}],"line":148},"9":{"loc":{"start":{"line":159,"column":6},"end":{"line":180,"column":null}},"type":"if","locations":[{"start":{"line":159,"column":6},"end":{"line":180,"column":null}},{"start":{"line":174,"column":13},"end":{"line":180,"column":null}}],"line":159},"10":{"loc":{"start":{"line":164,"column":25},"end":{"line":164,"column":null}},"type":"binary-expr","locations":[{"start":{"line":164,"column":25},"end":{"line":164,"column":53}},{"start":{"line":164,"column":53},"end":{"line":164,"column":null}}],"line":164},"11":{"loc":{"start":{"line":165,"column":25},"end":{"line":165,"column":null}},"type":"binary-expr","locations":[{"start":{"line":165,"column":25},"end":{"line":165,"column":50}},{"start":{"line":165,"column":50},"end":{"line":165,"column":null}}],"line":165},"12":{"loc":{"start":{"line":166,"column":25},"end":{"line":166,"column":null}},"type":"binary-expr","locations":[{"start":{"line":166,"column":25},"end":{"line":166,"column":51}},{"start":{"line":166,"column":51},"end":{"line":166,"column":null}}],"line":166},"13":{"loc":{"start":{"line":167,"column":26},"end":{"line":167,"column":null}},"type":"cond-expr","locations":[{"start":{"line":167,"column":48},"end":{"line":167,"column":53}},{"start":{"line":167,"column":53},"end":{"line":167,"column":null}}],"line":167},"14":{"loc":{"start":{"line":168,"column":26},"end":{"line":168,"column":null}},"type":"cond-expr","locations":[{"start":{"line":168,"column":48},"end":{"line":168,"column":53}},{"start":{"line":168,"column":53},"end":{"line":168,"column":null}}],"line":168},"15":{"loc":{"start":{"line":169,"column":18},"end":{"line":169,"column":37}},"type":"binary-expr","locations":[{"start":{"line":169,"column":18},"end":{"line":169,"column":33}},{"start":{"line":169,"column":33},"end":{"line":169,"column":37}}],"line":169},"16":{"loc":{"start":{"line":170,"column":17},"end":{"line":170,"column":null}},"type":"binary-expr","locations":[{"start":{"line":170,"column":17},"end":{"line":170,"column":32}},{"start":{"line":170,"column":32},"end":{"line":170,"column":null}}],"line":170},"17":{"loc":{"start":{"line":171,"column":25},"end":{"line":171,"column":null}},"type":"binary-expr","locations":[{"start":{"line":171,"column":25},"end":{"line":171,"column":45}},{"start":{"line":171,"column":45},"end":{"line":171,"column":null}}],"line":171},"18":{"loc":{"start":{"line":172,"column":17},"end":{"line":172,"column":null}},"type":"binary-expr","locations":[{"start":{"line":172,"column":17},"end":{"line":172,"column":32}},{"start":{"line":172,"column":32},"end":{"line":172,"column":null}}],"line":172},"19":{"loc":{"start":{"line":176,"column":26},"end":{"line":176,"column":null}},"type":"cond-expr","locations":[{"start":{"line":176,"column":48},"end":{"line":176,"column":53}},{"start":{"line":176,"column":53},"end":{"line":176,"column":null}}],"line":176},"20":{"loc":{"start":{"line":177,"column":26},"end":{"line":177,"column":null}},"type":"cond-expr","locations":[{"start":{"line":177,"column":48},"end":{"line":177,"column":53}},{"start":{"line":177,"column":53},"end":{"line":177,"column":null}}],"line":177},"21":{"loc":{"start":{"line":192,"column":4},"end":{"line":192,"column":null}},"type":"if","locations":[{"start":{"line":192,"column":4},"end":{"line":192,"column":null}},{"start":{},"end":{}}],"line":192},"22":{"loc":{"start":{"line":203,"column":55},"end":{"line":203,"column":69}},"type":"default-arg","locations":[{"start":{"line":203,"column":62},"end":{"line":203,"column":69}}],"line":203},"23":{"loc":{"start":{"line":204,"column":4},"end":{"line":207,"column":null}},"type":"if","locations":[{"start":{"line":204,"column":4},"end":{"line":207,"column":null}},{"start":{},"end":{}}],"line":204},"24":{"loc":{"start":{"line":204,"column":8},"end":{"line":204,"column":57}},"type":"binary-expr","locations":[{"start":{"line":204,"column":8},"end":{"line":204,"column":21}},{"start":{"line":204,"column":21},"end":{"line":204,"column":57}}],"line":204},"25":{"loc":{"start":{"line":210,"column":6},"end":{"line":222,"column":null}},"type":"if","locations":[{"start":{"line":210,"column":6},"end":{"line":222,"column":null}},{"start":{},"end":{}}],"line":210},"26":{"loc":{"start":{"line":214,"column":23},"end":{"line":214,"column":null}},"type":"binary-expr","locations":[{"start":{"line":214,"column":23},"end":{"line":214,"column":51}},{"start":{"line":214,"column":51},"end":{"line":214,"column":null}}],"line":214},"27":{"loc":{"start":{"line":215,"column":23},"end":{"line":215,"column":null}},"type":"binary-expr","locations":[{"start":{"line":215,"column":23},"end":{"line":215,"column":51}},{"start":{"line":215,"column":51},"end":{"line":215,"column":null}}],"line":215},"28":{"loc":{"start":{"line":216,"column":23},"end":{"line":216,"column":null}},"type":"binary-expr","locations":[{"start":{"line":216,"column":23},"end":{"line":216,"column":51}},{"start":{"line":216,"column":51},"end":{"line":216,"column":null}}],"line":216},"29":{"loc":{"start":{"line":217,"column":18},"end":{"line":217,"column":37}},"type":"binary-expr","locations":[{"start":{"line":217,"column":18},"end":{"line":217,"column":33}},{"start":{"line":217,"column":33},"end":{"line":217,"column":37}}],"line":217},"30":{"loc":{"start":{"line":218,"column":17},"end":{"line":218,"column":null}},"type":"binary-expr","locations":[{"start":{"line":218,"column":17},"end":{"line":218,"column":32}},{"start":{"line":218,"column":32},"end":{"line":218,"column":null}}],"line":218},"31":{"loc":{"start":{"line":219,"column":25},"end":{"line":219,"column":null}},"type":"binary-expr","locations":[{"start":{"line":219,"column":25},"end":{"line":219,"column":45}},{"start":{"line":219,"column":45},"end":{"line":219,"column":null}}],"line":219},"32":{"loc":{"start":{"line":220,"column":17},"end":{"line":220,"column":null}},"type":"binary-expr","locations":[{"start":{"line":220,"column":17},"end":{"line":220,"column":32}},{"start":{"line":220,"column":32},"end":{"line":220,"column":null}}],"line":220},"33":{"loc":{"start":{"line":233,"column":4},"end":{"line":233,"column":null}},"type":"if","locations":[{"start":{"line":233,"column":4},"end":{"line":233,"column":null}},{"start":{},"end":{}}],"line":233},"34":{"loc":{"start":{"line":234,"column":4},"end":{"line":236,"column":null}},"type":"if","locations":[{"start":{"line":234,"column":4},"end":{"line":236,"column":null}},{"start":{},"end":{}}],"line":234},"35":{"loc":{"start":{"line":235,"column":13},"end":{"line":235,"column":null}},"type":"binary-expr","locations":[{"start":{"line":235,"column":13},"end":{"line":235,"column":67}},{"start":{"line":235,"column":67},"end":{"line":235,"column":null}}],"line":235},"36":{"loc":{"start":{"line":237,"column":4},"end":{"line":239,"column":null}},"type":"if","locations":[{"start":{"line":237,"column":4},"end":{"line":239,"column":null}},{"start":{},"end":{}}],"line":237},"37":{"loc":{"start":{"line":238,"column":13},"end":{"line":238,"column":null}},"type":"binary-expr","locations":[{"start":{"line":238,"column":13},"end":{"line":238,"column":70}},{"start":{"line":238,"column":70},"end":{"line":238,"column":null}}],"line":238},"38":{"loc":{"start":{"line":246,"column":18},"end":{"line":246,"column":null}},"type":"binary-expr","locations":[{"start":{"line":246,"column":18},"end":{"line":246,"column":41}},{"start":{"line":246,"column":41},"end":{"line":246,"column":null}}],"line":246},"39":{"loc":{"start":{"line":247,"column":4},"end":{"line":247,"column":null}},"type":"if","locations":[{"start":{"line":247,"column":4},"end":{"line":247,"column":null}},{"start":{},"end":{}}],"line":247},"40":{"loc":{"start":{"line":251,"column":17},"end":{"line":251,"column":64}},"type":"binary-expr","locations":[{"start":{"line":251,"column":17},"end":{"line":251,"column":40}},{"start":{"line":251,"column":40},"end":{"line":251,"column":60}},{"start":{"line":251,"column":60},"end":{"line":251,"column":64}}],"line":251},"41":{"loc":{"start":{"line":252,"column":4},"end":{"line":258,"column":null}},"type":"if","locations":[{"start":{"line":252,"column":4},"end":{"line":258,"column":null}},{"start":{},"end":{}}],"line":252},"42":{"loc":{"start":{"line":253,"column":6},"end":{"line":255,"column":null}},"type":"if","locations":[{"start":{"line":253,"column":6},"end":{"line":255,"column":null}},{"start":{},"end":{}}],"line":253},"43":{"loc":{"start":{"line":269,"column":23},"end":{"line":269,"column":null}},"type":"binary-expr","locations":[{"start":{"line":269,"column":23},"end":{"line":269,"column":43}},{"start":{"line":269,"column":43},"end":{"line":269,"column":null}}],"line":269},"44":{"loc":{"start":{"line":270,"column":23},"end":{"line":270,"column":null}},"type":"binary-expr","locations":[{"start":{"line":270,"column":23},"end":{"line":270,"column":75}},{"start":{"line":270,"column":75},"end":{"line":270,"column":null}}],"line":270},"45":{"loc":{"start":{"line":272,"column":2},"end":{"line":278,"column":null}},"type":"if","locations":[{"start":{"line":272,"column":2},"end":{"line":278,"column":null}},{"start":{},"end":{}}],"line":272},"46":{"loc":{"start":{"line":300,"column":90},"end":{"line":300,"column":122}},"type":"binary-expr","locations":[{"start":{"line":300,"column":90},"end":{"line":300,"column":120}},{"start":{"line":300,"column":120},"end":{"line":300,"column":122}}],"line":300},"47":{"loc":{"start":{"line":301,"column":13},"end":{"line":301,"column":null}},"type":"binary-expr","locations":[{"start":{"line":301,"column":13},"end":{"line":301,"column":52}},{"start":{"line":301,"column":52},"end":{"line":301,"column":null}}],"line":301},"48":{"loc":{"start":{"line":307,"column":11},"end":{"line":398,"column":null}},"type":"cond-expr","locations":[{"start":{"line":308,"column":12},"end":{"line":335,"column":null}},{"start":{"line":338,"column":12},"end":{"line":398,"column":null}}],"line":307},"49":{"loc":{"start":{"line":314,"column":19},"end":{"line":314,"column":null}},"type":"binary-expr","locations":[{"start":{"line":314,"column":19},"end":{"line":314,"column":39}},{"start":{"line":314,"column":39},"end":{"line":314,"column":null}}],"line":314},"50":{"loc":{"start":{"line":317,"column":19},"end":{"line":317,"column":65}},"type":"cond-expr","locations":[{"start":{"line":317,"column":42},"end":{"line":317,"column":55}},{"start":{"line":317,"column":55},"end":{"line":317,"column":65}}],"line":317},"51":{"loc":{"start":{"line":317,"column":69},"end":{"line":317,"column":null}},"type":"binary-expr","locations":[{"start":{"line":317,"column":69},"end":{"line":317,"column":91}},{"start":{"line":317,"column":91},"end":{"line":317,"column":null}}],"line":317},"52":{"loc":{"start":{"line":329,"column":19},"end":{"line":329,"column":null}},"type":"cond-expr","locations":[{"start":{"line":329,"column":28},"end":{"line":329,"column":79}},{"start":{"line":329,"column":79},"end":{"line":329,"column":null}}],"line":329},"53":{"loc":{"start":{"line":341,"column":15},"end":{"line":344,"column":null}},"type":"binary-expr","locations":[{"start":{"line":341,"column":15},"end":{"line":341,"column":41}},{"start":{"line":341,"column":41},"end":{"line":341,"column":null}},{"start":{"line":342,"column":16},"end":{"line":344,"column":null}}],"line":341},"54":{"loc":{"start":{"line":347,"column":15},"end":{"line":367,"column":null}},"type":"binary-expr","locations":[{"start":{"line":347,"column":15},"end":{"line":347,"column":null}},{"start":{"line":348,"column":16},"end":{"line":367,"column":null}}],"line":347},"55":{"loc":{"start":{"line":361,"column":27},"end":{"line":361,"column":null}},"type":"binary-expr","locations":[{"start":{"line":361,"column":27},"end":{"line":361,"column":43}},{"start":{"line":361,"column":43},"end":{"line":361,"column":null}}],"line":361},"56":{"loc":{"start":{"line":370,"column":15},"end":{"line":396,"column":null}},"type":"binary-expr","locations":[{"start":{"line":370,"column":15},"end":{"line":370,"column":null}},{"start":{"line":371,"column":16},"end":{"line":396,"column":null}}],"line":370},"57":{"loc":{"start":{"line":378,"column":34},"end":{"line":378,"column":null}},"type":"binary-expr","locations":[{"start":{"line":378,"column":34},"end":{"line":378,"column":42}},{"start":{"line":378,"column":42},"end":{"line":378,"column":null}}],"line":378},"58":{"loc":{"start":{"line":387,"column":26},"end":{"line":389,"column":null}},"type":"cond-expr","locations":[{"start":{"line":387,"column":60},"end":{"line":387,"column":null}},{"start":{"line":388,"column":26},"end":{"line":389,"column":null}}],"line":387},"59":{"loc":{"start":{"line":388,"column":26},"end":{"line":389,"column":null}},"type":"cond-expr","locations":[{"start":{"line":388,"column":60},"end":{"line":388,"column":null}},{"start":{"line":389,"column":59},"end":{"line":389,"column":null}}],"line":388},"60":{"loc":{"start":{"line":391,"column":27},"end":{"line":391,"column":null}},"type":"cond-expr","locations":[{"start":{"line":391,"column":57},"end":{"line":391,"column":67}},{"start":{"line":391,"column":67},"end":{"line":391,"column":null}}],"line":391},"61":{"loc":{"start":{"line":391,"column":67},"end":{"line":391,"column":null}},"type":"cond-expr","locations":[{"start":{"line":391,"column":94},"end":{"line":391,"column":106}},{"start":{"line":391,"column":106},"end":{"line":391,"column":null}}],"line":391},"62":{"loc":{"start":{"line":402,"column":11},"end":{"line":431,"column":null}},"type":"binary-expr","locations":[{"start":{"line":402,"column":11},"end":{"line":402,"column":null}},{"start":{"line":403,"column":12},"end":{"line":431,"column":null}}],"line":402},"63":{"loc":{"start":{"line":406,"column":17},"end":{"line":414,"column":null}},"type":"binary-expr","locations":[{"start":{"line":406,"column":17},"end":{"line":406,"column":null}},{"start":{"line":407,"column":18},"end":{"line":414,"column":null}}],"line":406},"64":{"loc":{"start":{"line":412,"column":21},"end":{"line":412,"column":null}},"type":"cond-expr","locations":[{"start":{"line":412,"column":28},"end":{"line":412,"column":77}},{"start":{"line":412,"column":77},"end":{"line":412,"column":null}}],"line":412},"65":{"loc":{"start":{"line":418,"column":28},"end":{"line":418,"column":null}},"type":"binary-expr","locations":[{"start":{"line":418,"column":28},"end":{"line":418,"column":36}},{"start":{"line":418,"column":36},"end":{"line":418,"column":null}}],"line":418},"66":{"loc":{"start":{"line":425,"column":28},"end":{"line":425,"column":null}},"type":"binary-expr","locations":[{"start":{"line":425,"column":28},"end":{"line":425,"column":36}},{"start":{"line":425,"column":36},"end":{"line":425,"column":null}}],"line":425},"67":{"loc":{"start":{"line":435,"column":11},"end":{"line":441,"column":null}},"type":"binary-expr","locations":[{"start":{"line":435,"column":11},"end":{"line":435,"column":null}},{"start":{"line":436,"column":12},"end":{"line":441,"column":null}}],"line":435},"68":{"loc":{"start":{"line":445,"column":11},"end":{"line":469,"column":null}},"type":"binary-expr","locations":[{"start":{"line":445,"column":11},"end":{"line":445,"column":null}},{"start":{"line":446,"column":12},"end":{"line":469,"column":null}}],"line":445},"69":{"loc":{"start":{"line":451,"column":74},"end":{"line":451,"column":105}},"type":"cond-expr","locations":[{"start":{"line":451,"column":88},"end":{"line":451,"column":103}},{"start":{"line":451,"column":103},"end":{"line":451,"column":105}}],"line":451},"70":{"loc":{"start":{"line":455,"column":17},"end":{"line":466,"column":null}},"type":"binary-expr","locations":[{"start":{"line":455,"column":17},"end":{"line":455,"column":null}},{"start":{"line":456,"column":18},"end":{"line":466,"column":null}}],"line":455},"71":{"loc":{"start":{"line":460,"column":68},"end":{"line":460,"column":112}},"type":"binary-expr","locations":[{"start":{"line":460,"column":68},"end":{"line":460,"column":103}},{"start":{"line":460,"column":103},"end":{"line":460,"column":112}}],"line":460},"72":{"loc":{"start":{"line":462,"column":27},"end":{"line":462,"column":null}},"type":"binary-expr","locations":[{"start":{"line":462,"column":27},"end":{"line":462,"column":37}},{"start":{"line":462,"column":37},"end":{"line":462,"column":null}}],"line":462},"73":{"loc":{"start":{"line":476,"column":9},"end":{"line":481,"column":null}},"type":"binary-expr","locations":[{"start":{"line":476,"column":9},"end":{"line":476,"column":null}},{"start":{"line":477,"column":10},"end":{"line":481,"column":null}}],"line":476}},"s":{"0":2,"1":2,"2":0,"3":0,"4":0,"5":0,"6":0,"7":0,"8":0,"9":0,"10":0,"11":0,"12":0,"13":0,"14":0,"15":0,"16":0,"17":0,"18":0,"19":0,"20":0,"21":0,"22":0,"23":0,"24":0,"25":0,"26":0,"27":0,"28":0,"29":0,"30":0,"31":0,"32":0,"33":0,"34":0,"35":0,"36":0,"37":0,"38":0,"39":0,"40":0,"41":0,"42":0,"43":0,"44":0,"45":0,"46":0,"47":0,"48":0,"49":0,"50":0,"51":0,"52":0,"53":0,"54":0,"55":0,"56":0,"57":0,"58":0,"59":0,"60":0,"61":0,"62":0,"63":0,"64":0,"65":0,"66":0,"67":0,"68":0,"69":0,"70":0,"71":0,"72":0,"73":0,"74":0,"75":0,"76":0,"77":0,"78":0,"79":0,"80":0,"81":0,"82":0,"83":0,"84":0,"85":0,"86":0,"87":0,"88":0,"89":0,"90":0,"91":0,"92":0,"93":0,"94":0,"95":0,"96":0,"97":0,"98":0,"99":0,"100":0,"101":0,"102":0,"103":0,"104":0,"105":0,"106":0,"107":0,"108":0,"109":0,"110":0,"111":0,"112":0,"113":0,"114":0,"115":0,"116":0,"117":0,"118":0,"119":0,"120":0,"121":0},"f":{"0":0,"1":0,"2":0,"3":0,"4":0,"5":0,"6":0,"7":0,"8":0,"9":0,"10":0,"11":0,"12":0,"13":0,"14":0,"15":0,"16":0,"17":0,"18":0,"19":0,"20":0,"21":0,"22":0,"23":0,"24":0,"25":0,"26":0,"27":0,"28":0,"29":0,"30":0,"31":0,"32":0,"33":0},"b":{"0":[0,0],"1":[0,0],"2":[0,0],"3":[0,0],"4":[0,0],"5":[0,0],"6":[0,0],"7":[0,0],"8":[0,0],"9":[0,0],"10":[0,0],"11":[0,0],"12":[0,0],"13":[0,0],"14":[0,0],"15":[0,0],"16":[0,0],"17":[0,0],"18":[0,0],"19":[0,0],"20":[0,0],"21":[0,0],"22":[0],"23":[0,0],"24":[0,0],"25":[0,0],"26":[0,0],"27":[0,0],"28":[0,0],"29":[0,0],"30":[0,0],"31":[0,0],"32":[0,0],"33":[0,0],"34":[0,0],"35":[0,0],"36":[0,0],"37":[0,0],"38":[0,0],"39":[0,0],"40":[0,0,0],"41":[0,0],"42":[0,0],"43":[0,0],"44":[0,0],"45":[0,0],"46":[0,0],"47":[0,0],"48":[0,0],"49":[0,0],"50":[0,0],"51":[0,0],"52":[0,0],"53":[0,0,0],"54":[0,0],"55":[0,0],"56":[0,0],"57":[0,0],"58":[0,0],"59":[0,0],"60":[0,0],"61":[0,0],"62":[0,0],"63":[0,0],"64":[0,0],"65":[0,0],"66":[0,0],"67":[0,0],"68":[0,0],"69":[0,0],"70":[0,0],"71":[0,0],"72":[0,0],"73":[0,0]},"meta":{"lastBranch":74,"lastFunction":34,"lastStatement":122,"seen":{"s:34:21:42:Infinity":0,"s:44:19:50:Infinity":1,"f:53:9:53:23":0,"s:54:22:54:Infinity":2,"s:55:2:105:Infinity":3,"f:61:15:61:16":1,"b:61:24:61:68:undefined:undefined:undefined:undefined":0,"s:61:24:61:68":4,"s:61:58:61:68":5,"f:68:17:68:18":2,"s:68:24:68:Infinity":6,"b:74:51:74:71:74:71:74:Infinity":1,"f:85:22:85:23":3,"s:85:29:85:Infinity":7,"f:96:23:96:29":4,"s:96:29:96:Infinity":8,"b:96:29:96:44:96:44:96:Infinity":2,"f:110:24:110:43":5,"s:111:21:111:Infinity":9,"s:112:18:112:Infinity":10,"b:113:2:113:Infinity:undefined:undefined:undefined:undefined":3,"s:113:2:113:Infinity":11,"b:113:6:113:18:113:18:113:25":4,"s:113:25:113:Infinity":12,"s:115:27:115:Infinity":13,"s:116:20:116:Infinity":14,"s:117:13:117:Infinity":15,"b:117:13:117:49:117:49:117:Infinity":5,"s:118:19:118:Infinity":16,"b:118:19:118:43:118:43:118:Infinity":6,"s:120:30:120:Infinity":17,"s:121:32:121:Infinity":18,"s:122:32:122:Infinity":19,"s:123:28:123:Infinity":20,"s:124:22:124:Infinity":21,"s:125:26:125:Infinity":22,"s:126:32:126:Infinity":23,"s:127:36:127:Infinity":24,"s:130:2:153:Infinity":25,"f:130:12:130:18":6,"s:131:20:131:Infinity":26,"s:132:17:150:Infinity":27,"f:132:17:132:29":7,"s:133:6:133:Infinity":28,"s:134:6:149:Infinity":29,"s:135:32:139:Infinity":30,"b:140:8:144:Infinity:undefined:undefined:undefined:undefined":7,"s:140:8:144:Infinity":31,"s:141:10:141:Infinity":32,"s:142:10:142:Infinity":33,"s:143:10:143:Infinity":34,"s:146:8:146:Infinity":35,"b:148:8:148:Infinity:undefined:undefined:undefined:undefined":8,"s:148:8:148:Infinity":36,"s:148:24:148:Infinity":37,"s:151:4:151:Infinity":38,"s:152:4:152:Infinity":39,"f:152:11:152:17":8,"s:152:19:152:36":40,"s:156:8:188:Infinity":41,"f:156:35:156:42":9,"s:157:4:157:Infinity":42,"s:158:4:187:Infinity":43,"b:159:6:180:Infinity:174:13:180:Infinity":9,"s:159:6:180:Infinity":44,"s:161:8:173:Infinity":45,"b:164:25:164:53:164:53:164:Infinity":10,"b:165:25:165:50:165:50:165:Infinity":11,"b:166:25:166:51:166:51:166:Infinity":12,"b:167:48:167:53:167:53:167:Infinity":13,"b:168:48:168:53:168:53:168:Infinity":14,"b:169:18:169:33:169:33:169:37":15,"f:169:41:169:47":10,"s:169:47:169:90":46,"b:170:17:170:32:170:32:170:Infinity":16,"b:171:25:171:45:171:45:171:Infinity":17,"b:172:17:172:32:172:32:172:Infinity":18,"s:175:8:179:Infinity":47,"b:176:48:176:53:176:53:176:Infinity":19,"b:177:48:177:53:177:53:177:Infinity":20,"s:181:22:181:Infinity":48,"s:182:6:182:Infinity":49,"s:184:6:184:Infinity":50,"s:186:6:186:Infinity":51,"s:191:8:200:Infinity":52,"f:191:37:191:49":11,"b:192:4:192:Infinity:undefined:undefined:undefined:undefined":21,"s:192:4:192:Infinity":53,"s:192:19:192:Infinity":54,"s:193:4:193:Infinity":55,"s:194:4:199:Infinity":56,"s:195:6:195:Infinity":57,"s:196:22:196:Infinity":58,"s:197:6:197:Infinity":59,"s:198:18:198:35":60,"s:199:14:199:29":61,"s:203:8:229:Infinity":62,"f:203:40:203:47":12,"b:203:62:203:69":22,"b:204:4:207:Infinity:undefined:undefined:undefined:undefined":23,"s:204:4:207:Infinity":63,"b:204:8:204:21:204:21:204:57":24,"s:205:6:205:Infinity":64,"s:206:6:206:Infinity":65,"s:208:4:208:Infinity":66,"s:209:4:228:Infinity":67,"b:210:6:222:Infinity:undefined:undefined:undefined:undefined":25,"s:210:6:222:Infinity":68,"s:211:8:221:Infinity":69,"b:214:23:214:51:214:51:214:Infinity":26,"b:215:23:215:51:215:51:215:Infinity":27,"b:216:23:216:51:216:51:216:Infinity":28,"b:217:18:217:33:217:33:217:37":29,"f:217:41:217:47":13,"s:217:47:217:90":70,"b:218:17:218:32:218:32:218:Infinity":30,"b:219:25:219:45:219:45:219:Infinity":31,"b:220:17:220:32:220:32:220:Infinity":32,"s:223:6:223:Infinity":71,"s:224:22:224:Infinity":72,"s:225:6:225:Infinity":73,"s:226:6:226:Infinity":74,"s:227:18:227:35":75,"s:228:14:228:29":76,"s:232:27:241:Infinity":77,"f:232:27:232:33":14,"b:233:4:233:Infinity:undefined:undefined:undefined:undefined":33,"s:233:4:233:Infinity":78,"s:233:19:233:Infinity":79,"b:234:4:236:Infinity:undefined:undefined:undefined:undefined":34,"s:234:4:236:Infinity":80,"s:235:6:235:Infinity":81,"b:235:13:235:67:235:67:235:Infinity":35,"f:235:28:235:33":15,"s:235:33:235:62":82,"b:237:4:239:Infinity:undefined:undefined:undefined:undefined":36,"s:237:4:239:Infinity":83,"s:238:6:238:Infinity":84,"b:238:13:238:70:238:70:238:Infinity":37,"f:238:28:238:33":16,"s:238:33:238:65":85,"s:240:4:240:Infinity":86,"s:243:20:243:Infinity":87,"s:245:24:248:Infinity":88,"f:245:24:245:30":17,"s:246:18:246:Infinity":89,"b:246:18:246:41:246:41:246:Infinity":38,"b:247:4:247:Infinity:undefined:undefined:undefined:undefined":39,"s:247:4:247:Infinity":90,"s:247:15:247:Infinity":91,"s:250:22:259:Infinity":92,"f:250:22:250:28":18,"s:251:8:251:Infinity":93,"b:251:17:251:40:251:40:251:60:251:60:251:64":40,"b:252:4:258:Infinity:undefined:undefined:undefined:undefined":41,"s:252:4:258:Infinity":94,"b:253:6:255:Infinity:undefined:undefined:undefined:undefined":42,"s:253:6:255:Infinity":95,"s:254:8:254:Infinity":96,"s:256:12:256:Infinity":97,"s:257:6:257:Infinity":98,"s:261:22:267:Infinity":99,"f:261:22:261:28":19,"s:262:10:262:Infinity":100,"s:263:4:266:Infinity":101,"f:263:44:263:50":20,"s:264:6:264:Infinity":102,"s:265:6:265:Infinity":103,"f:265:17:265:23":21,"s:265:23:265:41":104,"s:269:23:269:Infinity":105,"b:269:23:269:43:269:43:269:Infinity":43,"s:270:23:270:Infinity":106,"b:270:23:270:75:270:75:270:Infinity":44,"b:272:2:278:Infinity:undefined:undefined:undefined:undefined":45,"s:272:2:278:Infinity":107,"s:273:4:276:Infinity":108,"s:280:2:484:Infinity":109,"b:300:90:300:120:300:120:300:122":46,"b:301:13:301:52:301:52:301:Infinity":47,"b:308:12:335:Infinity:338:12:398:Infinity":48,"b:314:19:314:39:314:39:314:Infinity":49,"b:317:42:317:55:317:55:317:65":50,"b:317:69:317:91:317:91:317:Infinity":51,"b:329:28:329:79:329:79:329:Infinity":52,"b:341:15:341:41:341:41:341:Infinity:342:16:344:Infinity":53,"b:347:15:347:Infinity:348:16:367:Infinity":54,"f:351:35:351:Infinity":22,"s:352:22:364:Infinity":110,"f:354:33:354:39":23,"s:354:39:354:Infinity":111,"b:361:27:361:43:361:43:361:Infinity":55,"b:370:15:370:Infinity:371:16:396:Infinity":56,"f:374:35:374:Infinity":24,"s:375:22:393:Infinity":112,"f:377:33:377:39":25,"s:377:39:377:Infinity":113,"b:378:34:378:42:378:42:378:Infinity":57,"b:387:60:387:Infinity:388:26:389:Infinity":58,"b:388:60:388:Infinity:389:59:389:Infinity":59,"b:391:57:391:67:391:67:391:Infinity":60,"b:391:94:391:106:391:106:391:Infinity":61,"b:402:11:402:Infinity:403:12:431:Infinity":62,"b:406:17:406:Infinity:407:18:414:Infinity":63,"f:408:29:408:35":26,"s:408:35:408:Infinity":114,"b:412:28:412:77:412:77:412:Infinity":64,"f:417:27:417:33":27,"s:417:33:417:Infinity":115,"b:418:28:418:36:418:36:418:Infinity":65,"f:424:27:424:33":28,"s:424:33:424:Infinity":116,"b:425:28:425:36:425:36:425:Infinity":66,"b:435:11:435:Infinity:436:12:441:Infinity":67,"b:445:11:445:Infinity:446:12:469:Infinity":68,"f:448:25:448:31":29,"s:448:31:448:Infinity":117,"f:448:46:448:51":30,"s:448:51:448:53":118,"b:451:88:451:103:451:103:451:105":69,"b:455:17:455:Infinity:456:18:466:Infinity":70,"f:458:59:458:60":31,"s:459:24:463:Infinity":119,"b:460:68:460:103:460:103:460:112":71,"b:462:27:462:37:462:37:462:Infinity":72,"b:476:9:476:Infinity:477:10:481:Infinity":73,"f:479:21:479:27":32,"s:479:27:479:Infinity":120,"f:480:23:480:24":33,"s:480:33:480:Infinity":121},"fnNames":{}}}
,"D:\\PROTOTIPE\\Plantillas Core\\App Ventas\\src\\components\\common\\AlertConfirmContext.jsx": {"path":"D:\\PROTOTIPE\\Plantillas Core\\App Ventas\\src\\components\\common\\AlertConfirmContext.jsx","statementMap":{"0":{"start":{"line":5,"column":6},"end":{"line":5,"column":null}},"1":{"start":{"line":8,"column":34},"end":{"line":17,"column":null}},"2":{"start":{"line":19,"column":8},"end":{"line":32,"column":null}},"3":{"start":{"line":20,"column":4},"end":{"line":31,"column":null}},"4":{"start":{"line":21,"column":6},"end":{"line":30,"column":null}},"5":{"start":{"line":34,"column":8},"end":{"line":53,"column":null}},"6":{"start":{"line":41,"column":4},"end":{"line":52,"column":null}},"7":{"start":{"line":42,"column":6},"end":{"line":51,"column":null}},"8":{"start":{"line":56,"column":2},"end":{"line":58,"column":null}},"9":{"start":{"line":57,"column":4},"end":{"line":57,"column":null}},"10":{"start":{"line":60,"column":22},"end":{"line":64,"column":null}},"11":{"start":{"line":61,"column":24},"end":{"line":61,"column":null}},"12":{"start":{"line":62,"column":4},"end":{"line":62,"column":null}},"13":{"start":{"line":62,"column":29},"end":{"line":62,"column":56}},"14":{"start":{"line":63,"column":4},"end":{"line":63,"column":null}},"15":{"start":{"line":63,"column":17},"end":{"line":63,"column":null}},"16":{"start":{"line":66,"column":24},"end":{"line":103,"column":null}},"17":{"start":{"line":67,"column":22},"end":{"line":67,"column":null}},"18":{"start":{"line":68,"column":4},"end":{"line":102,"column":null}},"19":{"start":{"line":70,"column":8},"end":{"line":75,"column":null}},"20":{"start":{"line":78,"column":8},"end":{"line":83,"column":null}},"21":{"start":{"line":86,"column":8},"end":{"line":91,"column":null}},"22":{"start":{"line":95,"column":8},"end":{"line":100,"column":null}},"23":{"start":{"line":105,"column":2},"end":{"line":139,"column":null}},"24":{"start":{"line":108,"column":63},"end":{"line":108,"column":83}},"25":{"start":{"line":116,"column":31},"end":{"line":116,"column":null}},"26":{"start":{"line":124,"column":29},"end":{"line":124,"column":null}},"27":{"start":{"line":144,"column":8},"end":{"line":144,"column":null}},"28":{"start":{"line":145,"column":2},"end":{"line":145,"column":null}},"29":{"start":{"line":145,"column":16},"end":{"line":145,"column":null}},"30":{"start":{"line":146,"column":2},"end":{"line":146,"column":null}}},"fnMap":{"0":{"name":"AlertConfirmProvider","decl":{"start":{"line":7,"column":16},"end":{"line":7,"column":37}},"loc":{"start":{"line":7,"column":51},"end":{"line":141,"column":null}},"line":7},"1":{"name":"(anonymous_1)","decl":{"start":{"line":19,"column":32},"end":{"line":19,"column":33}},"loc":{"start":{"line":19,"column":117},"end":{"line":32,"column":5}},"line":19},"2":{"name":"(anonymous_2)","decl":{"start":{"line":20,"column":23},"end":{"line":20,"column":24}},"loc":{"start":{"line":20,"column":36},"end":{"line":31,"column":5}},"line":20},"3":{"name":"(anonymous_3)","decl":{"start":{"line":34,"column":34},"end":{"line":34,"column":35}},"loc":{"start":{"line":40,"column":8},"end":{"line":53,"column":5}},"line":40},"4":{"name":"(anonymous_4)","decl":{"start":{"line":41,"column":23},"end":{"line":41,"column":24}},"loc":{"start":{"line":41,"column":36},"end":{"line":52,"column":5}},"line":41},"5":{"name":"(anonymous_5)","decl":{"start":{"line":56,"column":12},"end":{"line":56,"column":18}},"loc":{"start":{"line":56,"column":18},"end":{"line":58,"column":5}},"line":56},"6":{"name":"(anonymous_6)","decl":{"start":{"line":60,"column":22},"end":{"line":60,"column":23}},"loc":{"start":{"line":60,"column":34},"end":{"line":64,"column":null}},"line":60},"7":{"name":"(anonymous_7)","decl":{"start":{"line":62,"column":18},"end":{"line":62,"column":19}},"loc":{"start":{"line":62,"column":29},"end":{"line":62,"column":56}},"line":62},"8":{"name":"(anonymous_8)","decl":{"start":{"line":66,"column":24},"end":{"line":66,"column":30}},"loc":{"start":{"line":66,"column":30},"end":{"line":103,"column":null}},"line":66},"9":{"name":"(anonymous_9)","decl":{"start":{"line":108,"column":57},"end":{"line":108,"column":63}},"loc":{"start":{"line":108,"column":63},"end":{"line":108,"column":83}},"line":108},"10":{"name":"(anonymous_10)","decl":{"start":{"line":116,"column":25},"end":{"line":116,"column":31}},"loc":{"start":{"line":116,"column":31},"end":{"line":116,"column":null}},"line":116},"11":{"name":"(anonymous_11)","decl":{"start":{"line":124,"column":23},"end":{"line":124,"column":29}},"loc":{"start":{"line":124,"column":29},"end":{"line":124,"column":null}},"line":124},"12":{"name":"useAlertConfirm","decl":{"start":{"line":143,"column":16},"end":{"line":143,"column":34}},"loc":{"start":{"line":143,"column":34},"end":{"line":147,"column":null}},"line":143}},"branchMap":{"0":{"loc":{"start":{"line":19,"column":35},"end":{"line":19,"column":55}},"type":"default-arg","locations":[{"start":{"line":19,"column":43},"end":{"line":19,"column":55}}],"line":19},"1":{"loc":{"start":{"line":19,"column":55},"end":{"line":19,"column":69}},"type":"default-arg","locations":[{"start":{"line":19,"column":65},"end":{"line":19,"column":69}}],"line":19},"2":{"loc":{"start":{"line":19,"column":69},"end":{"line":19,"column":87}},"type":"default-arg","locations":[{"start":{"line":19,"column":79},"end":{"line":19,"column":87}}],"line":19},"3":{"loc":{"start":{"line":19,"column":87},"end":{"line":19,"column":111}},"type":"default-arg","locations":[{"start":{"line":19,"column":101},"end":{"line":19,"column":111}}],"line":19},"4":{"loc":{"start":{"line":35,"column":4},"end":{"line":35,"column":null}},"type":"default-arg","locations":[{"start":{"line":35,"column":12},"end":{"line":35,"column":null}}],"line":35},"5":{"loc":{"start":{"line":36,"column":4},"end":{"line":36,"column":null}},"type":"default-arg","locations":[{"start":{"line":36,"column":14},"end":{"line":36,"column":null}}],"line":36},"6":{"loc":{"start":{"line":37,"column":4},"end":{"line":37,"column":null}},"type":"default-arg","locations":[{"start":{"line":37,"column":18},"end":{"line":37,"column":null}}],"line":37},"7":{"loc":{"start":{"line":38,"column":4},"end":{"line":38,"column":null}},"type":"default-arg","locations":[{"start":{"line":38,"column":17},"end":{"line":38,"column":null}}],"line":38},"8":{"loc":{"start":{"line":39,"column":4},"end":{"line":39,"column":null}},"type":"default-arg","locations":[{"start":{"line":39,"column":14},"end":{"line":39,"column":null}}],"line":39},"9":{"loc":{"start":{"line":63,"column":4},"end":{"line":63,"column":null}},"type":"if","locations":[{"start":{"line":63,"column":4},"end":{"line":63,"column":null}},{"start":{},"end":{}}],"line":63},"10":{"loc":{"start":{"line":68,"column":4},"end":{"line":102,"column":null}},"type":"switch","locations":[{"start":{"line":69,"column":6},"end":{"line":75,"column":null}},{"start":{"line":77,"column":6},"end":{"line":83,"column":null}},{"start":{"line":85,"column":6},"end":{"line":91,"column":null}},{"start":{"line":93,"column":6},"end":{"line":93,"column":null}},{"start":{"line":94,"column":6},"end":{"line":100,"column":null}}],"line":68},"11":{"loc":{"start":{"line":114,"column":13},"end":{"line":121,"column":null}},"type":"binary-expr","locations":[{"start":{"line":114,"column":13},"end":{"line":114,"column":null}},{"start":{"line":115,"column":14},"end":{"line":121,"column":null}}],"line":114},"12":{"loc":{"start":{"line":126,"column":16},"end":{"line":130,"column":null}},"type":"cond-expr","locations":[{"start":{"line":127,"column":20},"end":{"line":127,"column":null}},{"start":{"line":128,"column":20},"end":{"line":130,"column":null}}],"line":126},"13":{"loc":{"start":{"line":128,"column":20},"end":{"line":130,"column":null}},"type":"cond-expr","locations":[{"start":{"line":129,"column":22},"end":{"line":129,"column":null}},{"start":{"line":130,"column":22},"end":{"line":130,"column":null}}],"line":128},"14":{"loc":{"start":{"line":145,"column":2},"end":{"line":145,"column":null}},"type":"if","locations":[{"start":{"line":145,"column":2},"end":{"line":145,"column":null}},{"start":{},"end":{}}],"line":145}},"s":{"0":2,"1":0,"2":0,"3":0,"4":0,"5":0,"6":0,"7":0,"8":0,"9":0,"10":0,"11":0,"12":0,"13":0,"14":0,"15":0,"16":0,"17":0,"18":0,"19":0,"20":0,"21":0,"22":0,"23":0,"24":0,"25":0,"26":0,"27":0,"28":0,"29":0,"30":0},"f":{"0":0,"1":0,"2":0,"3":0,"4":0,"5":0,"6":0,"7":0,"8":0,"9":0,"10":0,"11":0,"12":0},"b":{"0":[0],"1":[0],"2":[0],"3":[0],"4":[0],"5":[0],"6":[0],"7":[0],"8":[0],"9":[0,0],"10":[0,0,0,0,0],"11":[0,0],"12":[0,0],"13":[0,0],"14":[0,0]},"meta":{"lastBranch":15,"lastFunction":13,"lastStatement":31,"seen":{"s:5:6:5:Infinity":0,"f:7:16:7:37":0,"s:8:34:17:Infinity":1,"s:19:8:32:Infinity":2,"f:19:32:19:33":1,"b:19:43:19:55":0,"b:19:65:19:69":1,"b:19:79:19:87":2,"b:19:101:19:111":3,"s:20:4:31:Infinity":3,"f:20:23:20:24":2,"s:21:6:30:Infinity":4,"s:34:8:53:Infinity":5,"f:34:34:34:35":3,"b:35:12:35:Infinity":4,"b:36:14:36:Infinity":5,"b:37:18:37:Infinity":6,"b:38:17:38:Infinity":7,"b:39:14:39:Infinity":8,"s:41:4:52:Infinity":6,"f:41:23:41:24":4,"s:42:6:51:Infinity":7,"s:56:2:58:Infinity":8,"f:56:12:56:18":5,"s:57:4:57:Infinity":9,"s:60:22:64:Infinity":10,"f:60:22:60:23":6,"s:61:24:61:Infinity":11,"s:62:4:62:Infinity":12,"f:62:18:62:19":7,"s:62:29:62:56":13,"b:63:4:63:Infinity:undefined:undefined:undefined:undefined":9,"s:63:4:63:Infinity":14,"s:63:17:63:Infinity":15,"s:66:24:103:Infinity":16,"f:66:24:66:30":8,"s:67:22:67:Infinity":17,"b:69:6:75:Infinity:77:6:83:Infinity:85:6:91:Infinity:93:6:93:Infinity:94:6:100:Infinity":10,"s:68:4:102:Infinity":18,"s:70:8:75:Infinity":19,"s:78:8:83:Infinity":20,"s:86:8:91:Infinity":21,"s:95:8:100:Infinity":22,"s:105:2:139:Infinity":23,"f:108:57:108:63":9,"s:108:63:108:83":24,"b:114:13:114:Infinity:115:14:121:Infinity":11,"f:116:25:116:31":10,"s:116:31:116:Infinity":25,"f:124:23:124:29":11,"s:124:29:124:Infinity":26,"b:127:20:127:Infinity:128:20:130:Infinity":12,"b:129:22:129:Infinity:130:22:130:Infinity":13,"f:143:16:143:34":12,"s:144:8:144:Infinity":27,"b:145:2:145:Infinity:undefined:undefined:undefined:undefined":14,"s:145:2:145:Infinity":28,"s:145:16:145:Infinity":29,"s:146:2:146:Infinity":30},"fnNames":{}}}
,"D:\\PROTOTIPE\\Plantillas Core\\App Ventas\\src\\components\\common\\ModalTemplate.jsx": {"path":"D:\\PROTOTIPE\\Plantillas Core\\App Ventas\\src\\components\\common\\ModalTemplate.jsx","statementMap":{"0":{"start":{"line":38,"column":8},"end":{"line":38,"column":null}},"1":{"start":{"line":39,"column":28},"end":{"line":39,"column":null}},"2":{"start":{"line":41,"column":2},"end":{"line":55,"column":null}},"3":{"start":{"line":42,"column":15},"end":{"line":42,"column":null}},"4":{"start":{"line":43,"column":4},"end":{"line":43,"column":null}},"5":{"start":{"line":44,"column":4},"end":{"line":44,"column":null}},"6":{"start":{"line":45,"column":4},"end":{"line":45,"column":null}},"7":{"start":{"line":46,"column":4},"end":{"line":46,"column":null}},"8":{"start":{"line":48,"column":4},"end":{"line":54,"column":null}},"9":{"start":{"line":50,"column":6},"end":{"line":52,"column":null}},"10":{"start":{"line":51,"column":8},"end":{"line":51,"column":null}},"11":{"start":{"line":53,"column":6},"end":{"line":53,"column":null}},"12":{"start":{"line":58,"column":2},"end":{"line":65,"column":null}},"13":{"start":{"line":59,"column":4},"end":{"line":59,"column":null}},"14":{"start":{"line":59,"column":17},"end":{"line":59,"column":null}},"15":{"start":{"line":60,"column":29},"end":{"line":60,"column":null}},"16":{"start":{"line":61,"column":4},"end":{"line":61,"column":null}},"17":{"start":{"line":62,"column":4},"end":{"line":64,"column":null}},"18":{"start":{"line":63,"column":6},"end":{"line":63,"column":null}},"19":{"start":{"line":68,"column":2},"end":{"line":68,"column":null}},"20":{"start":{"line":68,"column":38},"end":{"line":68,"column":null}},"21":{"start":{"line":71,"column":4},"end":{"line":144,"column":null}},"22":{"start":{"line":147,"column":2},"end":{"line":147,"column":null}}},"fnMap":{"0":{"name":"ModalTemplate","decl":{"start":{"line":24,"column":24},"end":{"line":24,"column":38}},"loc":{"start":{"line":33,"column":3},"end":{"line":148,"column":null}},"line":33},"1":{"name":"(anonymous_1)","decl":{"start":{"line":41,"column":12},"end":{"line":41,"column":18}},"loc":{"start":{"line":41,"column":18},"end":{"line":55,"column":5}},"line":41},"2":{"name":"(anonymous_2)","decl":{"start":{"line":48,"column":11},"end":{"line":48,"column":17}},"loc":{"start":{"line":48,"column":17},"end":{"line":54,"column":null}},"line":48},"3":{"name":"(anonymous_3)","decl":{"start":{"line":58,"column":12},"end":{"line":58,"column":18}},"loc":{"start":{"line":58,"column":18},"end":{"line":65,"column":5}},"line":58},"4":{"name":"(anonymous_4)","decl":{"start":{"line":62,"column":11},"end":{"line":62,"column":17}},"loc":{"start":{"line":62,"column":17},"end":{"line":64,"column":null}},"line":62}},"branchMap":{"0":{"loc":{"start":{"line":50,"column":6},"end":{"line":52,"column":null}},"type":"if","locations":[{"start":{"line":50,"column":6},"end":{"line":52,"column":null}},{"start":{},"end":{}}],"line":50},"1":{"loc":{"start":{"line":59,"column":4},"end":{"line":59,"column":null}},"type":"if","locations":[{"start":{"line":59,"column":4},"end":{"line":59,"column":null}},{"start":{},"end":{}}],"line":59},"2":{"loc":{"start":{"line":68,"column":2},"end":{"line":68,"column":null}},"type":"if","locations":[{"start":{"line":68,"column":2},"end":{"line":68,"column":null}},{"start":{},"end":{}}],"line":68},"3":{"loc":{"start":{"line":68,"column":6},"end":{"line":68,"column":38}},"type":"binary-expr","locations":[{"start":{"line":68,"column":6},"end":{"line":68,"column":18}},{"start":{"line":68,"column":18},"end":{"line":68,"column":38}}],"line":68},"4":{"loc":{"start":{"line":72,"column":7},"end":{"line":142,"column":null}},"type":"binary-expr","locations":[{"start":{"line":72,"column":7},"end":{"line":72,"column":null}},{"start":{"line":73,"column":8},"end":{"line":142,"column":null}}],"line":72},"5":{"loc":{"start":{"line":95,"column":13},"end":{"line":126,"column":null}},"type":"binary-expr","locations":[{"start":{"line":95,"column":13},"end":{"line":95,"column":null}},{"start":{"line":96,"column":14},"end":{"line":126,"column":null}}],"line":95},"6":{"loc":{"start":{"line":98,"column":19},"end":{"line":105,"column":null}},"type":"binary-expr","locations":[{"start":{"line":98,"column":19},"end":{"line":98,"column":null}},{"start":{"line":99,"column":20},"end":{"line":105,"column":null}}],"line":98},"7":{"loc":{"start":{"line":107,"column":19},"end":{"line":110,"column":null}},"type":"binary-expr","locations":[{"start":{"line":107,"column":19},"end":{"line":107,"column":null}},{"start":{"line":108,"column":20},"end":{"line":110,"column":null}}],"line":107},"8":{"loc":{"start":{"line":114,"column":21},"end":{"line":114,"column":null}},"type":"binary-expr","locations":[{"start":{"line":114,"column":21},"end":{"line":114,"column":33}},{"start":{"line":114,"column":33},"end":{"line":114,"column":null}}],"line":114},"9":{"loc":{"start":{"line":135,"column":13},"end":{"line":138,"column":null}},"type":"binary-expr","locations":[{"start":{"line":135,"column":13},"end":{"line":135,"column":null}},{"start":{"line":136,"column":14},"end":{"line":138,"column":null}}],"line":135}},"s":{"0":0,"1":0,"2":0,"3":0,"4":0,"5":0,"6":0,"7":0,"8":0,"9":0,"10":0,"11":0,"12":0,"13":0,"14":0,"15":0,"16":0,"17":0,"18":0,"19":0,"20":0,"21":0,"22":0},"f":{"0":0,"1":0,"2":0,"3":0,"4":0},"b":{"0":[0,0],"1":[0,0],"2":[0,0],"3":[0,0],"4":[0,0],"5":[0,0],"6":[0,0],"7":[0,0],"8":[0,0],"9":[0,0]},"meta":{"lastBranch":10,"lastFunction":5,"lastStatement":23,"seen":{"f:24:24:24:38":0,"s:38:8:38:Infinity":0,"s:39:28:39:Infinity":1,"s:41:2:55:Infinity":2,"f:41:12:41:18":1,"s:42:15:42:Infinity":3,"s:43:4:43:Infinity":4,"s:44:4:44:Infinity":5,"s:45:4:45:Infinity":6,"s:46:4:46:Infinity":7,"s:48:4:54:Infinity":8,"f:48:11:48:17":2,"b:50:6:52:Infinity:undefined:undefined:undefined:undefined":0,"s:50:6:52:Infinity":9,"s:51:8:51:Infinity":10,"s:53:6:53:Infinity":11,"s:58:2:65:Infinity":12,"f:58:12:58:18":3,"b:59:4:59:Infinity:undefined:undefined:undefined:undefined":1,"s:59:4:59:Infinity":13,"s:59:17:59:Infinity":14,"s:60:29:60:Infinity":15,"s:61:4:61:Infinity":16,"s:62:4:64:Infinity":17,"f:62:11:62:17":4,"s:63:6:63:Infinity":18,"b:68:2:68:Infinity:undefined:undefined:undefined:undefined":2,"s:68:2:68:Infinity":19,"b:68:6:68:18:68:18:68:38":3,"s:68:38:68:Infinity":20,"s:71:4:144:Infinity":21,"b:72:7:72:Infinity:73:8:142:Infinity":4,"b:95:13:95:Infinity:96:14:126:Infinity":5,"b:98:19:98:Infinity:99:20:105:Infinity":6,"b:107:19:107:Infinity:108:20:110:Infinity":7,"b:114:21:114:33:114:33:114:Infinity":8,"b:135:13:135:Infinity:136:14:138:Infinity":9,"s:147:2:147:Infinity":22},"fnNames":{}}}
,"D:\\PROTOTIPE\\Plantillas Core\\App Ventas\\src\\components\\ui\\LeafletMapPicker.jsx": {"path":"D:\\PROTOTIPE\\Plantillas Core\\App Ventas\\src\\components\\ui\\LeafletMapPicker.jsx","statementMap":{"0":{"start":{"line":14,"column":8},"end":{"line":14,"column":null}},"1":{"start":{"line":15,"column":8},"end":{"line":15,"column":null}},"2":{"start":{"line":16,"column":8},"end":{"line":16,"column":null}},"3":{"start":{"line":17,"column":40},"end":{"line":17,"column":null}},"4":{"start":{"line":18,"column":36},"end":{"line":18,"column":null}},"5":{"start":{"line":19,"column":32},"end":{"line":19,"column":null}},"6":{"start":{"line":20,"column":38},"end":{"line":20,"column":null}},"7":{"start":{"line":23,"column":24},"end":{"line":23,"column":null}},"8":{"start":{"line":24,"column":23},"end":{"line":24,"column":null}},"9":{"start":{"line":27,"column":2},"end":{"line":42,"column":null}},"10":{"start":{"line":28,"column":4},"end":{"line":31,"column":null}},"11":{"start":{"line":29,"column":6},"end":{"line":29,"column":null}},"12":{"start":{"line":30,"column":6},"end":{"line":30,"column":null}},"13":{"start":{"line":33,"column":17},"end":{"line":33,"column":null}},"14":{"start":{"line":34,"column":4},"end":{"line":34,"column":null}},"15":{"start":{"line":35,"column":4},"end":{"line":35,"column":null}},"16":{"start":{"line":36,"column":4},"end":{"line":36,"column":null}},"17":{"start":{"line":38,"column":19},"end":{"line":38,"column":null}},"18":{"start":{"line":39,"column":4},"end":{"line":39,"column":null}},"19":{"start":{"line":40,"column":4},"end":{"line":40,"column":null}},"20":{"start":{"line":40,"column":26},"end":{"line":40,"column":null}},"21":{"start":{"line":41,"column":4},"end":{"line":41,"column":null}},"22":{"start":{"line":45,"column":2},"end":{"line":109,"column":null}},"23":{"start":{"line":46,"column":4},"end":{"line":46,"column":null}},"24":{"start":{"line":46,"column":49},"end":{"line":46,"column":null}},"25":{"start":{"line":49,"column":4},"end":{"line":52,"column":null}},"26":{"start":{"line":50,"column":6},"end":{"line":50,"column":null}},"27":{"start":{"line":51,"column":6},"end":{"line":51,"column":null}},"28":{"start":{"line":54,"column":14},"end":{"line":54,"column":null}},"29":{"start":{"line":57,"column":4},"end":{"line":57,"column":null}},"30":{"start":{"line":58,"column":4},"end":{"line":62,"column":null}},"31":{"start":{"line":65,"column":16},"end":{"line":68,"column":null}},"32":{"start":{"line":69,"column":4},"end":{"line":69,"column":null}},"33":{"start":{"line":72,"column":4},"end":{"line":74,"column":null}},"34":{"start":{"line":77,"column":19},"end":{"line":79,"column":null}},"35":{"start":{"line":80,"column":4},"end":{"line":80,"column":null}},"36":{"start":{"line":83,"column":4},"end":{"line":85,"column":null}},"37":{"start":{"line":84,"column":6},"end":{"line":84,"column":null}},"38":{"start":{"line":88,"column":4},"end":{"line":101,"column":null}},"39":{"start":{"line":90,"column":6},"end":{"line":93,"column":null}},"40":{"start":{"line":91,"column":25},"end":{"line":91,"column":null}},"41":{"start":{"line":92,"column":8},"end":{"line":92,"column":null}},"42":{"start":{"line":96,"column":6},"end":{"line":100,"column":null}},"43":{"start":{"line":97,"column":29},"end":{"line":97,"column":null}},"44":{"start":{"line":98,"column":8},"end":{"line":98,"column":null}},"45":{"start":{"line":99,"column":8},"end":{"line":99,"column":null}},"46":{"start":{"line":103,"column":4},"end":{"line":108,"column":null}},"47":{"start":{"line":104,"column":6},"end":{"line":107,"column":null}},"48":{"start":{"line":105,"column":8},"end":{"line":105,"column":null}},"49":{"start":{"line":106,"column":8},"end":{"line":106,"column":null}},"50":{"start":{"line":112,"column":2},"end":{"line":118,"column":null}},"51":{"start":{"line":113,"column":4},"end":{"line":117,"column":null}},"52":{"start":{"line":114,"column":27},"end":{"line":114,"column":null}},"53":{"start":{"line":115,"column":6},"end":{"line":115,"column":null}},"54":{"start":{"line":116,"column":6},"end":{"line":116,"column":null}},"55":{"start":{"line":121,"column":31},"end":{"line":162,"column":null}},"56":{"start":{"line":122,"column":4},"end":{"line":161,"column":null}},"57":{"start":{"line":123,"column":23},"end":{"line":126,"column":null}},"58":{"start":{"line":127,"column":6},"end":{"line":127,"column":null}},"59":{"start":{"line":127,"column":24},"end":{"line":127,"column":null}},"60":{"start":{"line":128,"column":19},"end":{"line":128,"column":null}},"61":{"start":{"line":129,"column":19},"end":{"line":129,"column":null}},"62":{"start":{"line":131,"column":19},"end":{"line":131,"column":null}},"63":{"start":{"line":132,"column":16},"end":{"line":132,"column":null}},"64":{"start":{"line":133,"column":25},"end":{"line":133,"column":null}},"65":{"start":{"line":134,"column":6},"end":{"line":138,"column":null}},"66":{"start":{"line":135,"column":8},"end":{"line":135,"column":null}},"67":{"start":{"line":136,"column":6},"end":{"line":138,"column":null}},"68":{"start":{"line":137,"column":8},"end":{"line":137,"column":null}},"69":{"start":{"line":140,"column":19},"end":{"line":140,"column":null}},"70":{"start":{"line":141,"column":27},"end":{"line":141,"column":null}},"71":{"start":{"line":143,"column":6},"end":{"line":150,"column":null}},"72":{"start":{"line":144,"column":8},"end":{"line":149,"column":null}},"73":{"start":{"line":152,"column":6},"end":{"line":152,"column":null}},"74":{"start":{"line":153,"column":6},"end":{"line":160,"column":null}},"75":{"start":{"line":154,"column":8},"end":{"line":159,"column":null}},"76":{"start":{"line":165,"column":23},"end":{"line":243,"column":null}},"77":{"start":{"line":166,"column":4},"end":{"line":166,"column":null}},"78":{"start":{"line":166,"column":11},"end":{"line":166,"column":null}},"79":{"start":{"line":167,"column":4},"end":{"line":167,"column":null}},"80":{"start":{"line":167,"column":29},"end":{"line":167,"column":null}},"81":{"start":{"line":169,"column":4},"end":{"line":169,"column":null}},"82":{"start":{"line":170,"column":4},"end":{"line":170,"column":null}},"83":{"start":{"line":172,"column":4},"end":{"line":242,"column":null}},"84":{"start":{"line":173,"column":20},"end":{"line":173,"column":null}},"85":{"start":{"line":174,"column":23},"end":{"line":177,"column":null}},"86":{"start":{"line":178,"column":6},"end":{"line":180,"column":null}},"87":{"start":{"line":179,"column":8},"end":{"line":179,"column":null}},"88":{"start":{"line":182,"column":6},"end":{"line":202,"column":null}},"89":{"start":{"line":183,"column":22},"end":{"line":183,"column":null}},"90":{"start":{"line":184,"column":8},"end":{"line":201,"column":null}},"91":{"start":{"line":184,"column":21},"end":{"line":184,"column":39}},"92":{"start":{"line":185,"column":32},"end":{"line":185,"column":null}},"93":{"start":{"line":186,"column":10},"end":{"line":200,"column":null}},"94":{"start":{"line":187,"column":31},"end":{"line":190,"column":null}},"95":{"start":{"line":191,"column":12},"end":{"line":197,"column":null}},"96":{"start":{"line":192,"column":32},"end":{"line":192,"column":null}},"97":{"start":{"line":193,"column":14},"end":{"line":196,"column":null}},"98":{"start":{"line":194,"column":16},"end":{"line":194,"column":null}},"99":{"start":{"line":195,"column":16},"end":{"line":195,"column":null}},"100":{"start":{"line":199,"column":12},"end":{"line":199,"column":null}},"101":{"start":{"line":204,"column":6},"end":{"line":236,"column":null}},"102":{"start":{"line":205,"column":44},"end":{"line":205,"column":null}},"103":{"start":{"line":206,"column":25},"end":{"line":206,"column":null}},"104":{"start":{"line":207,"column":26},"end":{"line":207,"column":null}},"105":{"start":{"line":209,"column":8},"end":{"line":212,"column":null}},"106":{"start":{"line":210,"column":10},"end":{"line":210,"column":null}},"107":{"start":{"line":211,"column":10},"end":{"line":211,"column":null}},"108":{"start":{"line":214,"column":21},"end":{"line":214,"column":null}},"109":{"start":{"line":215,"column":18},"end":{"line":215,"column":null}},"110":{"start":{"line":216,"column":27},"end":{"line":216,"column":null}},"111":{"start":{"line":217,"column":8},"end":{"line":221,"column":null}},"112":{"start":{"line":218,"column":10},"end":{"line":218,"column":null}},"113":{"start":{"line":219,"column":8},"end":{"line":221,"column":null}},"114":{"start":{"line":220,"column":10},"end":{"line":220,"column":null}},"115":{"start":{"line":223,"column":21},"end":{"line":223,"column":null}},"116":{"start":{"line":224,"column":29},"end":{"line":224,"column":null}},"117":{"start":{"line":226,"column":8},"end":{"line":233,"column":null}},"118":{"start":{"line":227,"column":10},"end":{"line":232,"column":null}},"119":{"start":{"line":235,"column":8},"end":{"line":235,"column":null}},"120":{"start":{"line":238,"column":6},"end":{"line":238,"column":null}},"121":{"start":{"line":239,"column":6},"end":{"line":239,"column":null}},"122":{"start":{"line":241,"column":6},"end":{"line":241,"column":null}},"123":{"start":{"line":246,"column":28},"end":{"line":267,"column":null}},"124":{"start":{"line":247,"column":4},"end":{"line":247,"column":null}},"125":{"start":{"line":248,"column":4},"end":{"line":251,"column":null}},"126":{"start":{"line":249,"column":6},"end":{"line":249,"column":null}},"127":{"start":{"line":250,"column":6},"end":{"line":250,"column":null}},"128":{"start":{"line":253,"column":4},"end":{"line":266,"column":null}},"129":{"start":{"line":255,"column":40},"end":{"line":255,"column":null}},"130":{"start":{"line":256,"column":8},"end":{"line":259,"column":null}},"131":{"start":{"line":257,"column":10},"end":{"line":257,"column":null}},"132":{"start":{"line":258,"column":10},"end":{"line":258,"column":null}},"133":{"start":{"line":260,"column":8},"end":{"line":260,"column":null}},"134":{"start":{"line":263,"column":8},"end":{"line":263,"column":null}},"135":{"start":{"line":264,"column":8},"end":{"line":264,"column":null}},"136":{"start":{"line":269,"column":2},"end":{"line":332,"column":null}},"137":{"start":{"line":279,"column":31},"end":{"line":279,"column":null}},"138":{"start":{"line":281,"column":16},"end":{"line":284,"column":null}},"139":{"start":{"line":282,"column":18},"end":{"line":282,"column":null}},"140":{"start":{"line":283,"column":18},"end":{"line":283,"column":null}}},"fnMap":{"0":{"name":"LeafletMapPicker","decl":{"start":{"line":8,"column":24},"end":{"line":8,"column":41}},"loc":{"start":{"line":13,"column":3},"end":{"line":334,"column":null}},"line":13},"1":{"name":"(anonymous_1)","decl":{"start":{"line":27,"column":12},"end":{"line":27,"column":18}},"loc":{"start":{"line":27,"column":18},"end":{"line":42,"column":5}},"line":27},"2":{"name":"(anonymous_2)","decl":{"start":{"line":40,"column":20},"end":{"line":40,"column":26}},"loc":{"start":{"line":40,"column":26},"end":{"line":40,"column":null}},"line":40},"3":{"name":"(anonymous_3)","decl":{"start":{"line":45,"column":12},"end":{"line":45,"column":18}},"loc":{"start":{"line":45,"column":18},"end":{"line":109,"column":5}},"line":45},"4":{"name":"(anonymous_4)","decl":{"start":{"line":90,"column":27},"end":{"line":90,"column":33}},"loc":{"start":{"line":90,"column":33},"end":{"line":93,"column":7}},"line":90},"5":{"name":"(anonymous_5)","decl":{"start":{"line":96,"column":22},"end":{"line":96,"column":23}},"loc":{"start":{"line":96,"column":29},"end":{"line":100,"column":7}},"line":96},"6":{"name":"(anonymous_6)","decl":{"start":{"line":103,"column":11},"end":{"line":103,"column":17}},"loc":{"start":{"line":103,"column":17},"end":{"line":108,"column":null}},"line":103},"7":{"name":"(anonymous_7)","decl":{"start":{"line":112,"column":12},"end":{"line":112,"column":18}},"loc":{"start":{"line":112,"column":18},"end":{"line":118,"column":5}},"line":112},"8":{"name":"(anonymous_8)","decl":{"start":{"line":121,"column":31},"end":{"line":121,"column":38}},"loc":{"start":{"line":121,"column":51},"end":{"line":162,"column":null}},"line":121},"9":{"name":"(anonymous_9)","decl":{"start":{"line":165,"column":23},"end":{"line":165,"column":30}},"loc":{"start":{"line":165,"column":36},"end":{"line":243,"column":null}},"line":165},"10":{"name":"(anonymous_10)","decl":{"start":{"line":246,"column":28},"end":{"line":246,"column":29}},"loc":{"start":{"line":246,"column":35},"end":{"line":267,"column":null}},"line":246},"11":{"name":"(anonymous_11)","decl":{"start":{"line":254,"column":6},"end":{"line":254,"column":7}},"loc":{"start":{"line":254,"column":20},"end":{"line":261,"column":null}},"line":254},"12":{"name":"(anonymous_12)","decl":{"start":{"line":262,"column":6},"end":{"line":262,"column":7}},"loc":{"start":{"line":262,"column":17},"end":{"line":265,"column":null}},"line":262},"13":{"name":"(anonymous_13)","decl":{"start":{"line":279,"column":24},"end":{"line":279,"column":25}},"loc":{"start":{"line":279,"column":31},"end":{"line":279,"column":null}},"line":279},"14":{"name":"(anonymous_14)","decl":{"start":{"line":280,"column":25},"end":{"line":280,"column":26}},"loc":{"start":{"line":280,"column":32},"end":{"line":285,"column":null}},"line":280}},"branchMap":{"0":{"loc":{"start":{"line":12,"column":2},"end":{"line":12,"column":null}},"type":"default-arg","locations":[{"start":{"line":12,"column":13},"end":{"line":12,"column":null}}],"line":12},"1":{"loc":{"start":{"line":24,"column":23},"end":{"line":24,"column":null}},"type":"cond-expr","locations":[{"start":{"line":24,"column":60},"end":{"line":24,"column":69}},{"start":{"line":24,"column":69},"end":{"line":24,"column":null}}],"line":24},"2":{"loc":{"start":{"line":24,"column":23},"end":{"line":24,"column":60}},"type":"binary-expr","locations":[{"start":{"line":24,"column":23},"end":{"line":24,"column":33}},{"start":{"line":24,"column":33},"end":{"line":24,"column":47}},{"start":{"line":24,"column":47},"end":{"line":24,"column":60}}],"line":24},"3":{"loc":{"start":{"line":28,"column":4},"end":{"line":31,"column":null}},"type":"if","locations":[{"start":{"line":28,"column":4},"end":{"line":31,"column":null}},{"start":{},"end":{}}],"line":28},"4":{"loc":{"start":{"line":46,"column":4},"end":{"line":46,"column":null}},"type":"if","locations":[{"start":{"line":46,"column":4},"end":{"line":46,"column":null}},{"start":{},"end":{}}],"line":46},"5":{"loc":{"start":{"line":46,"column":8},"end":{"line":46,"column":49}},"type":"binary-expr","locations":[{"start":{"line":46,"column":8},"end":{"line":46,"column":26}},{"start":{"line":46,"column":26},"end":{"line":46,"column":49}}],"line":46},"6":{"loc":{"start":{"line":49,"column":4},"end":{"line":52,"column":null}},"type":"if","locations":[{"start":{"line":49,"column":4},"end":{"line":52,"column":null}},{"start":{},"end":{}}],"line":49},"7":{"loc":{"start":{"line":83,"column":4},"end":{"line":85,"column":null}},"type":"if","locations":[{"start":{"line":83,"column":4},"end":{"line":85,"column":null}},{"start":{},"end":{}}],"line":83},"8":{"loc":{"start":{"line":83,"column":8},"end":{"line":83,"column":29}},"type":"binary-expr","locations":[{"start":{"line":83,"column":8},"end":{"line":83,"column":20}},{"start":{"line":83,"column":20},"end":{"line":83,"column":29}}],"line":83},"9":{"loc":{"start":{"line":88,"column":4},"end":{"line":101,"column":null}},"type":"if","locations":[{"start":{"line":88,"column":4},"end":{"line":101,"column":null}},{"start":{},"end":{}}],"line":88},"10":{"loc":{"start":{"line":104,"column":6},"end":{"line":107,"column":null}},"type":"if","locations":[{"start":{"line":104,"column":6},"end":{"line":107,"column":null}},{"start":{},"end":{}}],"line":104},"11":{"loc":{"start":{"line":113,"column":4},"end":{"line":117,"column":null}},"type":"if","locations":[{"start":{"line":113,"column":4},"end":{"line":117,"column":null}},{"start":{},"end":{}}],"line":113},"12":{"loc":{"start":{"line":113,"column":8},"end":{"line":113,"column":83}},"type":"binary-expr","locations":[{"start":{"line":113,"column":8},"end":{"line":113,"column":26}},{"start":{"line":113,"column":26},"end":{"line":113,"column":47}},{"start":{"line":113,"column":47},"end":{"line":113,"column":57}},{"start":{"line":113,"column":57},"end":{"line":113,"column":71}},{"start":{"line":113,"column":71},"end":{"line":113,"column":83}}],"line":113},"13":{"loc":{"start":{"line":127,"column":6},"end":{"line":127,"column":null}},"type":"if","locations":[{"start":{"line":127,"column":6},"end":{"line":127,"column":null}},{"start":{},"end":{}}],"line":127},"14":{"loc":{"start":{"line":129,"column":19},"end":{"line":129,"column":null}},"type":"binary-expr","locations":[{"start":{"line":129,"column":19},"end":{"line":129,"column":35}},{"start":{"line":129,"column":35},"end":{"line":129,"column":null}}],"line":129},"15":{"loc":{"start":{"line":131,"column":19},"end":{"line":131,"column":null}},"type":"binary-expr","locations":[{"start":{"line":131,"column":19},"end":{"line":131,"column":32}},{"start":{"line":131,"column":32},"end":{"line":131,"column":51}},{"start":{"line":131,"column":51},"end":{"line":131,"column":64}},{"start":{"line":131,"column":64},"end":{"line":131,"column":79}},{"start":{"line":131,"column":79},"end":{"line":131,"column":101}},{"start":{"line":131,"column":101},"end":{"line":131,"column":null}}],"line":131},"16":{"loc":{"start":{"line":132,"column":16},"end":{"line":132,"column":null}},"type":"binary-expr","locations":[{"start":{"line":132,"column":16},"end":{"line":132,"column":37}},{"start":{"line":132,"column":37},"end":{"line":132,"column":null}}],"line":132},"17":{"loc":{"start":{"line":134,"column":6},"end":{"line":138,"column":null}},"type":"if","locations":[{"start":{"line":134,"column":6},"end":{"line":138,"column":null}},{"start":{"line":136,"column":6},"end":{"line":138,"column":null}}],"line":134},"18":{"loc":{"start":{"line":134,"column":10},"end":{"line":134,"column":25}},"type":"binary-expr","locations":[{"start":{"line":134,"column":10},"end":{"line":134,"column":20}},{"start":{"line":134,"column":20},"end":{"line":134,"column":25}}],"line":134},"19":{"loc":{"start":{"line":136,"column":6},"end":{"line":138,"column":null}},"type":"if","locations":[{"start":{"line":136,"column":6},"end":{"line":138,"column":null}},{"start":{},"end":{}}],"line":136},"20":{"loc":{"start":{"line":137,"column":23},"end":{"line":137,"column":null}},"type":"binary-expr","locations":[{"start":{"line":137,"column":23},"end":{"line":137,"column":39}},{"start":{"line":137,"column":39},"end":{"line":137,"column":52}},{"start":{"line":137,"column":52},"end":{"line":137,"column":69}},{"start":{"line":137,"column":69},"end":{"line":137,"column":105}},{"start":{"line":137,"column":105},"end":{"line":137,"column":null}}],"line":137},"21":{"loc":{"start":{"line":140,"column":19},"end":{"line":140,"column":null}},"type":"binary-expr","locations":[{"start":{"line":140,"column":19},"end":{"line":140,"column":32}},{"start":{"line":140,"column":32},"end":{"line":140,"column":45}},{"start":{"line":140,"column":45},"end":{"line":140,"column":61}},{"start":{"line":140,"column":61},"end":{"line":140,"column":82}},{"start":{"line":140,"column":82},"end":{"line":140,"column":null}}],"line":140},"22":{"loc":{"start":{"line":141,"column":27},"end":{"line":141,"column":null}},"type":"binary-expr","locations":[{"start":{"line":141,"column":27},"end":{"line":141,"column":49}},{"start":{"line":141,"column":49},"end":{"line":141,"column":64}},{"start":{"line":141,"column":64},"end":{"line":141,"column":80}},{"start":{"line":141,"column":80},"end":{"line":141,"column":null}}],"line":141},"23":{"loc":{"start":{"line":143,"column":6},"end":{"line":150,"column":null}},"type":"if","locations":[{"start":{"line":143,"column":6},"end":{"line":150,"column":null}},{"start":{},"end":{}}],"line":143},"24":{"loc":{"start":{"line":153,"column":6},"end":{"line":160,"column":null}},"type":"if","locations":[{"start":{"line":153,"column":6},"end":{"line":160,"column":null}
[...]
mn":37},"end":{"line":24,"column":41}},"loc":{"start":{"line":24,"column":45},"end":{"line":31,"column":5}},"line":24}},"branchMap":{"0":{"loc":{"start":{"line":7,"column":2},"end":{"line":7,"column":27}},"type":"if","locations":[{"start":{"line":7,"column":2},"end":{"line":7,"column":27}},{"start":{},"end":{}}],"line":7},"1":{"loc":{"start":{"line":10,"column":2},"end":{"line":20,"column":3}},"type":"if","locations":[{"start":{"line":10,"column":2},"end":{"line":20,"column":3}},{"start":{},"end":{}}],"line":10},"2":{"loc":{"start":{"line":10,"column":6},"end":{"line":10,"column":64}},"type":"binary-expr","locations":[{"start":{"line":10,"column":6},"end":{"line":10,"column":23}},{"start":{"line":10,"column":27},"end":{"line":10,"column":64}}],"line":10},"3":{"loc":{"start":{"line":12,"column":17},"end":{"line":12,"column":34}},"type":"binary-expr","locations":[{"start":{"line":12,"column":17},"end":{"line":12,"column":27}},{"start":{"line":12,"column":31},"end":{"line":12,"column":34}}],"line":12},"4":{"loc":{"start":{"line":15,"column":26},"end":{"line":15,"column":59}},"type":"binary-expr","locations":[{"start":{"line":15,"column":26},"end":{"line":15,"column":50}},{"start":{"line":15,"column":54},"end":{"line":15,"column":59}}],"line":15},"5":{"loc":{"start":{"line":16,"column":19},"end":{"line":16,"column":42}},"type":"binary-expr","locations":[{"start":{"line":16,"column":19},"end":{"line":16,"column":36}},{"start":{"line":16,"column":40},"end":{"line":16,"column":42}}],"line":16},"6":{"loc":{"start":{"line":17,"column":26},"end":{"line":17,"column":97}},"type":"cond-expr","locations":[{"start":{"line":17,"column":68},"end":{"line":17,"column":92}},{"start":{"line":17,"column":95},"end":{"line":17,"column":97}}],"line":17},"7":{"loc":{"start":{"line":23,"column":2},"end":{"line":32,"column":3}},"type":"if","locations":[{"start":{"line":23,"column":2},"end":{"line":32,"column":3}},{"start":{},"end":{}}],"line":23},"8":{"loc":{"start":{"line":27,"column":26},"end":{"line":27,"column":47}},"type":"binary-expr","locations":[{"start":{"line":27,"column":26},"end":{"line":27,"column":38}},{"start":{"line":27,"column":42},"end":{"line":27,"column":47}}],"line":27},"9":{"loc":{"start":{"line":28,"column":19},"end":{"line":28,"column":44}},"type":"binary-expr","locations":[{"start":{"line":28,"column":19},"end":{"line":28,"column":33}},{"start":{"line":28,"column":37},"end":{"line":28,"column":44}}],"line":28},"10":{"loc":{"start":{"line":29,"column":26},"end":{"line":29,"column":91}},"type":"cond-expr","locations":[{"start":{"line":29,"column":65},"end":{"line":29,"column":86}},{"start":{"line":29,"column":89},"end":{"line":29,"column":91}}],"line":29}},"s":{"0":2,"1":0,"2":2,"3":2,"4":16,"5":16,"6":0,"7":0,"8":0,"9":0},"f":{"0":2,"1":16,"2":0},"b":{"0":[0,2],"1":[2,0],"2":[2,2],"3":[16,0],"4":[16,0],"5":[16,16],"6":[16,0],"7":[0,0],"8":[0,0],"9":[0,0],"10":[0,0]},"meta":{"lastBranch":11,"lastFunction":3,"lastStatement":10,"seen":{"f:6:16:6:37":0,"b:7:2:7:27:undefined:undefined:undefined:undefined":0,"s:7:2:7:27":0,"s:7:17:7:27":1,"b:10:2:20:3:undefined:undefined:undefined:undefined":1,"s:10:2:20:3":2,"b:10:6:10:23:10:27:10:64":2,"s:11:4:19:7":3,"f:11:49:11:50":1,"s:12:17:12:34":4,"b:12:17:12:27:12:31:12:34":3,"s:13:6:18:8":5,"b:15:26:15:50:15:54:15:59":4,"b:16:19:16:36:16:40:16:42":5,"b:17:68:17:92:17:95:17:97":6,"b:23:2:32:3:undefined:undefined:undefined:undefined":7,"s:23:2:32:3":6,"s:24:4:31:7":7,"f:24:37:24:41":2,"s:25:6:30:8":8,"b:27:26:27:38:27:42:27:47":8,"b:28:19:28:33:28:37:28:44":9,"b:29:65:29:86:29:89:29:91":10,"s:34:2:34:12":9},"fnNames":{}}}
,"D:\\PROTOTIPE\\Plantillas Core\\App Ventas\\src\\utils\\formatters.js": {"path":"D:\\PROTOTIPE\\Plantillas Core\\App Ventas\\src\\utils\\formatters.js","statementMap":{"0":{"start":{"line":11,"column":2},"end":{"line":11,"column":45}},"1":{"start":{"line":11,"column":34},"end":{"line":11,"column":45}},"2":{"start":{"line":12,"column":2},"end":{"line":17,"column":19}},"3":{"start":{"line":26,"column":2},"end":{"line":26,"column":23}},"4":{"start":{"line":26,"column":13},"end":{"line":26,"column":23}},"5":{"start":{"line":28,"column":2},"end":{"line":36,"column":3}},"6":{"start":{"line":29,"column":4},"end":{"line":29,"column":21}},"7":{"start":{"line":30,"column":9},"end":{"line":36,"column":3}},"8":{"start":{"line":31,"column":4},"end":{"line":31,"column":12}},"9":{"start":{"line":32,"column":9},"end":{"line":36,"column":3}},"10":{"start":{"line":33,"column":4},"end":{"line":33,"column":85}},"11":{"start":{"line":35,"column":4},"end":{"line":35,"column":22}},"12":{"start":{"line":38,"column":2},"end":{"line":38,"column":36}},"13":{"start":{"line":38,"column":26},"end":{"line":38,"column":36}},"14":{"start":{"line":40,"column":2},"end":{"line":44,"column":4}},"15":{"start":{"line":53,"column":2},"end":{"line":53,"column":23}},"16":{"start":{"line":53,"column":13},"end":{"line":53,"column":23}},"17":{"start":{"line":55,"column":2},"end":{"line":63,"column":3}},"18":{"start":{"line":56,"column":4},"end":{"line":56,"column":21}},"19":{"start":{"line":57,"column":9},"end":{"line":63,"column":3}},"20":{"start":{"line":58,"column":4},"end":{"line":58,"column":12}},"21":{"start":{"line":59,"column":9},"end":{"line":63,"column":3}},"22":{"start":{"line":60,"column":4},"end":{"line":60,"column":85}},"23":{"start":{"line":62,"column":4},"end":{"line":62,"column":22}},"24":{"start":{"line":65,"column":2},"end":{"line":65,"column":36}},"25":{"start":{"line":65,"column":26},"end":{"line":65,"column":36}},"26":{"start":{"line":67,"column":2},"end":{"line":71,"column":4}},"27":{"start":{"line":81,"column":2},"end":{"line":81,"column":22}},"28":{"start":{"line":81,"column":13},"end":{"line":81,"column":22}},"29":{"start":{"line":82,"column":2},"end":{"line":82,"column":74}}},"fnMap":{"0":{"name":"formatCurrency","decl":{"start":{"line":10,"column":16},"end":{"line":10,"column":30}},"loc":{"start":{"line":10,"column":39},"end":{"line":18,"column":1}},"line":10},"1":{"name":"formatDate","decl":{"start":{"line":25,"column":16},"end":{"line":25,"column":26}},"loc":{"start":{"line":25,"column":33},"end":{"line":45,"column":1}},"line":25},"2":{"name":"formatTime","decl":{"start":{"line":52,"column":16},"end":{"line":52,"column":26}},"loc":{"start":{"line":52,"column":33},"end":{"line":72,"column":1}},"line":52},"3":{"name":"truncate","decl":{"start":{"line":80,"column":16},"end":{"line":80,"column":24}},"loc":{"start":{"line":80,"column":47},"end":{"line":83,"column":1}},"line":80}},"branchMap":{"0":{"loc":{"start":{"line":11,"column":2},"end":{"line":11,"column":45}},"type":"if","locations":[{"start":{"line":11,"column":2},"end":{"line":11,"column":45}},{"start":{},"end":{}}],"line":11},"1":{"loc":{"start":{"line":26,"column":2},"end":{"line":26,"column":23}},"type":"if","locations":[{"start":{"line":26,"column":2},"end":{"line":26,"column":23}},{"start":{},"end":{}}],"line":26},"2":{"loc":{"start":{"line":28,"column":2},"end":{"line":36,"column":3}},"type":"if","locations":[{"start":{"line":28,"column":2},"end":{"line":36,"column":3}},{"start":{"line":30,"column":9},"end":{"line":36,"column":3}}],"line":28},"3":{"loc":{"start":{"line":28,"column":6},"end":{"line":28,"column":54}},"type":"binary-expr","locations":[{"start":{"line":28,"column":6},"end":{"line":28,"column":17}},{"start":{"line":28,"column":21},"end":{"line":28,"column":54}}],"line":28},"4":{"loc":{"start":{"line":30,"column":9},"end":{"line":36,"column":3}},"type":"if","locations":[{"start":{"line":30,"column":9},"end":{"line":36,"column":3}},{"start":{"line":32,"column":9},"end":{"line":36,"column":3}}],"line":30},"5":{"loc":{"start":{"line":32,"column":9},"end":{"line":36,"column":3}},"type":"if","locations":[{"start":{"line":32,"column":9},"end":{"line":36,"column":3}},{"start":{"line":34,"column":9},"end":{"line":36,"column":3}}],"line":32},"6":{"loc":{"start":{"line":32,"column":13},"end":{"line":32,"column":67}},"type":"binary-expr","locations":[{"start":{"line":32,"column":13},"end":{"line":32,"column":37}},{"start":{"line":32,"column":41},"end":{"line":32,"column":67}}],"line":32},"7":{"loc":{"start":{"line":33,"column":51},"end":{"line":33,"column":72}},"type":"binary-expr","locations":[{"start":{"line":33,"column":51},"end":{"line":33,"column":67}},{"start":{"line":33,"column":71},"end":{"line":33,"column":72}}],"line":33},"8":{"loc":{"start":{"line":38,"column":2},"end":{"line":38,"column":36}},"type":"if","locations":[{"start":{"line":38,"column":2},"end":{"line":38,"column":36}},{"start":{},"end":{}}],"line":38},"9":{"loc":{"start":{"line":53,"column":2},"end":{"line":53,"column":23}},"type":"if","locations":[{"start":{"line":53,"column":2},"end":{"line":53,"column":23}},{"start":{},"end":{}}],"line":53},"10":{"loc":{"start":{"line":55,"column":2},"end":{"line":63,"column":3}},"type":"if","locations":[{"start":{"line":55,"column":2},"end":{"line":63,"column":3}},{"start":{"line":57,"column":9},"end":{"line":63,"column":3}}],"line":55},"11":{"loc":{"start":{"line":55,"column":6},"end":{"line":55,"column":54}},"type":"binary-expr","locations":[{"start":{"line":55,"column":6},"end":{"line":55,"column":17}},{"start":{"line":55,"column":21},"end":{"line":55,"column":54}}],"line":55},"12":{"loc":{"start":{"line":57,"column":9},"end":{"line":63,"column":3}},"type":"if","locations":[{"start":{"line":57,"column":9},"end":{"line":63,"column":3}},{"start":{"line":59,"column":9},"end":{"line":63,"column":3}}],"line":57},"13":{"loc":{"start":{"line":59,"column":9},"end":{"line":63,"column":3}},"type":"if","locations":[{"start":{"line":59,"column":9},"end":{"line":63,"column":3}},{"start":{"line":61,"column":9},"end":{"line":63,"column":3}}],"line":59},"14":{"loc":{"start":{"line":59,"column":13},"end":{"line":59,"column":67}},"type":"binary-expr","locations":[{"start":{"line":59,"column":13},"end":{"line":59,"column":37}},{"start":{"line":59,"column":41},"end":{"line":59,"column":67}}],"line":59},"15":{"loc":{"start":{"line":60,"column":51},"end":{"line":60,"column":72}},"type":"binary-expr","locations":[{"start":{"line":60,"column":51},"end":{"line":60,"column":67}},{"start":{"line":60,"column":71},"end":{"line":60,"column":72}}],"line":60},"16":{"loc":{"start":{"line":65,"column":2},"end":{"line":65,"column":36}},"type":"if","locations":[{"start":{"line":65,"column":2},"end":{"line":65,"column":36}},{"start":{},"end":{}}],"line":65},"17":{"loc":{"start":{"line":80,"column":31},"end":{"line":80,"column":45}},"type":"default-arg","locations":[{"start":{"line":80,"column":43},"end":{"line":80,"column":45}}],"line":80},"18":{"loc":{"start":{"line":81,"column":2},"end":{"line":81,"column":22}},"type":"if","locations":[{"start":{"line":81,"column":2},"end":{"line":81,"column":22}},{"start":{},"end":{}}],"line":81},"19":{"loc":{"start":{"line":82,"column":9},"end":{"line":82,"column":74}},"type":"cond-expr","locations":[{"start":{"line":82,"column":35},"end":{"line":82,"column":67}},{"start":{"line":82,"column":70},"end":{"line":82,"column":74}}],"line":82}},"s":{"0":0,"1":0,"2":0,"3":0,"4":0,"5":0,"6":0,"7":0,"8":0,"9":0,"10":0,"11":0,"12":0,"13":0,"14":0,"15":0,"16":0,"17":0,"18":0,"19":0,"20":0,"21":0,"22":0,"23":0,"24":0,"25":0,"26":0,"27":0,"28":0,"29":0},"f":{"0":0,"1":0,"2":0,"3":0},"b":{"0":[0,0],"1":[0,0],"2":[0,0],"3":[0,0],"4":[0,0],"5":[0,0],"6":[0,0],"7":[0,0],"8":[0,0],"9":[0,0],"10":[0,0],"11":[0,0],"12":[0,0],"13":[0,0],"14":[0,0],"15":[0,0],"16":[0,0],"17":[0],"18":[0,0],"19":[0,0]},"meta":{"lastBranch":20,"lastFunction":4,"lastStatement":30,"seen":{"f:10:16:10:30":0,"b:11:2:11:45:undefined:undefined:undefined:undefined":0,"s:11:2:11:45":0,"s:11:34:11:45":1,"s:12:2:17:19":2,"f:25:16:25:26":1,"b:26:2:26:23:undefined:undefined:undefined:undefined":1,"s:26:2:26:23":3,"s:26:13:26:23":4,"b:28:2:36:3:30:9:36:3":2,"s:28:2:36:3":5,"b:28:6:28:17:28:21:28:54":3,"s:29:4:29:21":6,"b:30:9:36:3:32:9:36:3":4,"s:30:9:36:3":7,"s:31:4:31:12":8,"b:32:9:36:3:34:9:36:3":5,"s:32:9:36:3":9,"b:32:13:32:37:32:41:32:67":6,"s:33:4:33:85":10,"b:33:51:33:67:33:71:33:72":7,"s:35:4:35:22":11,"b:38:2:38:36:undefined:undefined:undefined:undefined":8,"s:38:2:38:36":12,"s:38:26:38:36":13,"s:40:2:44:4":14,"f:52:16:52:26":2,"b:53:2:53:23:undefined:undefined:undefined:undefined":9,"s:53:2:53:23":15,"s:53:13:53:23":16,"b:55:2:63:3:57:9:63:3":10,"s:55:2:63:3":17,"b:55:6:55:17:55:21:55:54":11,"s:56:4:56:21":18,"b:57:9:63:3:59:9:63:3":12,"s:57:9:63:3":19,"s:58:4:58:12":20,"b:59:9:63:3:61:9:63:3":13,"s:59:9:63:3":21,"b:59:13:59:37:59:41:59:67":14,"s:60:4:60:85":22,"b:60:51:60:67:60:71:60:72":15,"s:62:4:62:22":23,"b:65:2:65:36:undefined:undefined:undefined:undefined":16,"s:65:2:65:36":24,"s:65:26:65:36":25,"s:67:2:71:4":26,"f:80:16:80:24":3,"b:80:43:80:45":17,"b:81:2:81:22:undefined:undefined:undefined:undefined":18,"s:81:2:81:22":27,"s:81:13:81:22":28,"s:82:2:82:74":29,"b:82:35:82:67:82:70:82:74":19},"fnNames":{}}}
,"D:\\PROTOTIPE\\Plantillas Core\\App Ventas\\src\\utils\\imageCompression.js": {"path":"D:\\PROTOTIPE\\Plantillas Core\\App Ventas\\src\\utils\\imageCompression.js","statementMap":{"0":{"start":{"line":20,"column":2},"end":{"line":75,"column":4}},"1":{"start":{"line":22,"column":4},"end":{"line":24,"column":5}},"2":{"start":{"line":23,"column":6},"end":{"line":23,"column":26}},"3":{"start":{"line":26,"column":19},"end":{"line":26,"column":35}},"4":{"start":{"line":27,"column":4},"end":{"line":27,"column":30}},"5":{"start":{"line":28,"column":4},"end":{"line":73,"column":5}},"6":{"start":{"line":29,"column":18},"end":{"line":29,"column":29}},"7":{"start":{"line":30,"column":6},"end":{"line":30,"column":35}},"8":{"start":{"line":31,"column":6},"end":{"line":71,"column":7}},"9":{"start":{"line":32,"column":23},"end":{"line":32,"column":55}},"10":{"start":{"line":33,"column":20},"end":{"line":33,"column":29}},"11":{"start":{"line":34,"column":21},"end":{"line":34,"column":31}},"12":{"start":{"line":37,"column":8},"end":{"line":47,"column":9}},"13":{"start":{"line":38,"column":10},"end":{"line":41,"column":11}},"14":{"start":{"line":39,"column":12},"end":{"line":39,"column":60}},"15":{"start":{"line":40,"column":12},"end":{"line":40,"column":28}},"16":{"start":{"line":43,"column":10},"end":{"line":46,"column":11}},"17":{"start":{"line":44,"column":12},"end":{"line":44,"column":60}},"18":{"start":{"line":45,"column":12},"end":{"line":45,"column":30}},"19":{"start":{"line":49,"column":8},"end":{"line":49,"column":28}},"20":{"start":{"line":50,"column":8},"end":{"line":50,"column":30}},"21":{"start":{"line":52,"column":20},"end":{"line":52,"column":43}},"22":{"start":{"line":53,"column":8},"end":{"line":53,"column":47}},"23":{"start":{"line":56,"column":8},"end":{"line":70,"column":10}},"24":{"start":{"line":58,"column":12},"end":{"line":66,"column":13}},"25":{"start":{"line":59,"column":37},"end":{"line":59,"column":100}},"26":{"start":{"line":62,"column":31},"end":{"line":62,"column":97}},"27":{"start":{"line":63,"column":14},"end":{"line":63,"column":31}},"28":{"start":{"line":65,"column":14},"end":{"line":65,"column":27}},"29":{"start":{"line":72,"column":6},"end":{"line":72,"column":40}},"30":{"start":{"line":72,"column":29},"end":{"line":72,"column":40}},"31":{"start":{"line":74,"column":4},"end":{"line":74,"column":41}},"32":{"start":{"line":74,"column":30},"end":{"line":74,"column":41}}},"fnMap":{"0":{"name":"compressImage","decl":{"start":{"line":19,"column":16},"end":{"line":19,"column":29}},"loc":{"start":{"line":19,"column":85},"end":{"line":76,"column":1}},"line":19},"1":{"name":"(anonymous_1)","decl":{"start":{"line":20,"column":21},"end":{"line":20,"column":22}},"loc":{"start":{"line":20,"column":42},"end":{"line":75,"column":3}},"line":20},"2":{"name":"(anonymous_2)","decl":{"start":{"line":28,"column":20},"end":{"line":28,"column":21}},"loc":{"start":{"line":28,"column":31},"end":{"line":73,"column":5}},"line":28},"3":{"name":"(anonymous_3)","decl":{"start":{"line":31,"column":19},"end":{"line":31,"column":20}},"loc":{"start":{"line":31,"column":25},"end":{"line":71,"column":7}},"line":31},"4":{"name":"(anonymous_4)","decl":{"start":{"line":57,"column":10},"end":{"line":57,"column":11}},"loc":{"start":{"line":57,"column":20},"end":{"line":67,"column":11}},"line":57},"5":{"name":"(anonymous_5)","decl":{"start":{"line":72,"column":20},"end":{"line":72,"column":21}},"loc":{"start":{"line":72,"column":29},"end":{"line":72,"column":40}},"line":72},"6":{"name":"(anonymous_6)","decl":{"start":{"line":74,"column":21},"end":{"line":74,"column":22}},"loc":{"start":{"line":74,"column":30},"end":{"line":74,"column":41}},"line":74}},"branchMap":{"0":{"loc":{"start":{"line":19,"column":36},"end":{"line":19,"column":50}},"type":"default-arg","locations":[{"start":{"line":19,"column":47},"end":{"line":19,"column":50}}],"line":19},"1":{"loc":{"start":{"line":19,"column":52},"end":{"line":19,"column":67}},"type":"default-arg","locations":[{"start":{"line":19,"column":64},"end":{"line":19,"column":67}}],"line":19},"2":{"loc":{"start":{"line":19,"column":69},"end":{"line":19,"column":83}},"type":"default-arg","locations":[{"start":{"line":19,"column":79},"end":{"line":19,"column":83}}],"line":19},"3":{"loc":{"start":{"line":22,"column":4},"end":{"line":24,"column":5}},"type":"if","locations":[{"start":{"line":22,"column":4},"end":{"line":24,"column":5}},{"start":{},"end":{}}],"line":22},"4":{"loc":{"start":{"line":37,"column":8},"end":{"line":47,"column":9}},"type":"if","locations":[{"start":{"line":37,"column":8},"end":{"line":47,"column":9}},{"start":{"line":42,"column":15},"end":{"line":47,"column":9}}],"line":37},"5":{"loc":{"start":{"line":38,"column":10},"end":{"line":41,"column":11}},"type":"if","locations":[{"start":{"line":38,"column":10},"end":{"line":41,"column":11}},{"start":{},"end":{}}],"line":38},"6":{"loc":{"start":{"line":43,"column":10},"end":{"line":46,"column":11}},"type":"if","locations":[{"start":{"line":43,"column":10},"end":{"line":46,"column":11}},{"start":{},"end":{}}],"line":43},"7":{"loc":{"start":{"line":58,"column":12},"end":{"line":66,"column":13}},"type":"if","locations":[{"start":{"line":58,"column":12},"end":{"line":66,"column":13}},{"start":{"line":64,"column":19},"end":{"line":66,"column":13}}],"line":58},"8":{"loc":{"start":{"line":59,"column":37},"end":{"line":59,"column":100}},"type":"binary-expr","locations":[{"start":{"line":59,"column":37},"end":{"line":59,"column":87}},{"start":{"line":59,"column":91},"end":{"line":59,"column":100}}],"line":59}},"s":{"0":0,"1":0,"2":0,"3":0,"4":0,"5":0,"6":0,"7":0,"8":0,"9":0,"10":0,"11":0,"12":0,"13":0,"14":0,"15":0,"16":0,"17":0,"18":0,"19":0,"20":0,"21":0,"22":0,"23":0,"24":0,"25":0,"26":0,"27":0,"28":0,"29":0,"30":0,"31":0,"32":0},"f":{"0":0,"1":0,"2":0,"3":0,"4":0,"5":0,"6":0},"b":{"0":[0],"1":[0],"2":[0],"3":[0,0],"4":[0,0],"5":[0,0],"6":[0,0],"7":[0,0],"8":[0,0]},"meta":{"lastBranch":9,"lastFunction":7,"lastStatement":33,"seen":{"f:19:16:19:29":0,"b:19:47:19:50":0,"b:19:64:19:67":1,"b:19:79:19:83":2,"s:20:2:75:4":0,"f:20:21:20:22":1,"b:22:4:24:5:undefined:undefined:undefined:undefined":3,"s:22:4:24:5":1,"s:23:6:23:26":2,"s:26:19:26:35":3,"s:27:4:27:30":4,"s:28:4:73:5":5,"f:28:20:28:21":2,"s:29:18:29:29":6,"s:30:6:30:35":7,"s:31:6:71:7":8,"f:31:19:31:20":3,"s:32:23:32:55":9,"s:33:20:33:29":10,"s:34:21:34:31":11,"b:37:8:47:9:42:15:47:9":4,"s:37:8:47:9":12,"b:38:10:41:11:undefined:undefined:undefined:undefined":5,"s:38:10:41:11":13,"s:39:12:39:60":14,"s:40:12:40:28":15,"b:43:10:46:11:undefined:undefined:undefined:undefined":6,"s:43:10:46:11":16,"s:44:12:44:60":17,"s:45:12:45:30":18,"s:49:8:49:28":19,"s:50:8:50:30":20,"s:52:20:52:43":21,"s:53:8:53:47":22,"s:56:8:70:10":23,"f:57:10:57:11":4,"b:58:12:66:13:64:19:66:13":7,"s:58:12:66:13":24,"s:59:37:59:100":25,"b:59:37:59:87:59:91:59:100":8,"s:62:31:62:97":26,"s:63:14:63:31":27,"s:65:14:65:27":28,"s:72:6:72:40":29,"f:72:20:72:21":5,"s:72:29:72:40":30,"s:74:4:74:41":31,"f:74:21:74:22":6,"s:74:30:74:41":32},"fnNames":{}}}
}
